{"/home/azureuser/hms-enterprise-grade/frontend/hms-frontend/src/App.tsx": {"path":"/home/azureuser/hms-enterprise-grade/frontend/hms-frontend/src/App.tsx","statementMap":{"0":{"start":{"line":1,"column":0},"end":{"line":1,"column":38}},"1":{"start":{"line":2,"column":0},"end":{"line":2,"column":52}},"2":{"start":{"line":3,"column":0},"end":{"line":3,"column":62}},"3":{"start":{"line":4,"column":0},"end":{"line":4,"column":80}},"4":{"start":{"line":5,"column":0},"end":{"line":5,"column":73}},"5":{"start":{"line":6,"column":0},"end":{"line":6,"column":53}},"6":{"start":{"line":7,"column":0},"end":{"line":7,"column":42}},"7":{"start":{"line":9,"column":18},"end":{"line":9,"column":57}},"8":{"start":{"line":9,"column":28},"end":{"line":9,"column":56}},"9":{"start":{"line":10,"column":22},"end":{"line":10,"column":65}},"10":{"start":{"line":10,"column":32},"end":{"line":10,"column":64}},"11":{"start":{"line":11,"column":21},"end":{"line":11,"column":63}},"12":{"start":{"line":11,"column":31},"end":{"line":11,"column":62}},"13":{"start":{"line":12,"column":25},"end":{"line":12,"column":71}},"14":{"start":{"line":12,"column":35},"end":{"line":12,"column":70}},"15":{"start":{"line":13,"column":17},"end":{"line":13,"column":64}},"16":{"start":{"line":13,"column":27},"end":{"line":13,"column":63}},"17":{"start":{"line":14,"column":19},"end":{"line":14,"column":59}},"18":{"start":{"line":14,"column":29},"end":{"line":14,"column":58}},"19":{"start":{"line":15,"column":26},"end":{"line":15,"column":73}},"20":{"start":{"line":15,"column":36},"end":{"line":15,"column":72}},"21":{"start":{"line":16,"column":22},"end":{"line":16,"column":65}},"22":{"start":{"line":16,"column":32},"end":{"line":16,"column":64}},"23":{"start":{"line":17,"column":22},"end":{"line":17,"column":65}},"24":{"start":{"line":17,"column":32},"end":{"line":17,"column":64}},"25":{"start":{"line":18,"column":21},"end":{"line":18,"column":63}},"26":{"start":{"line":18,"column":31},"end":{"line":18,"column":62}},"27":{"start":{"line":19,"column":20},"end":{"line":19,"column":61}},"28":{"start":{"line":19,"column":30},"end":{"line":19,"column":60}},"29":{"start":{"line":20,"column":18},"end":{"line":20,"column":57}},"30":{"start":{"line":20,"column":28},"end":{"line":20,"column":56}},"31":{"start":{"line":21,"column":21},"end":{"line":21,"column":63}},"32":{"start":{"line":21,"column":31},"end":{"line":21,"column":62}},"33":{"start":{"line":22,"column":25},"end":{"line":22,"column":71}},"34":{"start":{"line":22,"column":35},"end":{"line":22,"column":70}},"35":{"start":{"line":23,"column":23},"end":{"line":23,"column":67}},"36":{"start":{"line":23,"column":33},"end":{"line":23,"column":66}},"37":{"start":{"line":25,"column":20},"end":{"line":25,"column":37}},"38":{"start":{"line":28,"column":16},"end":{"line":28,"column":51}},"39":{"start":{"line":29,"column":2},"end":{"line":29,"column":54}},"40":{"start":{"line":29,"column":14},"end":{"line":29,"column":54}},"41":{"start":{"line":30,"column":2},"end":{"line":30,"column":25}},"42":{"start":{"line":34,"column":27},"end":{"line":34,"column":36}},"43":{"start":{"line":36,"column":4},"end":{"line":36,"column":67}},"44":{"start":{"line":37,"column":18},"end":{"line":37,"column":46}},"45":{"start":{"line":38,"column":2},"end":{"line":147,"column":4}},"46":{"start":{"line":151,"column":2},"end":{"line":330,"column":4}},"47":{"start":{"line":333,"column":0},"end":{"line":333,"column":19}}},"fnMap":{"0":{"name":"(anonymous_10)","decl":{"start":{"line":9,"column":23},"end":{"line":9,"column":26}},"loc":{"start":{"line":9,"column":28},"end":{"line":9,"column":56}}},"1":{"name":"(anonymous_11)","decl":{"start":{"line":9,"column":28},"end":{"line":9,"column":36}},"loc":{"start":{"line":9,"column":28},"end":{"line":9,"column":56}}},"2":{"name":"(anonymous_12)","decl":{"start":{"line":10,"column":27},"end":{"line":10,"column":30}},"loc":{"start":{"line":10,"column":32},"end":{"line":10,"column":64}}},"3":{"name":"(anonymous_13)","decl":{"start":{"line":10,"column":32},"end":{"line":10,"column":40}},"loc":{"start":{"line":10,"column":32},"end":{"line":10,"column":64}}},"4":{"name":"(anonymous_14)","decl":{"start":{"line":11,"column":26},"end":{"line":11,"column":29}},"loc":{"start":{"line":11,"column":31},"end":{"line":11,"column":62}}},"5":{"name":"(anonymous_15)","decl":{"start":{"line":11,"column":31},"end":{"line":11,"column":39}},"loc":{"start":{"line":11,"column":31},"end":{"line":11,"column":62}}},"6":{"name":"(anonymous_16)","decl":{"start":{"line":12,"column":30},"end":{"line":12,"column":33}},"loc":{"start":{"line":12,"column":35},"end":{"line":12,"column":70}}},"7":{"name":"(anonymous_17)","decl":{"start":{"line":12,"column":35},"end":{"line":12,"column":43}},"loc":{"start":{"line":12,"column":35},"end":{"line":12,"column":70}}},"8":{"name":"(anonymous_18)","decl":{"start":{"line":13,"column":22},"end":{"line":13,"column":25}},"loc":{"start":{"line":13,"column":27},"end":{"line":13,"column":63}}},"9":{"name":"(anonymous_19)","decl":{"start":{"line":13,"column":27},"end":{"line":13,"column":35}},"loc":{"start":{"line":13,"column":27},"end":{"line":13,"column":63}}},"10":{"name":"(anonymous_20)","decl":{"start":{"line":14,"column":24},"end":{"line":14,"column":27}},"loc":{"start":{"line":14,"column":29},"end":{"line":14,"column":58}}},"11":{"name":"(anonymous_21)","decl":{"start":{"line":14,"column":29},"end":{"line":14,"column":37}},"loc":{"start":{"line":14,"column":29},"end":{"line":14,"column":58}}},"12":{"name":"(anonymous_22)","decl":{"start":{"line":15,"column":31},"end":{"line":15,"column":34}},"loc":{"start":{"line":15,"column":36},"end":{"line":15,"column":72}}},"13":{"name":"(anonymous_23)","decl":{"start":{"line":15,"column":36},"end":{"line":15,"column":44}},"loc":{"start":{"line":15,"column":36},"end":{"line":15,"column":72}}},"14":{"name":"(anonymous_24)","decl":{"start":{"line":16,"column":27},"end":{"line":16,"column":30}},"loc":{"start":{"line":16,"column":32},"end":{"line":16,"column":64}}},"15":{"name":"(anonymous_25)","decl":{"start":{"line":16,"column":32},"end":{"line":16,"column":40}},"loc":{"start":{"line":16,"column":32},"end":{"line":16,"column":64}}},"16":{"name":"(anonymous_26)","decl":{"start":{"line":17,"column":27},"end":{"line":17,"column":30}},"loc":{"start":{"line":17,"column":32},"end":{"line":17,"column":64}}},"17":{"name":"(anonymous_27)","decl":{"start":{"line":17,"column":32},"end":{"line":17,"column":40}},"loc":{"start":{"line":17,"column":32},"end":{"line":17,"column":64}}},"18":{"name":"(anonymous_28)","decl":{"start":{"line":18,"column":26},"end":{"line":18,"column":29}},"loc":{"start":{"line":18,"column":31},"end":{"line":18,"column":62}}},"19":{"name":"(anonymous_29)","decl":{"start":{"line":18,"column":31},"end":{"line":18,"column":39}},"loc":{"start":{"line":18,"column":31},"end":{"line":18,"column":62}}},"20":{"name":"(anonymous_30)","decl":{"start":{"line":19,"column":25},"end":{"line":19,"column":28}},"loc":{"start":{"line":19,"column":30},"end":{"line":19,"column":60}}},"21":{"name":"(anonymous_31)","decl":{"start":{"line":19,"column":30},"end":{"line":19,"column":38}},"loc":{"start":{"line":19,"column":30},"end":{"line":19,"column":60}}},"22":{"name":"(anonymous_32)","decl":{"start":{"line":20,"column":23},"end":{"line":20,"column":26}},"loc":{"start":{"line":20,"column":28},"end":{"line":20,"column":56}}},"23":{"name":"(anonymous_33)","decl":{"start":{"line":20,"column":28},"end":{"line":20,"column":36}},"loc":{"start":{"line":20,"column":28},"end":{"line":20,"column":56}}},"24":{"name":"(anonymous_34)","decl":{"start":{"line":21,"column":26},"end":{"line":21,"column":29}},"loc":{"start":{"line":21,"column":31},"end":{"line":21,"column":62}}},"25":{"name":"(anonymous_35)","decl":{"start":{"line":21,"column":31},"end":{"line":21,"column":39}},"loc":{"start":{"line":21,"column":31},"end":{"line":21,"column":62}}},"26":{"name":"(anonymous_36)","decl":{"start":{"line":22,"column":30},"end":{"line":22,"column":33}},"loc":{"start":{"line":22,"column":35},"end":{"line":22,"column":70}}},"27":{"name":"(anonymous_37)","decl":{"start":{"line":22,"column":35},"end":{"line":22,"column":43}},"loc":{"start":{"line":22,"column":35},"end":{"line":22,"column":70}}},"28":{"name":"(anonymous_38)","decl":{"start":{"line":23,"column":28},"end":{"line":23,"column":31}},"loc":{"start":{"line":23,"column":33},"end":{"line":23,"column":66}}},"29":{"name":"(anonymous_39)","decl":{"start":{"line":23,"column":33},"end":{"line":23,"column":41}},"loc":{"start":{"line":23,"column":33},"end":{"line":23,"column":66}}},"30":{"name":"PrivateRoute","decl":{"start":{"line":27,"column":9},"end":{"line":27,"column":21}},"loc":{"start":{"line":27,"column":59},"end":{"line":31,"column":1}}},"31":{"name":"Shell","decl":{"start":{"line":33,"column":9},"end":{"line":33,"column":14}},"loc":{"start":{"line":33,"column":52},"end":{"line":148,"column":1}}},"32":{"name":"App","decl":{"start":{"line":150,"column":9},"end":{"line":150,"column":12}},"loc":{"start":{"line":150,"column":12},"end":{"line":331,"column":1}}}},"branchMap":{"0":{"loc":{"start":{"line":29,"column":2},"end":{"line":29,"column":54}},"type":"if","locations":[{"start":{"line":29,"column":2},"end":{"line":29,"column":54}}]},"1":{"loc":{"start":{"line":36,"column":4},"end":{"line":36,"column":67}},"type":"binary-expr","locations":[{"start":{"line":36,"column":4},"end":{"line":36,"column":32}},{"start":{"line":36,"column":36},"end":{"line":36,"column":67}}]},"2":{"loc":{"start":{"line":109,"column":15},"end":{"line":115,"column":null}},"type":"binary-expr","locations":[{"start":{"line":109,"column":15},"end":{"line":109,"column":22}},{"start":{"line":110,"column":16},"end":{"line":112,"column":null}}]},"3":{"loc":{"start":{"line":117,"column":15},"end":{"line":123,"column":null}},"type":"binary-expr","locations":[{"start":{"line":117,"column":15},"end":{"line":117,"column":22}},{"start":{"line":118,"column":16},"end":{"line":120,"column":null}}]},"4":{"loc":{"start":{"line":125,"column":15},"end":{"line":131,"column":null}},"type":"binary-expr","locations":[{"start":{"line":125,"column":15},"end":{"line":125,"column":22}},{"start":{"line":126,"column":16},"end":{"line":128,"column":null}}]}},"s":{"0":0,"1":0,"2":0,"3":0,"4":0,"5":0,"6":0,"7":0,"8":0,"9":0,"10":0,"11":0,"12":0,"13":0,"14":0,"15":0,"16":0,"17":0,"18":0,"19":0,"20":0,"21":0,"22":0,"23":0,"24":0,"25":0,"26":0,"27":0,"28":0,"29":0,"30":0,"31":0,"32":0,"33":0,"34":0,"35":0,"36":0,"37":0,"38":0,"39":0,"40":0,"41":0,"42":0,"43":0,"44":0,"45":0,"46":0,"47":0},"f":{"0":0,"1":0,"2":0,"3":0,"4":0,"5":0,"6":0,"7":0,"8":0,"9":0,"10":0,"11":0,"12":0,"13":0,"14":0,"15":0,"16":0,"17":0,"18":0,"19":0,"20":0,"21":0,"22":0,"23":0,"24":0,"25":0,"26":0,"27":0,"28":0,"29":0,"30":0,"31":0,"32":0},"b":{"0":[0],"1":[0,0],"2":[0,0],"3":[0,0],"4":[0,0]}}
,"/home/azureuser/hms-enterprise-grade/frontend/hms-frontend/src/theme.ts": {"path":"/home/azureuser/hms-enterprise-grade/frontend/hms-frontend/src/theme.ts","statementMap":{"0":{"start":{"line":5,"column":0},"end":{"line":5,"column":16}},"1":{"start":{"line":1,"column":0},"end":{"line":1,"column":51}},"2":{"start":{"line":6,"column":17},"end":{"line":6,"column":32}},"3":{"start":{"line":7,"column":2},"end":{"line":98,"column":5}},"4":{"start":{"line":101,"column":0},"end":{"line":101,"column":28}}},"fnMap":{"0":{"name":"getMonoTheme","decl":{"start":{"line":5,"column":16},"end":{"line":5,"column":28}},"loc":{"start":{"line":5,"column":43},"end":{"line":99,"column":1}}}},"branchMap":{"0":{"loc":{"start":{"line":10,"column":23},"end":{"line":10,"column":53}},"type":"cond-expr","locations":[{"start":{"line":10,"column":32},"end":{"line":10,"column":41}},{"start":{"line":10,"column":44},"end":{"line":10,"column":53}}]},"1":{"loc":{"start":{"line":11,"column":25},"end":{"line":11,"column":55}},"type":"cond-expr","locations":[{"start":{"line":11,"column":34},"end":{"line":11,"column":43}},{"start":{"line":11,"column":46},"end":{"line":11,"column":55}}]},"2":{"loc":{"start":{"line":13,"column":17},"end":{"line":13,"column":47}},"type":"cond-expr","locations":[{"start":{"line":13,"column":26},"end":{"line":13,"column":35}},{"start":{"line":13,"column":38},"end":{"line":13,"column":47}}]},"3":{"loc":{"start":{"line":14,"column":15},"end":{"line":14,"column":45}},"type":"cond-expr","locations":[{"start":{"line":14,"column":24},"end":{"line":14,"column":33}},{"start":{"line":14,"column":36},"end":{"line":14,"column":45}}]},"4":{"loc":{"start":{"line":17,"column":17},"end":{"line":17,"column":47}},"type":"cond-expr","locations":[{"start":{"line":17,"column":26},"end":{"line":17,"column":35}},{"start":{"line":17,"column":38},"end":{"line":17,"column":47}}]},"5":{"loc":{"start":{"line":18,"column":19},"end":{"line":18,"column":49}},"type":"cond-expr","locations":[{"start":{"line":18,"column":28},"end":{"line":18,"column":37}},{"start":{"line":18,"column":40},"end":{"line":18,"column":49}}]},"6":{"loc":{"start":{"line":20,"column":15},"end":{"line":20,"column":45}},"type":"cond-expr","locations":[{"start":{"line":20,"column":24},"end":{"line":20,"column":33}},{"start":{"line":20,"column":36},"end":{"line":20,"column":45}}]},"7":{"loc":{"start":{"line":38,"column":29},"end":{"line":38,"column":53}},"type":"cond-expr","locations":[{"start":{"line":38,"column":38},"end":{"line":38,"column":44}},{"start":{"line":38,"column":47},"end":{"line":38,"column":53}}]},"8":{"loc":{"start":{"line":39,"column":19},"end":{"line":39,"column":43}},"type":"cond-expr","locations":[{"start":{"line":39,"column":28},"end":{"line":39,"column":34}},{"start":{"line":39,"column":37},"end":{"line":39,"column":43}}]},"9":{"loc":{"start":{"line":55,"column":33},"end":{"line":55,"column":57}},"type":"cond-expr","locations":[{"start":{"line":55,"column":42},"end":{"line":55,"column":48}},{"start":{"line":55,"column":51},"end":{"line":55,"column":57}}]},"10":{"loc":{"start":{"line":71,"column":29},"end":{"line":71,"column":53}},"type":"cond-expr","locations":[{"start":{"line":71,"column":38},"end":{"line":71,"column":44}},{"start":{"line":71,"column":47},"end":{"line":71,"column":53}}]},"11":{"loc":{"start":{"line":72,"column":19},"end":{"line":72,"column":43}},"type":"cond-expr","locations":[{"start":{"line":72,"column":28},"end":{"line":72,"column":34}},{"start":{"line":72,"column":37},"end":{"line":72,"column":43}}]},"12":{"loc":{"start":{"line":73,"column":42},"end":{"line":73,"column":69}},"type":"cond-expr","locations":[{"start":{"line":73,"column":51},"end":{"line":73,"column":60}},{"start":{"line":73,"column":63},"end":{"line":73,"column":69}}]},"13":{"loc":{"start":{"line":76,"column":25},"end":{"line":76,"column":49}},"type":"cond-expr","locations":[{"start":{"line":76,"column":34},"end":{"line":76,"column":40}},{"start":{"line":76,"column":43},"end":{"line":76,"column":49}}]},"14":{"loc":{"start":{"line":77,"column":19},"end":{"line":77,"column":43}},"type":"cond-expr","locations":[{"start":{"line":77,"column":28},"end":{"line":77,"column":34}},{"start":{"line":77,"column":37},"end":{"line":77,"column":43}}]},"15":{"loc":{"start":{"line":79,"column":27},"end":{"line":79,"column":54}},"type":"cond-expr","locations":[{"start":{"line":79,"column":36},"end":{"line":79,"column":45}},{"start":{"line":79,"column":48},"end":{"line":79,"column":54}}]},"16":{"loc":{"start":{"line":80,"column":31},"end":{"line":80,"column":58}},"type":"cond-expr","locations":[{"start":{"line":80,"column":40},"end":{"line":80,"column":46}},{"start":{"line":80,"column":49},"end":{"line":80,"column":58}}]}},"s":{"0":0,"1":0,"2":0,"3":0,"4":0},"f":{"0":0},"b":{"0":[0,0],"1":[0,0],"2":[0,0],"3":[0,0],"4":[0,0],"5":[0,0],"6":[0,0],"7":[0,0],"8":[0,0],"9":[0,0],"10":[0,0],"11":[0,0],"12":[0,0],"13":[0,0],"14":[0,0],"15":[0,0],"16":[0,0]}}
,"/home/azureuser/hms-enterprise-grade/frontend/hms-frontend/src/context/AuthContext.tsx": {"path":"/home/azureuser/hms-enterprise-grade/frontend/hms-frontend/src/context/AuthContext.tsx","statementMap":{"0":{"start":{"line":5,"column":0},"end":{"line":5,"column":16}},"1":{"start":{"line":1,"column":0},"end":{"line":1,"column":44}},"2":{"start":{"line":2,"column":0},"end":{"line":2,"column":26}},"3":{"start":{"line":3,"column":0},"end":{"line":3,"column":49}},"4":{"start":{"line":6,"column":26},"end":{"line":11,"column":17}},"5":{"start":{"line":12,"column":32},"end":{"line":12,"column":46}},"6":{"start":{"line":14,"column":2},"end":{"line":25,"column":9}},"7":{"start":{"line":15,"column":18},"end":{"line":15,"column":53}},"8":{"start":{"line":16,"column":4},"end":{"line":19,"column":5}},"9":{"start":{"line":17,"column":6},"end":{"line":17,"column":24}},"10":{"start":{"line":18,"column":6},"end":{"line":18,"column":13}},"11":{"start":{"line":20,"column":4},"end":{"line":24,"column":40}},"12":{"start":{"line":22,"column":19},"end":{"line":22,"column":34}},"13":{"start":{"line":23,"column":19},"end":{"line":23,"column":32}},"14":{"start":{"line":24,"column":21},"end":{"line":24,"column":38}},"15":{"start":{"line":27,"column":17},"end":{"line":31,"column":3}},"16":{"start":{"line":28,"column":4},"end":{"line":28,"column":43}},"17":{"start":{"line":29,"column":4},"end":{"line":29,"column":44}},"18":{"start":{"line":30,"column":4},"end":{"line":30,"column":36}},"19":{"start":{"line":33,"column":2},"end":{"line":37,"column":4}}},"fnMap":{"0":{"name":"AuthProvider","decl":{"start":{"line":5,"column":16},"end":{"line":5,"column":28}},"loc":{"start":{"line":5,"column":72},"end":{"line":38,"column":1}}},"1":{"name":"(anonymous_2)","decl":{"start":{"line":14,"column":12},"end":{"line":14,"column":15}},"loc":{"start":{"line":14,"column":17},"end":{"line":25,"column":3}}},"2":{"name":"(anonymous_3)","decl":{"start":{"line":22,"column":12},"end":{"line":22,"column":13}},"loc":{"start":{"line":22,"column":19},"end":{"line":22,"column":34}}},"3":{"name":"(anonymous_4)","decl":{"start":{"line":23,"column":13},"end":{"line":23,"column":16}},"loc":{"start":{"line":23,"column":19},"end":{"line":23,"column":32}}},"4":{"name":"(anonymous_5)","decl":{"start":{"line":24,"column":15},"end":{"line":24,"column":18}},"loc":{"start":{"line":24,"column":21},"end":{"line":24,"column":38}}},"5":{"name":"(anonymous_6)","decl":{"start":{"line":27,"column":17},"end":{"line":27,"column":20}},"loc":{"start":{"line":27,"column":22},"end":{"line":31,"column":3}}}},"branchMap":{"0":{"loc":{"start":{"line":16,"column":4},"end":{"line":19,"column":5}},"type":"if","locations":[{"start":{"line":16,"column":4},"end":{"line":19,"column":5}}]}},"s":{"0":0,"1":0,"2":0,"3":0,"4":0,"5":0,"6":0,"7":0,"8":0,"9":0,"10":0,"11":0,"12":0,"13":0,"14":0,"15":0,"16":0,"17":0,"18":0,"19":0},"f":{"0":0,"1":0,"2":0,"3":0,"4":0,"5":0},"b":{"0":[0]}}
,"/home/azureuser/hms-enterprise-grade/frontend/hms-frontend/src/context/AuthContextValue.tsx": {"path":"/home/azureuser/hms-enterprise-grade/frontend/hms-frontend/src/context/AuthContextValue.tsx","statementMap":{"0":{"start":{"line":1,"column":0},"end":{"line":1,"column":38}},"1":{"start":{"line":16,"column":13},"end":{"line":20,"column":3}}},"fnMap":{"0":{"name":"(anonymous_0)","decl":{"start":{"line":19,"column":10},"end":{"line":19,"column":13}},"loc":{"start":{"line":19,"column":15},"end":{"line":19,"column":18}}}},"branchMap":{},"s":{"0":0,"1":0},"f":{"0":0},"b":{}}
,"/home/azureuser/hms-enterprise-grade/frontend/hms-frontend/src/hooks/useAuth.ts": {"path":"/home/azureuser/hms-enterprise-grade/frontend/hms-frontend/src/hooks/useAuth.ts","statementMap":{"0":{"start":{"line":4,"column":0},"end":{"line":4,"column":16}},"1":{"start":{"line":1,"column":0},"end":{"line":1,"column":35}},"2":{"start":{"line":2,"column":0},"end":{"line":2,"column":58}},"3":{"start":{"line":5,"column":2},"end":{"line":5,"column":33}}},"fnMap":{"0":{"name":"useAuth","decl":{"start":{"line":4,"column":16},"end":{"line":4,"column":23}},"loc":{"start":{"line":4,"column":23},"end":{"line":6,"column":1}}}},"branchMap":{},"s":{"0":0,"1":0,"2":0,"3":0},"f":{"0":0},"b":{}}
,"/home/azureuser/hms-enterprise-grade/frontend/hms-frontend/src/pages/AccountingPage.tsx": {"path":"/home/azureuser/hms-enterprise-grade/frontend/hms-frontend/src/pages/AccountingPage.tsx","statementMap":{"0":{"start":{"line":1,"column":0},"end":{"line":1,"column":40}},"1":{"start":{"line":2,"column":0},"end":{"line":2,"column":78}},"2":{"start":{"line":3,"column":0},"end":{"line":3,"column":26}},"3":{"start":{"line":4,"column":0},"end":{"line":4,"column":null}},"4":{"start":{"line":32,"column":33},"end":{"line":156,"column":1}},"5":{"start":{"line":33,"column":22},"end":{"line":33,"column":38}},"6":{"start":{"line":34,"column":30},"end":{"line":37,"column":4}},"7":{"start":{"line":36,"column":25},"end":{"line":36,"column":75}},"8":{"start":{"line":39,"column":26},"end":{"line":39,"column":41}},"9":{"start":{"line":40,"column":34},"end":{"line":43,"column":4}},"10":{"start":{"line":44,"column":30},"end":{"line":44,"column":59}},"11":{"start":{"line":46,"column":19},"end":{"line":58,"column":4}},"12":{"start":{"line":48,"column":6},"end":{"line":51,"column":7}},"13":{"start":{"line":49,"column":8},"end":{"line":50,"column":16}},"14":{"start":{"line":52,"column":6},"end":{"line":52,"column":74}},"15":{"start":{"line":55,"column":6},"end":{"line":55,"column":71}},"16":{"start":{"line":56,"column":6},"end":{"line":56,"column":20}},"17":{"start":{"line":60,"column":21},"end":{"line":69,"column":3}},"18":{"start":{"line":61,"column":4},"end":{"line":67,"column":5}},"19":{"start":{"line":62,"column":6},"end":{"line":62,"column":74}},"20":{"start":{"line":63,"column":6},"end":{"line":63,"column":27}},"21":{"start":{"line":65,"column":6},"end":{"line":65,"column":49}},"22":{"start":{"line":66,"column":6},"end":{"line":66,"column":22}},"23":{"start":{"line":68,"column":4},"end":{"line":68,"column":18}},"24":{"start":{"line":71,"column":22},"end":{"line":75,"column":3}},"25":{"start":{"line":72,"column":4},"end":{"line":72,"column":19}},"26":{"start":{"line":73,"column":4},"end":{"line":73,"column":47}},"27":{"start":{"line":74,"column":4},"end":{"line":74,"column":20}},"28":{"start":{"line":77,"column":23},"end":{"line":79,"column":3}},"29":{"start":{"line":78,"column":4},"end":{"line":78,"column":66}},"30":{"start":{"line":81,"column":23},"end":{"line":83,"column":3}},"31":{"start":{"line":82,"column":4},"end":{"line":82,"column":30}},"32":{"start":{"line":85,"column":2},"end":{"line":85,"column":76}},"33":{"start":{"line":85,"column":17},"end":{"line":85,"column":76}},"34":{"start":{"line":87,"column":2},"end":{"line":155,"column":4}},"35":{"start":{"line":95,"column":23},"end":{"line":95,"column":35}},"36":{"start":{"line":111,"column":14},"end":{"line":111,"column":null}},"37":{"start":{"line":115,"column":54},"end":{"line":115,"column":71}},"38":{"start":{"line":158,"column":0},"end":{"line":158,"column":30}}},"fnMap":{"0":{"name":"(anonymous_1)","decl":{"start":{"line":32,"column":33},"end":{"line":32,"column":36}},"loc":{"start":{"line":32,"column":38},"end":{"line":156,"column":1}}},"1":{"name":"(anonymous_2)","decl":{"start":{"line":36,"column":13},"end":{"line":36,"column":18}},"loc":{"start":{"line":36,"column":25},"end":{"line":36,"column":75}}},"2":{"name":"(anonymous_3)","decl":{"start":{"line":47,"column":16},"end":{"line":47,"column":21}},"loc":{"start":{"line":47,"column":44},"end":{"line":53,"column":5}}},"3":{"name":"(anonymous_4)","decl":{"start":{"line":54,"column":15},"end":{"line":54,"column":18}},"loc":{"start":{"line":54,"column":20},"end":{"line":57,"column":5}}},"4":{"name":"(anonymous_5)","decl":{"start":{"line":60,"column":21},"end":{"line":60,"column":22}},"loc":{"start":{"line":60,"column":47},"end":{"line":69,"column":3}}},"5":{"name":"(anonymous_6)","decl":{"start":{"line":71,"column":22},"end":{"line":71,"column":25}},"loc":{"start":{"line":71,"column":27},"end":{"line":75,"column":3}}},"6":{"name":"(anonymous_7)","decl":{"start":{"line":77,"column":23},"end":{"line":77,"column":24}},"loc":{"start":{"line":77,"column":66},"end":{"line":79,"column":3}}},"7":{"name":"(anonymous_8)","decl":{"start":{"line":81,"column":23},"end":{"line":81,"column":26}},"loc":{"start":{"line":81,"column":28},"end":{"line":83,"column":3}}},"8":{"name":"(anonymous_9)","decl":{"start":{"line":95,"column":17},"end":{"line":95,"column":20}},"loc":{"start":{"line":95,"column":23},"end":{"line":95,"column":35}}},"9":{"name":"(anonymous_10)","decl":{"start":{"line":110,"column":23},"end":{"line":110,"column":24}},"loc":{"start":{"line":111,"column":14},"end":{"line":111,"column":null}}},"10":{"name":"(anonymous_11)","decl":{"start":{"line":115,"column":48},"end":{"line":115,"column":51}},"loc":{"start":{"line":115,"column":54},"end":{"line":115,"column":71}}}},"branchMap":{"0":{"loc":{"start":{"line":48,"column":6},"end":{"line":51,"column":7}},"type":"if","locations":[{"start":{"line":48,"column":6},"end":{"line":51,"column":7}}]},"1":{"loc":{"start":{"line":61,"column":4},"end":{"line":67,"column":5}},"type":"if","locations":[{"start":{"line":61,"column":4},"end":{"line":67,"column":5}},{"start":{"line":64,"column":11},"end":{"line":67,"column":5}}]},"2":{"loc":{"start":{"line":85,"column":2},"end":{"line":85,"column":76}},"type":"if","locations":[{"start":{"line":85,"column":2},"end":{"line":85,"column":76}}]},"3":{"loc":{"start":{"line":126,"column":22},"end":{"line":126,"column":57}},"type":"cond-expr","locations":[{"start":{"line":126,"column":31},"end":{"line":126,"column":43}},{"start":{"line":126,"column":46},"end":{"line":126,"column":57}}]},"4":{"loc":{"start":{"line":150,"column":13},"end":{"line":150,"column":41}},"type":"cond-expr","locations":[{"start":{"line":150,"column":22},"end":{"line":150,"column":30}},{"start":{"line":150,"column":33},"end":{"line":150,"column":41}}]}},"s":{"0":1,"1":1,"2":1,"3":1,"4":1,"5":13,"6":13,"7":5,"8":13,"9":13,"10":13,"11":13,"12":1,"13":0,"14":1,"15":1,"16":1,"17":13,"18":2,"19":0,"20":0,"21":2,"22":2,"23":2,"24":13,"25":1,"26":1,"27":1,"28":13,"29":2,"30":13,"31":1,"32":13,"33":4,"34":9,"35":2,"36":2,"37":0,"38":1},"f":{"0":13,"1":5,"2":1,"3":1,"4":2,"5":1,"6":2,"7":1,"8":2,"9":2,"10":0},"b":{"0":[0],"1":[0,2],"2":[4],"3":[0,9],"4":[0,9]}}
,"/home/azureuser/hms-enterprise-grade/frontend/hms-frontend/src/pages/AnalyticsPage.tsx": {"path":"/home/azureuser/hms-enterprise-grade/frontend/hms-frontend/src/pages/AnalyticsPage.tsx","statementMap":{"0":{"start":{"line":14,"column":0},"end":{"line":14,"column":24}},"1":{"start":{"line":1,"column":0},"end":{"line":1,"column":53}},"2":{"start":{"line":2,"column":0},"end":{"line":2,"column":70}},"3":{"start":{"line":3,"column":0},"end":{"line":3,"column":26}},"4":{"start":{"line":4,"column":0},"end":{"line":4,"column":null}},"5":{"start":{"line":15,"column":34},"end":{"line":19,"column":17}},"6":{"start":{"line":20,"column":36},"end":{"line":22,"column":7}},"7":{"start":{"line":23,"column":34},"end":{"line":25,"column":7}},"8":{"start":{"line":27,"column":2},"end":{"line":44,"column":9}},"9":{"start":{"line":28,"column":4},"end":{"line":31,"column":38}},"10":{"start":{"line":30,"column":19},"end":{"line":30,"column":38}},"11":{"start":{"line":31,"column":19},"end":{"line":31,"column":36}},"12":{"start":{"line":32,"column":4},"end":{"line":43,"column":9}},"13":{"start":{"line":37,"column":8},"end":{"line":37,"column":35}},"14":{"start":{"line":38,"column":8},"end":{"line":38,"column":34}},"15":{"start":{"line":41,"column":8},"end":{"line":41,"column":25}},"16":{"start":{"line":42,"column":8},"end":{"line":42,"column":24}},"17":{"start":{"line":46,"column":18},"end":{"line":48,"column":null}},"18":{"start":{"line":47,"column":10},"end":{"line":47,"column":73}},"19":{"start":{"line":47,"column":31},"end":{"line":47,"column":71}},"20":{"start":{"line":51,"column":2},"end":{"line":130,"column":4}},"21":{"start":{"line":68,"column":14},"end":{"line":68,"column":67}},"22":{"start":{"line":76,"column":14},"end":{"line":76,"column":72}},"23":{"start":{"line":83,"column":27},"end":{"line":83,"column":77}}},"fnMap":{"0":{"name":"AnalyticsPage","decl":{"start":{"line":14,"column":24},"end":{"line":14,"column":37}},"loc":{"start":{"line":14,"column":37},"end":{"line":131,"column":1}}},"1":{"name":"(anonymous_2)","decl":{"start":{"line":27,"column":12},"end":{"line":27,"column":15}},"loc":{"start":{"line":27,"column":17},"end":{"line":44,"column":3}}},"2":{"name":"(anonymous_3)","decl":{"start":{"line":30,"column":12},"end":{"line":30,"column":13}},"loc":{"start":{"line":30,"column":19},"end":{"line":30,"column":38}}},"3":{"name":"(anonymous_4)","decl":{"start":{"line":31,"column":13},"end":{"line":31,"column":16}},"loc":{"start":{"line":31,"column":19},"end":{"line":31,"column":36}}},"4":{"name":"(anonymous_5)","decl":{"start":{"line":36,"column":12},"end":{"line":36,"column":13}},"loc":{"start":{"line":36,"column":23},"end":{"line":39,"column":7}}},"5":{"name":"(anonymous_6)","decl":{"start":{"line":40,"column":13},"end":{"line":40,"column":16}},"loc":{"start":{"line":40,"column":18},"end":{"line":43,"column":7}}},"6":{"name":"(anonymous_7)","decl":{"start":{"line":47,"column":4},"end":{"line":47,"column":7}},"loc":{"start":{"line":47,"column":10},"end":{"line":47,"column":73}}},"7":{"name":"(anonymous_8)","decl":{"start":{"line":47,"column":23},"end":{"line":47,"column":24}},"loc":{"start":{"line":47,"column":31},"end":{"line":47,"column":71}}},"8":{"name":"(anonymous_9)","decl":{"start":{"line":67,"column":21},"end":{"line":67,"column":24}},"loc":{"start":{"line":68,"column":14},"end":{"line":68,"column":67}}},"9":{"name":"(anonymous_10)","decl":{"start":{"line":75,"column":21},"end":{"line":75,"column":24}},"loc":{"start":{"line":76,"column":14},"end":{"line":76,"column":72}}},"10":{"name":"(anonymous_11)","decl":{"start":{"line":83,"column":21},"end":{"line":83,"column":24}},"loc":{"start":{"line":83,"column":27},"end":{"line":83,"column":77}}}},"branchMap":{"0":{"loc":{"start":{"line":37,"column":21},"end":{"line":37,"column":33}},"type":"binary-expr","locations":[{"start":{"line":37,"column":21},"end":{"line":37,"column":27}},{"start":{"line":37,"column":31},"end":{"line":37,"column":33}}]},"1":{"loc":{"start":{"line":38,"column":20},"end":{"line":38,"column":32}},"type":"binary-expr","locations":[{"start":{"line":38,"column":20},"end":{"line":38,"column":26}},{"start":{"line":38,"column":30},"end":{"line":38,"column":32}}]},"2":{"loc":{"start":{"line":57,"column":31},"end":{"line":57,"column":62}},"type":"binary-expr","locations":[{"start":{"line":57,"column":31},"end":{"line":57,"column":55}},{"start":{"line":57,"column":59},"end":{"line":57,"column":62}}]},"3":{"loc":{"start":{"line":59,"column":31},"end":{"line":59,"column":66}},"type":"binary-expr","locations":[{"start":{"line":59,"column":31},"end":{"line":59,"column":59}},{"start":{"line":59,"column":63},"end":{"line":59,"column":66}}]},"4":{"loc":{"start":{"line":62,"column":23},"end":{"line":62,"column":51}},"type":"binary-expr","locations":[{"start":{"line":62,"column":23},"end":{"line":62,"column":46}},{"start":{"line":62,"column":50},"end":{"line":62,"column":51}}]}},"s":{"0":1,"1":1,"2":1,"3":1,"4":1,"5":5,"6":5,"7":5,"8":5,"9":3,"10":1,"11":2,"12":3,"13":1,"14":1,"15":2,"16":2,"17":5,"18":5,"19":2,"20":5,"21":1,"22":1,"23":1},"f":{"0":5,"1":3,"2":1,"3":2,"4":1,"5":2,"6":5,"7":2,"8":1,"9":1,"10":1},"b":{"0":[1,0],"1":[1,0],"2":[5,4],"3":[5,4],"4":[5,4]}}
,"/home/azureuser/hms-enterprise-grade/frontend/hms-frontend/src/pages/AppointmentsPage.tsx": {"path":"/home/azureuser/hms-enterprise-grade/frontend/hms-frontend/src/pages/AppointmentsPage.tsx","statementMap":{"0":{"start":{"line":27,"column":0},"end":{"line":27,"column":24}},"1":{"start":{"line":1,"column":0},"end":{"line":1,"column":53}},"2":{"start":{"line":2,"column":0},"end":{"line":2,"column":null}},"3":{"start":{"line":10,"column":0},"end":{"line":10,"column":26}},"4":{"start":{"line":11,"column":0},"end":{"line":11,"column":56}},"5":{"start":{"line":28,"column":26},"end":{"line":28,"column":53}},"6":{"start":{"line":29,"column":34},"end":{"line":29,"column":46}},"7":{"start":{"line":30,"column":26},"end":{"line":30,"column":38}},"8":{"start":{"line":31,"column":28},"end":{"line":31,"column":48}},"9":{"start":{"line":32,"column":36},"end":{"line":32,"column":48}},"10":{"start":{"line":33,"column":28},"end":{"line":33,"column":40}},"11":{"start":{"line":34,"column":40},"end":{"line":34,"column":54}},"12":{"start":{"line":35,"column":38},"end":{"line":35,"column":67}},"13":{"start":{"line":37,"column":18},"end":{"line":45,"column":null}},"14":{"start":{"line":38,"column":10},"end":{"line":44,"column":null}},"15":{"start":{"line":48,"column":2},"end":{"line":53,"column":9}},"16":{"start":{"line":49,"column":4},"end":{"line":51,"column":54}},"17":{"start":{"line":51,"column":19},"end":{"line":51,"column":52}},"18":{"start":{"line":52,"column":4},"end":{"line":52,"column":76}},"19":{"start":{"line":52,"column":44},"end":{"line":52,"column":74}},"20":{"start":{"line":55,"column":21},"end":{"line":60,"column":3}},"21":{"start":{"line":56,"column":14},"end":{"line":58,"column":6}},"22":{"start":{"line":59,"column":4},"end":{"line":59,"column":27}},"23":{"start":{"line":62,"column":28},"end":{"line":77,"column":3}},"24":{"start":{"line":63,"column":4},"end":{"line":63,"column":28}},"25":{"start":{"line":63,"column":21},"end":{"line":63,"column":28}},"26":{"start":{"line":64,"column":20},"end":{"line":64,"column":35}},"27":{"start":{"line":65,"column":18},"end":{"line":66,"column":null}},"28":{"start":{"line":68,"column":4},"end":{"line":74,"column":7}},"29":{"start":{"line":75,"column":14},"end":{"line":75,"column":51}},"30":{"start":{"line":76,"column":4},"end":{"line":76,"column":38}},"31":{"start":{"line":79,"column":2},"end":{"line":158,"column":4}},"32":{"start":{"line":106,"column":29},"end":{"line":106,"column":57}},"33":{"start":{"line":111,"column":29},"end":{"line":111,"column":56}},"34":{"start":{"line":118,"column":29},"end":{"line":118,"column":53}},"35":{"start":{"line":123,"column":29},"end":{"line":123,"column":59}},"36":{"start":{"line":142,"column":29},"end":{"line":142,"column":56}},"37":{"start":{"line":149,"column":29},"end":{"line":149,"column":52}}},"fnMap":{"0":{"name":"AppointmentsPage","decl":{"start":{"line":27,"column":24},"end":{"line":27,"column":40}},"loc":{"start":{"line":27,"column":40},"end":{"line":159,"column":1}}},"1":{"name":"(anonymous_2)","decl":{"start":{"line":38,"column":4},"end":{"line":38,"column":7}},"loc":{"start":{"line":38,"column":10},"end":{"line":44,"column":null}}},"2":{"name":"(anonymous_3)","decl":{"start":{"line":48,"column":12},"end":{"line":48,"column":15}},"loc":{"start":{"line":48,"column":17},"end":{"line":53,"column":3}}},"3":{"name":"(anonymous_4)","decl":{"start":{"line":51,"column":12},"end":{"line":51,"column":13}},"loc":{"start":{"line":51,"column":19},"end":{"line":51,"column":52}}},"4":{"name":"(anonymous_5)","decl":{"start":{"line":52,"column":37},"end":{"line":52,"column":38}},"loc":{"start":{"line":52,"column":44},"end":{"line":52,"column":74}}},"5":{"name":"(anonymous_6)","decl":{"start":{"line":55,"column":21},"end":{"line":55,"column":26}},"loc":{"start":{"line":55,"column":32},"end":{"line":60,"column":3}}},"6":{"name":"(anonymous_7)","decl":{"start":{"line":62,"column":28},"end":{"line":62,"column":33}},"loc":{"start":{"line":62,"column":39},"end":{"line":77,"column":3}}},"7":{"name":"(anonymous_8)","decl":{"start":{"line":106,"column":22},"end":{"line":106,"column":23}},"loc":{"start":{"line":106,"column":29},"end":{"line":106,"column":57}}},"8":{"name":"(anonymous_9)","decl":{"start":{"line":111,"column":22},"end":{"line":111,"column":23}},"loc":{"start":{"line":111,"column":29},"end":{"line":111,"column":56}}},"9":{"name":"(anonymous_10)","decl":{"start":{"line":118,"column":22},"end":{"line":118,"column":23}},"loc":{"start":{"line":118,"column":29},"end":{"line":118,"column":53}}},"10":{"name":"(anonymous_11)","decl":{"start":{"line":123,"column":22},"end":{"line":123,"column":23}},"loc":{"start":{"line":123,"column":29},"end":{"line":123,"column":59}}},"11":{"name":"(anonymous_12)","decl":{"start":{"line":142,"column":22},"end":{"line":142,"column":23}},"loc":{"start":{"line":142,"column":29},"end":{"line":142,"column":56}}},"12":{"name":"(anonymous_13)","decl":{"start":{"line":149,"column":22},"end":{"line":149,"column":23}},"loc":{"start":{"line":149,"column":29},"end":{"line":149,"column":52}}}},"branchMap":{"0":{"loc":{"start":{"line":51,"column":27},"end":{"line":51,"column":51}},"type":"binary-expr","locations":[{"start":{"line":51,"column":27},"end":{"line":51,"column":41}},{"start":{"line":51,"column":45},"end":{"line":51,"column":51}}]},"1":{"loc":{"start":{"line":63,"column":4},"end":{"line":63,"column":28}},"type":"if","locations":[{"start":{"line":63,"column":4},"end":{"line":63,"column":28}}]},"2":{"loc":{"start":{"line":76,"column":12},"end":{"line":76,"column":36}},"type":"binary-expr","locations":[{"start":{"line":76,"column":12},"end":{"line":76,"column":26}},{"start":{"line":76,"column":30},"end":{"line":76,"column":36}}]},"3":{"loc":{"start":{"line":128,"column":22},"end":{"line":128,"column":70}},"type":"binary-expr","locations":[{"start":{"line":128,"column":22},"end":{"line":128,"column":32}},{"start":{"line":128,"column":36},"end":{"line":128,"column":45}},{"start":{"line":128,"column":49},"end":{"line":128,"column":55}},{"start":{"line":128,"column":59},"end":{"line":128,"column":70}}]}},"s":{"0":0,"1":0,"2":0,"3":0,"4":0,"5":0,"6":0,"7":0,"8":0,"9":0,"10":0,"11":0,"12":0,"13":0,"14":0,"15":0,"16":0,"17":0,"18":0,"19":0,"20":0,"21":0,"22":0,"23":0,"24":0,"25":0,"26":0,"27":0,"28":0,"29":0,"30":0,"31":0,"32":0,"33":0,"34":0,"35":0,"36":0,"37":0},"f":{"0":0,"1":0,"2":0,"3":0,"4":0,"5":0,"6":0,"7":0,"8":0,"9":0,"10":0,"11":0,"12":0},"b":{"0":[0,0],"1":[0],"2":[0,0],"3":[0,0,0,0]}}
,"/home/azureuser/hms-enterprise-grade/frontend/hms-frontend/src/pages/AuditPage.tsx": {"path":"/home/azureuser/hms-enterprise-grade/frontend/hms-frontend/src/pages/AuditPage.tsx","statementMap":{"0":{"start":{"line":23,"column":0},"end":{"line":23,"column":24}},"1":{"start":{"line":1,"column":0},"end":{"line":1,"column":57}},"2":{"start":{"line":2,"column":0},"end":{"line":2,"column":null}},"3":{"start":{"line":10,"column":0},"end":{"line":10,"column":26}},"4":{"start":{"line":24,"column":30},"end":{"line":24,"column":56}},"5":{"start":{"line":25,"column":32},"end":{"line":25,"column":44}},"6":{"start":{"line":26,"column":30},"end":{"line":26,"column":42}},"7":{"start":{"line":28,"column":15},"end":{"line":34,"column":23}},"8":{"start":{"line":29,"column":43},"end":{"line":29,"column":45}},"9":{"start":{"line":30,"column":4},"end":{"line":30,"column":42}},"10":{"start":{"line":30,"column":17},"end":{"line":30,"column":42}},"11":{"start":{"line":31,"column":4},"end":{"line":31,"column":39}},"12":{"start":{"line":31,"column":16},"end":{"line":31,"column":39}},"13":{"start":{"line":32,"column":14},"end":{"line":32,"column":62}},"14":{"start":{"line":33,"column":4},"end":{"line":33,"column":22}},"15":{"start":{"line":35,"column":2},"end":{"line":37,"column":13}},"16":{"start":{"line":36,"column":4},"end":{"line":36,"column":38}},"17":{"start":{"line":36,"column":23},"end":{"line":36,"column":36}},"18":{"start":{"line":39,"column":2},"end":{"line":73,"column":4}},"19":{"start":{"line":49,"column":29},"end":{"line":49,"column":55}},"20":{"start":{"line":54,"column":29},"end":{"line":54,"column":54}},"21":{"start":{"line":63,"column":10},"end":{"line":63,"column":27}}},"fnMap":{"0":{"name":"AuditPage","decl":{"start":{"line":23,"column":24},"end":{"line":23,"column":33}},"loc":{"start":{"line":23,"column":33},"end":{"line":74,"column":1}}},"1":{"name":"(anonymous_2)","decl":{"start":{"line":28,"column":27},"end":{"line":28,"column":32}},"loc":{"start":{"line":28,"column":38},"end":{"line":34,"column":3}}},"2":{"name":"(anonymous_3)","decl":{"start":{"line":35,"column":12},"end":{"line":35,"column":15}},"loc":{"start":{"line":35,"column":17},"end":{"line":37,"column":3}}},"3":{"name":"(anonymous_4)","decl":{"start":{"line":36,"column":17},"end":{"line":36,"column":20}},"loc":{"start":{"line":36,"column":23},"end":{"line":36,"column":36}}},"4":{"name":"(anonymous_5)","decl":{"start":{"line":49,"column":22},"end":{"line":49,"column":23}},"loc":{"start":{"line":49,"column":29},"end":{"line":49,"column":55}}},"5":{"name":"(anonymous_6)","decl":{"start":{"line":54,"column":22},"end":{"line":54,"column":23}},"loc":{"start":{"line":54,"column":29},"end":{"line":54,"column":54}}},"6":{"name":"(anonymous_7)","decl":{"start":{"line":62,"column":20},"end":{"line":62,"column":21}},"loc":{"start":{"line":63,"column":10},"end":{"line":63,"column":27}}}},"branchMap":{"0":{"loc":{"start":{"line":30,"column":4},"end":{"line":30,"column":42}},"type":"if","locations":[{"start":{"line":30,"column":4},"end":{"line":30,"column":42}}]},"1":{"loc":{"start":{"line":31,"column":4},"end":{"line":31,"column":39}},"type":"if","locations":[{"start":{"line":31,"column":4},"end":{"line":31,"column":39}}]},"2":{"loc":{"start":{"line":66,"column":15},"end":{"line":66,"column":36}},"type":"binary-expr","locations":[{"start":{"line":66,"column":15},"end":{"line":66,"column":29}},{"start":{"line":66,"column":33},"end":{"line":66,"column":36}}]}},"s":{"0":0,"1":0,"2":0,"3":0,"4":0,"5":0,"6":0,"7":0,"8":0,"9":0,"10":0,"11":0,"12":0,"13":0,"14":0,"15":0,"16":0,"17":0,"18":0,"19":0,"20":0,"21":0},"f":{"0":0,"1":0,"2":0,"3":0,"4":0,"5":0,"6":0},"b":{"0":[0],"1":[0],"2":[0,0]}}
,"/home/azureuser/hms-enterprise-grade/frontend/hms-frontend/src/pages/BedManagementPage.tsx": {"path":"/home/azureuser/hms-enterprise-grade/frontend/hms-frontend/src/pages/BedManagementPage.tsx","statementMap":{"0":{"start":{"line":12,"column":0},"end":{"line":12,"column":24}},"1":{"start":{"line":1,"column":0},"end":{"line":1,"column":57}},"2":{"start":{"line":2,"column":0},"end":{"line":2,"column":null}},"3":{"start":{"line":10,"column":0},"end":{"line":10,"column":26}},"4":{"start":{"line":13,"column":38},"end":{"line":13,"column":51}},"5":{"start":{"line":14,"column":42},"end":{"line":18,"column":17}},"6":{"start":{"line":19,"column":38},"end":{"line":19,"column":78}},"7":{"start":{"line":20,"column":28},"end":{"line":25,"column":18}},"8":{"start":{"line":21,"column":14},"end":{"line":23,"column":6}},"9":{"start":{"line":24,"column":4},"end":{"line":24,"column":28}},"10":{"start":{"line":26,"column":2},"end":{"line":28,"column":26}},"11":{"start":{"line":27,"column":4},"end":{"line":27,"column":59}},"12":{"start":{"line":27,"column":36},"end":{"line":27,"column":57}},"13":{"start":{"line":30,"column":2},"end":{"line":99,"column":4}},"14":{"start":{"line":44,"column":29},"end":{"line":44,"column":58}},"15":{"start":{"line":65,"column":14},"end":{"line":65,"column":74}},"16":{"start":{"line":72,"column":14},"end":{"line":72,"column":70}},"17":{"start":{"line":78,"column":14},"end":{"line":81,"column":17}},"18":{"start":{"line":82,"column":14},"end":{"line":90,"column":33}},"19":{"start":{"line":91,"column":14},"end":{"line":91,"column":40}}},"fnMap":{"0":{"name":"BedsPage","decl":{"start":{"line":12,"column":24},"end":{"line":12,"column":32}},"loc":{"start":{"line":12,"column":32},"end":{"line":100,"column":1}}},"1":{"name":"(anonymous_2)","decl":{"start":{"line":20,"column":40},"end":{"line":20,"column":45}},"loc":{"start":{"line":20,"column":51},"end":{"line":25,"column":3}}},"2":{"name":"(anonymous_3)","decl":{"start":{"line":26,"column":12},"end":{"line":26,"column":15}},"loc":{"start":{"line":26,"column":17},"end":{"line":28,"column":3}}},"3":{"name":"(anonymous_4)","decl":{"start":{"line":27,"column":30},"end":{"line":27,"column":33}},"loc":{"start":{"line":27,"column":36},"end":{"line":27,"column":57}}},"4":{"name":"(anonymous_5)","decl":{"start":{"line":44,"column":22},"end":{"line":44,"column":23}},"loc":{"start":{"line":44,"column":29},"end":{"line":44,"column":58}}},"5":{"name":"(anonymous_6)","decl":{"start":{"line":64,"column":22},"end":{"line":64,"column":23}},"loc":{"start":{"line":65,"column":14},"end":{"line":65,"column":74}}},"6":{"name":"(anonymous_7)","decl":{"start":{"line":71,"column":22},"end":{"line":71,"column":23}},"loc":{"start":{"line":72,"column":14},"end":{"line":72,"column":70}}},"7":{"name":"(anonymous_8)","decl":{"start":{"line":77,"column":21},"end":{"line":77,"column":26}},"loc":{"start":{"line":77,"column":32},"end":{"line":92,"column":13}}},"8":{"name":"(anonymous_9)","decl":{"start":{"line":90,"column":23},"end":{"line":90,"column":26}},"loc":{"start":{"line":90,"column":28},"end":{"line":90,"column":31}}}},"branchMap":{"0":{"loc":{"start":{"line":51,"column":30},"end":{"line":51,"column":56}},"type":"binary-expr","locations":[{"start":{"line":51,"column":30},"end":{"line":51,"column":49}},{"start":{"line":51,"column":53},"end":{"line":51,"column":56}}]},"1":{"loc":{"start":{"line":52,"column":34},"end":{"line":52,"column":64}},"type":"binary-expr","locations":[{"start":{"line":52,"column":34},"end":{"line":52,"column":57}},{"start":{"line":52,"column":61},"end":{"line":52,"column":64}}]},"2":{"loc":{"start":{"line":53,"column":33},"end":{"line":53,"column":62}},"type":"binary-expr","locations":[{"start":{"line":53,"column":33},"end":{"line":53,"column":55}},{"start":{"line":53,"column":59},"end":{"line":53,"column":62}}]}},"s":{"0":0,"1":0,"2":0,"3":0,"4":0,"5":0,"6":0,"7":0,"8":0,"9":0,"10":0,"11":0,"12":0,"13":0,"14":0,"15":0,"16":0,"17":0,"18":0,"19":0},"f":{"0":0,"1":0,"2":0,"3":0,"4":0,"5":0,"6":0,"7":0,"8":0},"b":{"0":[0,0],"1":[0,0],"2":[0,0]}}
,"/home/azureuser/hms-enterprise-grade/frontend/hms-frontend/src/pages/ConsentPage.tsx": {"path":"/home/azureuser/hms-enterprise-grade/frontend/hms-frontend/src/pages/ConsentPage.tsx","statementMap":{"0":{"start":{"line":13,"column":0},"end":{"line":13,"column":24}},"1":{"start":{"line":1,"column":0},"end":{"line":1,"column":57}},"2":{"start":{"line":2,"column":0},"end":{"line":2,"column":null}},"3":{"start":{"line":11,"column":0},"end":{"line":11,"column":26}},"4":{"start":{"line":14,"column":36},"end":{"line":16,"column":7}},"5":{"start":{"line":17,"column":34},"end":{"line":17,"column":53}},"6":{"start":{"line":18,"column":30},"end":{"line":22,"column":4}},"7":{"start":{"line":23,"column":32},"end":{"line":23,"column":44}},"8":{"start":{"line":25,"column":18},"end":{"line":29,"column":16}},"9":{"start":{"line":26,"column":14},"end":{"line":26,"column":55}},"10":{"start":{"line":27,"column":4},"end":{"line":27,"column":25}},"11":{"start":{"line":28,"column":4},"end":{"line":28,"column":62}},"12":{"start":{"line":28,"column":36},"end":{"line":28,"column":62}},"13":{"start":{"line":30,"column":2},"end":{"line":32,"column":16}},"14":{"start":{"line":31,"column":4},"end":{"line":31,"column":44}},"15":{"start":{"line":31,"column":26},"end":{"line":31,"column":42}},"16":{"start":{"line":34,"column":27},"end":{"line":34,"column":67}},"17":{"start":{"line":34,"column":49},"end":{"line":34,"column":66}},"18":{"start":{"line":36,"column":2},"end":{"line":121,"column":4}},"19":{"start":{"line":50,"column":29},"end":{"line":50,"column":70}},"20":{"start":{"line":54,"column":14},"end":{"line":54,"column":35}},"21":{"start":{"line":75,"column":14},"end":{"line":75,"column":66}},"22":{"start":{"line":82,"column":14},"end":{"line":82,"column":67}},"23":{"start":{"line":89,"column":14},"end":{"line":89,"column":68}},"24":{"start":{"line":95,"column":27},"end":{"line":100,"column":16}},"25":{"start":{"line":101,"column":14},"end":{"line":101,"column":48}},"26":{"start":{"line":102,"column":14},"end":{"line":111,"column":15}},"27":{"start":{"line":103,"column":16},"end":{"line":108,"column":19}}},"fnMap":{"0":{"name":"ConsentPage","decl":{"start":{"line":13,"column":24},"end":{"line":13,"column":35}},"loc":{"start":{"line":13,"column":35},"end":{"line":122,"column":1}}},"1":{"name":"(anonymous_2)","decl":{"start":{"line":25,"column":30},"end":{"line":25,"column":35}},"loc":{"start":{"line":25,"column":41},"end":{"line":29,"column":3}}},"2":{"name":"(anonymous_3)","decl":{"start":{"line":30,"column":12},"end":{"line":30,"column":15}},"loc":{"start":{"line":30,"column":17},"end":{"line":32,"column":3}}},"3":{"name":"(anonymous_4)","decl":{"start":{"line":31,"column":20},"end":{"line":31,"column":23}},"loc":{"start":{"line":31,"column":26},"end":{"line":31,"column":42}}},"4":{"name":"(anonymous_5)","decl":{"start":{"line":34,"column":42},"end":{"line":34,"column":43}},"loc":{"start":{"line":34,"column":49},"end":{"line":34,"column":66}}},"5":{"name":"(anonymous_6)","decl":{"start":{"line":50,"column":22},"end":{"line":50,"column":23}},"loc":{"start":{"line":50,"column":29},"end":{"line":50,"column":70}}},"6":{"name":"(anonymous_7)","decl":{"start":{"line":53,"column":27},"end":{"line":53,"column":28}},"loc":{"start":{"line":54,"column":14},"end":{"line":54,"column":35}}},"7":{"name":"(anonymous_8)","decl":{"start":{"line":74,"column":22},"end":{"line":74,"column":23}},"loc":{"start":{"line":75,"column":14},"end":{"line":75,"column":66}}},"8":{"name":"(anonymous_9)","decl":{"start":{"line":81,"column":22},"end":{"line":81,"column":23}},"loc":{"start":{"line":82,"column":14},"end":{"line":82,"column":67}}},"9":{"name":"(anonymous_10)","decl":{"start":{"line":88,"column":22},"end":{"line":88,"column":23}},"loc":{"start":{"line":89,"column":14},"end":{"line":89,"column":68}}},"10":{"name":"(anonymous_11)","decl":{"start":{"line":94,"column":21},"end":{"line":94,"column":26}},"loc":{"start":{"line":94,"column":32},"end":{"line":112,"column":13}}}},"branchMap":{"0":{"loc":{"start":{"line":28,"column":4},"end":{"line":28,"column":62}},"type":"if","locations":[{"start":{"line":28,"column":4},"end":{"line":28,"column":62}}]},"1":{"loc":{"start":{"line":28,"column":8},"end":{"line":28,"column":34}},"type":"binary-expr","locations":[{"start":{"line":28,"column":8},"end":{"line":28,"column":21}},{"start":{"line":28,"column":25},"end":{"line":28,"column":34}}]},"2":{"loc":{"start":{"line":61,"column":15},"end":{"line":61,"column":63}},"type":"binary-expr","locations":[{"start":{"line":61,"column":15},"end":{"line":61,"column":37}},{"start":{"line":61,"column":41},"end":{"line":61,"column":63}}]},"3":{"loc":{"start":{"line":97,"column":37},"end":{"line":97,"column":61}},"type":"binary-expr","locations":[{"start":{"line":97,"column":37},"end":{"line":97,"column":54}},{"start":{"line":97,"column":58},"end":{"line":97,"column":61}}]},"4":{"loc":{"start":{"line":113,"column":22},"end":{"line":113,"column":76}},"type":"binary-expr","locations":[{"start":{"line":113,"column":22},"end":{"line":113,"column":31}},{"start":{"line":113,"column":35},"end":{"line":113,"column":53}},{"start":{"line":113,"column":57},"end":{"line":113,"column":76}}]},"5":{"loc":{"start":{"line":118,"column":9},"end":{"line":118,"column":69}},"type":"binary-expr","locations":[{"start":{"line":118,"column":9},"end":{"line":118,"column":16}},{"start":{"line":118,"column":20},"end":{"line":118,"column":69}}]}},"s":{"0":0,"1":0,"2":0,"3":0,"4":0,"5":0,"6":0,"7":0,"8":0,"9":0,"10":0,"11":0,"12":0,"13":0,"14":0,"15":0,"16":0,"17":0,"18":0,"19":0,"20":0,"21":0,"22":0,"23":0,"24":0,"25":0,"26":0,"27":0},"f":{"0":0,"1":0,"2":0,"3":0,"4":0,"5":0,"6":0,"7":0,"8":0,"9":0,"10":0},"b":{"0":[0],"1":[0,0],"2":[0,0],"3":[0,0],"4":[0,0,0],"5":[0,0]}}
,"/home/azureuser/hms-enterprise-grade/frontend/hms-frontend/src/pages/DashboardPage.tsx": {"path":"/home/azureuser/hms-enterprise-grade/frontend/hms-frontend/src/pages/DashboardPage.tsx","statementMap":{"0":{"start":{"line":25,"column":0},"end":{"line":25,"column":24}},"1":{"start":{"line":1,"column":0},"end":{"line":1,"column":44}},"2":{"start":{"line":2,"column":0},"end":{"line":2,"column":44}},"3":{"start":{"line":3,"column":0},"end":{"line":3,"column":null}},"4":{"start":{"line":14,"column":19},"end":{"line":14,"column":33}},"5":{"start":{"line":15,"column":2},"end":{"line":21,"column":5}},"6":{"start":{"line":16,"column":18},"end":{"line":16,"column":53}},"7":{"start":{"line":17,"column":20},"end":{"line":17,"column":52}},"8":{"start":{"line":18,"column":4},"end":{"line":18,"column":63}},"9":{"start":{"line":18,"column":15},"end":{"line":18,"column":63}},"10":{"start":{"line":19,"column":4},"end":{"line":19,"column":29}},"11":{"start":{"line":20,"column":4},"end":{"line":20,"column":18}},"12":{"start":{"line":22,"column":2},"end":{"line":22,"column":18}},"13":{"start":{"line":26,"column":34},"end":{"line":30,"column":17}},"14":{"start":{"line":31,"column":36},"end":{"line":33,"column":7}},"15":{"start":{"line":34,"column":44},"end":{"line":41,"column":4}},"16":{"start":{"line":42,"column":34},"end":{"line":47,"column":17}},"17":{"start":{"line":50,"column":20},"end":{"line":58,"column":4}},"18":{"start":{"line":60,"column":2},"end":{"line":70,"column":9}},"19":{"start":{"line":61,"column":16},"end":{"line":61,"column":27}},"20":{"start":{"line":62,"column":4},"end":{"line":65,"column":38}},"21":{"start":{"line":64,"column":19},"end":{"line":64,"column":38}},"22":{"start":{"line":65,"column":19},"end":{"line":65,"column":36}},"23":{"start":{"line":66,"column":4},"end":{"line":69,"column":37}},"24":{"start":{"line":68,"column":19},"end":{"line":68,"column":39}},"25":{"start":{"line":69,"column":19},"end":{"line":69,"column":35}},"26":{"start":{"line":72,"column":2},"end":{"line":280,"column":4}},"27":{"start":{"line":165,"column":14},"end":{"line":166,"column":null}},"28":{"start":{"line":186,"column":55},"end":{"line":186,"column":73}},"29":{"start":{"line":193,"column":18},"end":{"line":195,"column":20}},"30":{"start":{"line":205,"column":18},"end":{"line":210,"column":20}},"31":{"start":{"line":223,"column":18},"end":{"line":228,"column":20}},"32":{"start":{"line":238,"column":28},"end":{"line":241,"column":20}},"33":{"start":{"line":242,"column":18},"end":{"line":242,"column":38}},"34":{"start":{"line":243,"column":18},"end":{"line":252,"column":19}},"35":{"start":{"line":244,"column":20},"end":{"line":249,"column":23}}},"fnMap":{"0":{"name":"authAxios","decl":{"start":{"line":13,"column":9},"end":{"line":13,"column":18}},"loc":{"start":{"line":13,"column":18},"end":{"line":23,"column":1}}},"1":{"name":"(anonymous_10)","decl":{"start":{"line":15,"column":36},"end":{"line":15,"column":37}},"loc":{"start":{"line":15,"column":47},"end":{"line":21,"column":3}}},"2":{"name":"DashboardPage","decl":{"start":{"line":25,"column":24},"end":{"line":25,"column":37}},"loc":{"start":{"line":25,"column":37},"end":{"line":281,"column":1}}},"3":{"name":"(anonymous_12)","decl":{"start":{"line":60,"column":12},"end":{"line":60,"column":15}},"loc":{"start":{"line":60,"column":17},"end":{"line":70,"column":3}}},"4":{"name":"(anonymous_13)","decl":{"start":{"line":64,"column":12},"end":{"line":64,"column":13}},"loc":{"start":{"line":64,"column":19},"end":{"line":64,"column":38}}},"5":{"name":"(anonymous_14)","decl":{"start":{"line":65,"column":13},"end":{"line":65,"column":16}},"loc":{"start":{"line":65,"column":19},"end":{"line":65,"column":36}}},"6":{"name":"(anonymous_15)","decl":{"start":{"line":68,"column":12},"end":{"line":68,"column":13}},"loc":{"start":{"line":68,"column":19},"end":{"line":68,"column":39}}},"7":{"name":"(anonymous_16)","decl":{"start":{"line":69,"column":13},"end":{"line":69,"column":16}},"loc":{"start":{"line":69,"column":19},"end":{"line":69,"column":35}}},"8":{"name":"(anonymous_17)","decl":{"start":{"line":164,"column":27},"end":{"line":164,"column":28}},"loc":{"start":{"line":165,"column":14},"end":{"line":166,"column":null}}},"9":{"name":"(anonymous_18)","decl":{"start":{"line":186,"column":48},"end":{"line":186,"column":49}},"loc":{"start":{"line":186,"column":55},"end":{"line":186,"column":73}}},"10":{"name":"(anonymous_19)","decl":{"start":{"line":192,"column":26},"end":{"line":192,"column":27}},"loc":{"start":{"line":193,"column":18},"end":{"line":195,"column":20}}},"11":{"name":"(anonymous_20)","decl":{"start":{"line":204,"column":26},"end":{"line":204,"column":27}},"loc":{"start":{"line":205,"column":18},"end":{"line":210,"column":20}}},"12":{"name":"(anonymous_21)","decl":{"start":{"line":222,"column":26},"end":{"line":222,"column":27}},"loc":{"start":{"line":223,"column":18},"end":{"line":228,"column":20}}},"13":{"name":"(anonymous_22)","decl":{"start":{"line":237,"column":25},"end":{"line":237,"column":30}},"loc":{"start":{"line":237,"column":36},"end":{"line":253,"column":17}}}},"branchMap":{"0":{"loc":{"start":{"line":18,"column":4},"end":{"line":18,"column":63}},"type":"if","locations":[{"start":{"line":18,"column":4},"end":{"line":18,"column":63}}]},"1":{"loc":{"start":{"line":95,"column":43},"end":{"line":95,"column":86}},"type":"binary-expr","locations":[{"start":{"line":95,"column":43},"end":{"line":95,"column":67}},{"start":{"line":95,"column":71},"end":{"line":95,"column":86}}]},"2":{"loc":{"start":{"line":97,"column":13},"end":{"line":97,"column":44}},"type":"binary-expr","locations":[{"start":{"line":97,"column":13},"end":{"line":97,"column":37}},{"start":{"line":97,"column":41},"end":{"line":97,"column":44}}]},"3":{"loc":{"start":{"line":112,"column":47},"end":{"line":112,"column":94}},"type":"binary-expr","locations":[{"start":{"line":112,"column":47},"end":{"line":112,"column":75}},{"start":{"line":112,"column":79},"end":{"line":112,"column":94}}]},"4":{"loc":{"start":{"line":114,"column":13},"end":{"line":114,"column":48}},"type":"binary-expr","locations":[{"start":{"line":114,"column":13},"end":{"line":114,"column":41}},{"start":{"line":114,"column":45},"end":{"line":114,"column":48}}]},"5":{"loc":{"start":{"line":126,"column":39},"end":{"line":126,"column":67}},"type":"binary-expr","locations":[{"start":{"line":126,"column":39},"end":{"line":126,"column":62}},{"start":{"line":126,"column":66},"end":{"line":126,"column":67}}]},"6":{"loc":{"start":{"line":128,"column":16},"end":{"line":128,"column":44}},"type":"binary-expr","locations":[{"start":{"line":128,"column":16},"end":{"line":128,"column":39}},{"start":{"line":128,"column":43},"end":{"line":128,"column":44}}]},"7":{"loc":{"start":{"line":208,"column":41},"end":{"line":208,"column":62}},"type":"binary-expr","locations":[{"start":{"line":208,"column":41},"end":{"line":208,"column":55}},{"start":{"line":208,"column":59},"end":{"line":208,"column":62}}]},"8":{"loc":{"start":{"line":226,"column":49},"end":{"line":226,"column":70}},"type":"binary-expr","locations":[{"start":{"line":226,"column":49},"end":{"line":226,"column":63}},{"start":{"line":226,"column":67},"end":{"line":226,"column":70}}]},"9":{"loc":{"start":{"line":260,"column":13},"end":{"line":274,"column":null}},"type":"binary-expr","locations":[{"start":{"line":260,"column":13},"end":{"line":260,"column":21}},{"start":{"line":261,"column":14},"end":{"line":273,"column":null}}]}},"s":{"0":1,"1":1,"2":1,"3":1,"4":1,"5":1,"6":0,"7":0,"8":0,"9":0,"10":0,"11":0,"12":1,"13":2,"14":2,"15":2,"16":2,"17":2,"18":2,"19":1,"20":1,"21":1,"22":0,"23":1,"24":1,"25":0,"26":2,"27":0,"28":0,"29":0,"30":0,"31":0,"32":0,"33":0,"34":0,"35":0},"f":{"0":1,"1":0,"2":2,"3":1,"4":1,"5":0,"6":1,"7":0,"8":0,"9":0,"10":0,"11":0,"12":0,"13":0},"b":{"0":[0],"1":[2,1],"2":[2,1],"3":[2,1],"4":[2,1],"5":[2,1],"6":[2,1],"7":[0,0],"8":[0,0],"9":[2,0]}}
,"/home/azureuser/hms-enterprise-grade/frontend/hms-frontend/src/pages/DoctorPortal.tsx": {"path":"/home/azureuser/hms-enterprise-grade/frontend/hms-frontend/src/pages/DoctorPortal.tsx","statementMap":{"0":{"start":{"line":2,"column":0},"end":{"line":2,"column":40}},"1":{"start":{"line":4,"column":31},"end":{"line":113,"column":1}},"2":{"start":{"line":5,"column":2},"end":{"line":112,"column":4}},"3":{"start":{"line":115,"column":0},"end":{"line":115,"column":28}}},"fnMap":{"0":{"name":"(anonymous_0)","decl":{"start":{"line":4,"column":31},"end":{"line":4,"column":34}},"loc":{"start":{"line":4,"column":36},"end":{"line":113,"column":1}}}},"branchMap":{},"s":{"0":1,"1":1,"2":1,"3":1},"f":{"0":1},"b":{}}
,"/home/azureuser/hms-enterprise-grade/frontend/hms-frontend/src/pages/ERAlertsPage.tsx": {"path":"/home/azureuser/hms-enterprise-grade/frontend/hms-frontend/src/pages/ERAlertsPage.tsx","statementMap":{"0":{"start":{"line":1,"column":0},"end":{"line":1,"column":64}},"1":{"start":{"line":2,"column":0},"end":{"line":2,"column":null}},"2":{"start":{"line":20,"column":31},"end":{"line":111,"column":1}},"3":{"start":{"line":21,"column":30},"end":{"line":21,"column":55}},"4":{"start":{"line":22,"column":36},"end":{"line":22,"column":48}},"5":{"start":{"line":23,"column":34},"end":{"line":23,"column":54}},"6":{"start":{"line":24,"column":32},"end":{"line":24,"column":44}},"7":{"start":{"line":25,"column":16},"end":{"line":25,"column":57}},"8":{"start":{"line":27,"column":4},"end":{"line":27,"column":71}},"9":{"start":{"line":29,"column":22},"end":{"line":36,"column":23}},"10":{"start":{"line":30,"column":16},"end":{"line":32,"column":6}},"11":{"start":{"line":33,"column":4},"end":{"line":35,"column":5}},"12":{"start":{"line":34,"column":6},"end":{"line":34,"column":34}},"13":{"start":{"line":38,"column":2},"end":{"line":40,"column":20}},"14":{"start":{"line":39,"column":4},"end":{"line":39,"column":18}},"15":{"start":{"line":42,"column":22},"end":{"line":62,"column":3}},"16":{"start":{"line":43,"column":20},"end":{"line":48,"column":6}},"17":{"start":{"line":49,"column":16},"end":{"line":56,"column":6}},"18":{"start":{"line":57,"column":4},"end":{"line":61,"column":5}},"19":{"start":{"line":58,"column":6},"end":{"line":58,"column":23}},"20":{"start":{"line":59,"column":6},"end":{"line":59,"column":21}},"21":{"start":{"line":60,"column":6},"end":{"line":60,"column":20}},"22":{"start":{"line":64,"column":2},"end":{"line":110,"column":4}},"23":{"start":{"line":74,"column":29},"end":{"line":74,"column":57}},"24":{"start":{"line":80,"column":29},"end":{"line":80,"column":56}},"25":{"start":{"line":86,"column":29},"end":{"line":86,"column":55}},"26":{"start":{"line":98,"column":10},"end":{"line":98,"column":28}},"27":{"start":{"line":113,"column":0},"end":{"line":113,"column":28}}},"fnMap":{"0":{"name":"(anonymous_0)","decl":{"start":{"line":20,"column":31},"end":{"line":20,"column":34}},"loc":{"start":{"line":20,"column":36},"end":{"line":111,"column":1}}},"1":{"name":"(anonymous_1)","decl":{"start":{"line":29,"column":34},"end":{"line":29,"column":39}},"loc":{"start":{"line":29,"column":45},"end":{"line":36,"column":3}}},"2":{"name":"(anonymous_2)","decl":{"start":{"line":38,"column":12},"end":{"line":38,"column":15}},"loc":{"start":{"line":38,"column":17},"end":{"line":40,"column":3}}},"3":{"name":"(anonymous_3)","decl":{"start":{"line":42,"column":22},"end":{"line":42,"column":27}},"loc":{"start":{"line":42,"column":33},"end":{"line":62,"column":3}}},"4":{"name":"(anonymous_4)","decl":{"start":{"line":74,"column":22},"end":{"line":74,"column":23}},"loc":{"start":{"line":74,"column":29},"end":{"line":74,"column":57}}},"5":{"name":"(anonymous_5)","decl":{"start":{"line":80,"column":22},"end":{"line":80,"column":23}},"loc":{"start":{"line":80,"column":29},"end":{"line":80,"column":56}}},"6":{"name":"(anonymous_6)","decl":{"start":{"line":86,"column":22},"end":{"line":86,"column":23}},"loc":{"start":{"line":86,"column":29},"end":{"line":86,"column":55}}},"7":{"name":"(anonymous_7)","decl":{"start":{"line":97,"column":20},"end":{"line":97,"column":21}},"loc":{"start":{"line":98,"column":10},"end":{"line":98,"column":28}}}},"branchMap":{"0":{"loc":{"start":{"line":25,"column":16},"end":{"line":25,"column":57}},"type":"binary-expr","locations":[{"start":{"line":25,"column":16},"end":{"line":25,"column":51}},{"start":{"line":25,"column":55},"end":{"line":25,"column":57}}]},"1":{"loc":{"start":{"line":27,"column":4},"end":{"line":27,"column":71}},"type":"binary-expr","locations":[{"start":{"line":27,"column":4},"end":{"line":27,"column":66}},{"start":{"line":27,"column":70},"end":{"line":27,"column":71}}]},"2":{"loc":{"start":{"line":27,"column":21},"end":{"line":27,"column":46}},"type":"binary-expr","locations":[{"start":{"line":27,"column":21},"end":{"line":27,"column":40}},{"start":{"line":27,"column":44},"end":{"line":27,"column":46}}]},"3":{"loc":{"start":{"line":33,"column":4},"end":{"line":35,"column":5}},"type":"if","locations":[{"start":{"line":33,"column":4},"end":{"line":35,"column":5}}]},"4":{"loc":{"start":{"line":57,"column":4},"end":{"line":61,"column":5}},"type":"if","locations":[{"start":{"line":57,"column":4},"end":{"line":61,"column":5}}]}},"s":{"0":0,"1":0,"2":0,"3":0,"4":0,"5":0,"6":0,"7":0,"8":0,"9":0,"10":0,"11":0,"12":0,"13":0,"14":0,"15":0,"16":0,"17":0,"18":0,"19":0,"20":0,"21":0,"22":0,"23":0,"24":0,"25":0,"26":0,"27":0},"f":{"0":0,"1":0,"2":0,"3":0,"4":0,"5":0,"6":0,"7":0},"b":{"0":[0,0],"1":[0,0],"2":[0,0],"3":[0],"4":[0]}}
,"/home/azureuser/hms-enterprise-grade/frontend/hms-frontend/src/pages/ERPPage.tsx": {"path":"/home/azureuser/hms-enterprise-grade/frontend/hms-frontend/src/pages/ERPPage.tsx","statementMap":{"0":{"start":{"line":1,"column":0},"end":{"line":1,"column":40}},"1":{"start":{"line":2,"column":0},"end":{"line":2,"column":78}},"2":{"start":{"line":3,"column":0},"end":{"line":3,"column":26}},"3":{"start":{"line":4,"column":0},"end":{"line":4,"column":null}},"4":{"start":{"line":34,"column":26},"end":{"line":167,"column":1}},"5":{"start":{"line":35,"column":22},"end":{"line":35,"column":38}},"6":{"start":{"line":36,"column":30},"end":{"line":39,"column":4}},"7":{"start":{"line":38,"column":25},"end":{"line":38,"column":77}},"8":{"start":{"line":41,"column":26},"end":{"line":41,"column":41}},"9":{"start":{"line":42,"column":34},"end":{"line":46,"column":4}},"10":{"start":{"line":47,"column":30},"end":{"line":47,"column":59}},"11":{"start":{"line":49,"column":19},"end":{"line":62,"column":4}},"12":{"start":{"line":51,"column":6},"end":{"line":55,"column":7}},"13":{"start":{"line":52,"column":8},"end":{"line":54,"column":15}},"14":{"start":{"line":56,"column":6},"end":{"line":56,"column":76}},"15":{"start":{"line":59,"column":6},"end":{"line":59,"column":73}},"16":{"start":{"line":60,"column":6},"end":{"line":60,"column":20}},"17":{"start":{"line":64,"column":21},"end":{"line":73,"column":3}},"18":{"start":{"line":65,"column":4},"end":{"line":71,"column":5}},"19":{"start":{"line":66,"column":6},"end":{"line":66,"column":79}},"20":{"start":{"line":67,"column":6},"end":{"line":67,"column":27}},"21":{"start":{"line":69,"column":6},"end":{"line":69,"column":52}},"22":{"start":{"line":70,"column":6},"end":{"line":70,"column":22}},"23":{"start":{"line":72,"column":4},"end":{"line":72,"column":18}},"24":{"start":{"line":75,"column":22},"end":{"line":79,"column":3}},"25":{"start":{"line":76,"column":4},"end":{"line":76,"column":19}},"26":{"start":{"line":77,"column":4},"end":{"line":77,"column":50}},"27":{"start":{"line":78,"column":4},"end":{"line":78,"column":20}},"28":{"start":{"line":81,"column":23},"end":{"line":83,"column":3}},"29":{"start":{"line":82,"column":4},"end":{"line":82,"column":66}},"30":{"start":{"line":85,"column":23},"end":{"line":87,"column":3}},"31":{"start":{"line":86,"column":4},"end":{"line":86,"column":30}},"32":{"start":{"line":89,"column":2},"end":{"line":89,"column":69}},"33":{"start":{"line":89,"column":17},"end":{"line":89,"column":69}},"34":{"start":{"line":91,"column":2},"end":{"line":166,"column":4}},"35":{"start":{"line":99,"column":23},"end":{"line":99,"column":35}},"36":{"start":{"line":116,"column":14},"end":{"line":116,"column":null}},"37":{"start":{"line":121,"column":54},"end":{"line":121,"column":69}},"38":{"start":{"line":169,"column":0},"end":{"line":169,"column":23}}},"fnMap":{"0":{"name":"(anonymous_1)","decl":{"start":{"line":34,"column":26},"end":{"line":34,"column":29}},"loc":{"start":{"line":34,"column":31},"end":{"line":167,"column":1}}},"1":{"name":"(anonymous_2)","decl":{"start":{"line":38,"column":13},"end":{"line":38,"column":18}},"loc":{"start":{"line":38,"column":25},"end":{"line":38,"column":77}}},"2":{"name":"(anonymous_3)","decl":{"start":{"line":50,"column":16},"end":{"line":50,"column":21}},"loc":{"start":{"line":50,"column":44},"end":{"line":57,"column":5}}},"3":{"name":"(anonymous_4)","decl":{"start":{"line":58,"column":15},"end":{"line":58,"column":18}},"loc":{"start":{"line":58,"column":20},"end":{"line":61,"column":5}}},"4":{"name":"(anonymous_5)","decl":{"start":{"line":64,"column":21},"end":{"line":64,"column":22}},"loc":{"start":{"line":64,"column":42},"end":{"line":73,"column":3}}},"5":{"name":"(anonymous_6)","decl":{"start":{"line":75,"column":22},"end":{"line":75,"column":25}},"loc":{"start":{"line":75,"column":27},"end":{"line":79,"column":3}}},"6":{"name":"(anonymous_7)","decl":{"start":{"line":81,"column":23},"end":{"line":81,"column":24}},"loc":{"start":{"line":81,"column":66},"end":{"line":83,"column":3}}},"7":{"name":"(anonymous_8)","decl":{"start":{"line":85,"column":23},"end":{"line":85,"column":26}},"loc":{"start":{"line":85,"column":28},"end":{"line":87,"column":3}}},"8":{"name":"(anonymous_9)","decl":{"start":{"line":99,"column":17},"end":{"line":99,"column":20}},"loc":{"start":{"line":99,"column":23},"end":{"line":99,"column":35}}},"9":{"name":"(anonymous_10)","decl":{"start":{"line":115,"column":23},"end":{"line":115,"column":24}},"loc":{"start":{"line":116,"column":14},"end":{"line":116,"column":null}}},"10":{"name":"(anonymous_11)","decl":{"start":{"line":121,"column":48},"end":{"line":121,"column":51}},"loc":{"start":{"line":121,"column":54},"end":{"line":121,"column":69}}}},"branchMap":{"0":{"loc":{"start":{"line":51,"column":6},"end":{"line":55,"column":7}},"type":"if","locations":[{"start":{"line":51,"column":6},"end":{"line":55,"column":7}}]},"1":{"loc":{"start":{"line":65,"column":4},"end":{"line":71,"column":5}},"type":"if","locations":[{"start":{"line":65,"column":4},"end":{"line":71,"column":5}},{"start":{"line":68,"column":11},"end":{"line":71,"column":5}}]},"2":{"loc":{"start":{"line":89,"column":2},"end":{"line":89,"column":69}},"type":"if","locations":[{"start":{"line":89,"column":2},"end":{"line":89,"column":69}}]},"3":{"loc":{"start":{"line":132,"column":22},"end":{"line":132,"column":61}},"type":"cond-expr","locations":[{"start":{"line":132,"column":31},"end":{"line":132,"column":45}},{"start":{"line":132,"column":48},"end":{"line":132,"column":61}}]},"4":{"loc":{"start":{"line":161,"column":13},"end":{"line":161,"column":41}},"type":"cond-expr","locations":[{"start":{"line":161,"column":22},"end":{"line":161,"column":30}},{"start":{"line":161,"column":33},"end":{"line":161,"column":41}}]}},"s":{"0":0,"1":0,"2":0,"3":0,"4":0,"5":0,"6":0,"7":0,"8":0,"9":0,"10":0,"11":0,"12":0,"13":0,"14":0,"15":0,"16":0,"17":0,"18":0,"19":0,"20":0,"21":0,"22":0,"23":0,"24":0,"25":0,"26":0,"27":0,"28":0,"29":0,"30":0,"31":0,"32":0,"33":0,"34":0,"35":0,"36":0,"37":0,"38":0},"f":{"0":0,"1":0,"2":0,"3":0,"4":0,"5":0,"6":0,"7":0,"8":0,"9":0,"10":0},"b":{"0":[0],"1":[0,0],"2":[0],"3":[0,0],"4":[0,0]}}
,"/home/azureuser/hms-enterprise-grade/frontend/hms-frontend/src/pages/FeedbackPage.tsx": {"path":"/home/azureuser/hms-enterprise-grade/frontend/hms-frontend/src/pages/FeedbackPage.tsx","statementMap":{"0":{"start":{"line":29,"column":0},"end":{"line":29,"column":24}},"1":{"start":{"line":1,"column":0},"end":{"line":1,"column":53}},"2":{"start":{"line":2,"column":0},"end":{"line":2,"column":null}},"3":{"start":{"line":10,"column":0},"end":{"line":10,"column":26}},"4":{"start":{"line":11,"column":0},"end":{"line":11,"column":null}},"5":{"start":{"line":30,"column":28},"end":{"line":30,"column":56}},"6":{"start":{"line":31,"column":26},"end":{"line":36,"column":4}},"7":{"start":{"line":38,"column":18},"end":{"line":41,"column":3}},"8":{"start":{"line":39,"column":14},"end":{"line":39,"column":47}},"9":{"start":{"line":40,"column":4},"end":{"line":40,"column":21}},"10":{"start":{"line":42,"column":2},"end":{"line":44,"column":9}},"11":{"start":{"line":43,"column":4},"end":{"line":43,"column":40}},"12":{"start":{"line":43,"column":26},"end":{"line":43,"column":38}},"13":{"start":{"line":46,"column":20},"end":{"line":58,"column":13}},"14":{"start":{"line":47,"column":43},"end":{"line":53,"column":6}},"15":{"start":{"line":54,"column":4},"end":{"line":56,"column":7}},"16":{"start":{"line":55,"column":6},"end":{"line":55,"column":71}},"17":{"start":{"line":57,"column":4},"end":{"line":57,"column":77}},"18":{"start":{"line":57,"column":43},"end":{"line":57,"column":74}},"19":{"start":{"line":60,"column":2},"end":{"line":132,"column":4}},"20":{"start":{"line":73,"column":29},"end":{"line":73,"column":78}},"21":{"start":{"line":78,"column":29},"end":{"line":78,"column":77}},"22":{"start":{"line":83,"column":29},"end":{"line":83,"column":73}},"23":{"start":{"line":88,"column":29},"end":{"line":88,"column":74}},"24":{"start":{"line":93,"column":27},"end":{"line":98,"column":16}},"25":{"start":{"line":99,"column":14},"end":{"line":106,"column":33}},"26":{"start":{"line":107,"column":14},"end":{"line":107,"column":64}},"27":{"start":{"line":108,"column":14},"end":{"line":108,"column":30}}},"fnMap":{"0":{"name":"FeedbackPage","decl":{"start":{"line":29,"column":24},"end":{"line":29,"column":36}},"loc":{"start":{"line":29,"column":36},"end":{"line":133,"column":1}}},"1":{"name":"(anonymous_2)","decl":{"start":{"line":38,"column":18},"end":{"line":38,"column":23}},"loc":{"start":{"line":38,"column":29},"end":{"line":41,"column":3}}},"2":{"name":"(anonymous_3)","decl":{"start":{"line":42,"column":12},"end":{"line":42,"column":15}},"loc":{"start":{"line":42,"column":17},"end":{"line":44,"column":3}}},"3":{"name":"(anonymous_4)","decl":{"start":{"line":43,"column":20},"end":{"line":43,"column":23}},"loc":{"start":{"line":43,"column":26},"end":{"line":43,"column":38}}},"4":{"name":"(anonymous_5)","decl":{"start":{"line":46,"column":28},"end":{"line":46,"column":31}},"loc":{"start":{"line":46,"column":33},"end":{"line":58,"column":3}}},"5":{"name":"(anonymous_6)","decl":{"start":{"line":54,"column":18},"end":{"line":54,"column":19}},"loc":{"start":{"line":54,"column":25},"end":{"line":56,"column":5}}},"6":{"name":"(anonymous_7)","decl":{"start":{"line":57,"column":35},"end":{"line":57,"column":36}},"loc":{"start":{"line":57,"column":43},"end":{"line":57,"column":74}}},"7":{"name":"(anonymous_8)","decl":{"start":{"line":73,"column":22},"end":{"line":73,"column":23}},"loc":{"start":{"line":73,"column":29},"end":{"line":73,"column":78}}},"8":{"name":"(anonymous_9)","decl":{"start":{"line":78,"column":22},"end":{"line":78,"column":23}},"loc":{"start":{"line":78,"column":29},"end":{"line":78,"column":77}}},"9":{"name":"(anonymous_10)","decl":{"start":{"line":83,"column":22},"end":{"line":83,"column":23}},"loc":{"start":{"line":83,"column":29},"end":{"line":83,"column":73}}},"10":{"name":"(anonymous_11)","decl":{"start":{"line":88,"column":22},"end":{"line":88,"column":23}},"loc":{"start":{"line":88,"column":29},"end":{"line":88,"column":74}}},"11":{"name":"(anonymous_12)","decl":{"start":{"line":92,"column":21},"end":{"line":92,"column":26}},"loc":{"start":{"line":92,"column":32},"end":{"line":109,"column":13}}},"12":{"name":"(anonymous_13)","decl":{"start":{"line":106,"column":23},"end":{"line":106,"column":26}},"loc":{"start":{"line":106,"column":28},"end":{"line":106,"column":31}}}},"branchMap":{"0":{"loc":{"start":{"line":55,"column":35},"end":{"line":55,"column":65}},"type":"binary-expr","locations":[{"start":{"line":55,"column":35},"end":{"line":55,"column":60}},{"start":{"line":55,"column":64},"end":{"line":55,"column":65}}]},"1":{"loc":{"start":{"line":95,"column":37},"end":{"line":95,"column":59}},"type":"binary-expr","locations":[{"start":{"line":95,"column":37},"end":{"line":95,"column":52}},{"start":{"line":95,"column":56},"end":{"line":95,"column":59}}]},"2":{"loc":{"start":{"line":96,"column":33},"end":{"line":96,"column":51}},"type":"binary-expr","locations":[{"start":{"line":96,"column":33},"end":{"line":96,"column":44}},{"start":{"line":96,"column":48},"end":{"line":96,"column":51}}]}},"s":{"0":0,"1":0,"2":0,"3":0,"4":0,"5":0,"6":0,"7":0,"8":0,"9":0,"10":0,"11":0,"12":0,"13":0,"14":0,"15":0,"16":0,"17":0,"18":0,"19":0,"20":0,"21":0,"22":0,"23":0,"24":0,"25":0,"26":0,"27":0},"f":{"0":0,"1":0,"2":0,"3":0,"4":0,"5":0,"6":0,"7":0,"8":0,"9":0,"10":0,"11":0,"12":0},"b":{"0":[0,0],"1":[0,0],"2":[0,0]}}
,"/home/azureuser/hms-enterprise-grade/frontend/hms-frontend/src/pages/LoginPage.tsx": {"path":"/home/azureuser/hms-enterprise-grade/frontend/hms-frontend/src/pages/LoginPage.tsx","statementMap":{"0":{"start":{"line":4,"column":0},"end":{"line":4,"column":24}},"1":{"start":{"line":1,"column":0},"end":{"line":1,"column":33}},"2":{"start":{"line":2,"column":0},"end":{"line":2,"column":26}},"3":{"start":{"line":5,"column":34},"end":{"line":5,"column":46}},"4":{"start":{"line":6,"column":34},"end":{"line":6,"column":46}},"5":{"start":{"line":7,"column":28},"end":{"line":7,"column":57}},"6":{"start":{"line":8,"column":32},"end":{"line":8,"column":47}},"7":{"start":{"line":10,"column":19},"end":{"line":26,"column":3}},"8":{"start":{"line":11,"column":4},"end":{"line":11,"column":23}},"9":{"start":{"line":12,"column":4},"end":{"line":12,"column":19}},"10":{"start":{"line":13,"column":4},"end":{"line":13,"column":21}},"11":{"start":{"line":14,"column":4},"end":{"line":25,"column":5}},"12":{"start":{"line":15,"column":18},"end":{"line":15,"column":78}},"13":{"start":{"line":16,"column":34},"end":{"line":16,"column":42}},"14":{"start":{"line":17,"column":6},"end":{"line":17,"column":50}},"15":{"start":{"line":18,"column":6},"end":{"line":18,"column":52}},"16":{"start":{"line":19,"column":6},"end":{"line":19,"column":33}},"17":{"start":{"line":21,"column":20},"end":{"line":21,"column":72}},"18":{"start":{"line":22,"column":6},"end":{"line":22,"column":64}},"19":{"start":{"line":24,"column":6},"end":{"line":24,"column":24}},"20":{"start":{"line":28,"column":2},"end":{"line":81,"column":4}},"21":{"start":{"line":49,"column":31},"end":{"line":49,"column":58}},"22":{"start":{"line":66,"column":31},"end":{"line":66,"column":58}}},"fnMap":{"0":{"name":"LoginPage","decl":{"start":{"line":4,"column":24},"end":{"line":4,"column":33}},"loc":{"start":{"line":4,"column":33},"end":{"line":82,"column":1}}},"1":{"name":"(anonymous_2)","decl":{"start":{"line":10,"column":19},"end":{"line":10,"column":24}},"loc":{"start":{"line":10,"column":48},"end":{"line":26,"column":3}}},"2":{"name":"(anonymous_3)","decl":{"start":{"line":49,"column":24},"end":{"line":49,"column":25}},"loc":{"start":{"line":49,"column":31},"end":{"line":49,"column":58}}},"3":{"name":"(anonymous_4)","decl":{"start":{"line":66,"column":24},"end":{"line":66,"column":25}},"loc":{"start":{"line":66,"column":31},"end":{"line":66,"column":58}}}},"branchMap":{"0":{"loc":{"start":{"line":22,"column":15},"end":{"line":22,"column":62}},"type":"binary-expr","locations":[{"start":{"line":22,"column":15},"end":{"line":22,"column":44}},{"start":{"line":22,"column":48},"end":{"line":22,"column":62}}]},"1":{"loc":{"start":{"line":32,"column":9},"end":{"line":35,"column":null}},"type":"binary-expr","locations":[{"start":{"line":32,"column":9},"end":{"line":32,"column":14}},{"start":{"line":33,"column":10},"end":{"line":34,"column":null}}]},"2":{"loc":{"start":{"line":76,"column":13},"end":{"line":76,"column":48}},"type":"cond-expr","locations":[{"start":{"line":76,"column":23},"end":{"line":76,"column":38}},{"start":{"line":76,"column":41},"end":{"line":76,"column":48}}]}},"s":{"0":1,"1":1,"2":1,"3":93,"4":93,"5":93,"6":93,"7":93,"8":4,"9":4,"10":4,"11":4,"12":4,"13":1,"14":1,"15":1,"16":1,"17":2,"18":2,"19":3,"20":93,"21":40,"22":40},"f":{"0":93,"1":4,"2":40,"3":40},"b":{"0":[2,1],"1":[93,2],"2":[4,89]}}
[...]
}}},"7":{"name":"(anonymous_8)","decl":{"start":{"line":56,"column":24},"end":{"line":56,"column":29}},"loc":{"start":{"line":56,"column":35},"end":{"line":66,"column":3}}},"8":{"name":"(anonymous_9)","decl":{"start":{"line":82,"column":22},"end":{"line":82,"column":23}},"loc":{"start":{"line":82,"column":29},"end":{"line":82,"column":57}}},"9":{"name":"(anonymous_10)","decl":{"start":{"line":87,"column":22},"end":{"line":87,"column":23}},"loc":{"start":{"line":87,"column":29},"end":{"line":87,"column":56}}},"10":{"name":"(anonymous_11)","decl":{"start":{"line":100,"column":20},"end":{"line":100,"column":21}},"loc":{"start":{"line":100,"column":27},"end":{"line":100,"column":47}}}},"branchMap":{"0":{"loc":{"start":{"line":41,"column":14},"end":{"line":41,"column":36}},"type":"cond-expr","locations":[{"start":{"line":41,"column":18},"end":{"line":41,"column":31}},{"start":{"line":41,"column":34},"end":{"line":41,"column":36}}]},"1":{"loc":{"start":{"line":43,"column":17},"end":{"line":43,"column":41}},"type":"binary-expr","locations":[{"start":{"line":43,"column":17},"end":{"line":43,"column":31}},{"start":{"line":43,"column":35},"end":{"line":43,"column":41}}]},"2":{"loc":{"start":{"line":57,"column":4},"end":{"line":57,"column":28}},"type":"if","locations":[{"start":{"line":57,"column":4},"end":{"line":57,"column":28}}]},"3":{"loc":{"start":{"line":92,"column":22},"end":{"line":92,"column":60}},"type":"binary-expr","locations":[{"start":{"line":92,"column":22},"end":{"line":92,"column":32}},{"start":{"line":92,"column":36},"end":{"line":92,"column":45}},{"start":{"line":92,"column":49},"end":{"line":92,"column":60}}]}},"s":{"0":0,"1":0,"2":0,"3":0,"4":0,"5":0,"6":0,"7":0,"8":0,"9":0,"10":0,"11":0,"12":0,"13":0,"14":0,"15":0,"16":0,"17":0,"18":0,"19":0,"20":0,"21":0,"22":0,"23":0,"24":0,"25":0,"26":0,"27":0,"28":0,"29":0,"30":0,"31":0,"32":0,"33":0,"34":0},"f":{"0":0,"1":0,"2":0,"3":0,"4":0,"5":0,"6":0,"7":0,"8":0,"9":0,"10":0},"b":{"0":[0,0],"1":[0,0],"2":[0],"3":[0,0,0]}}
,"/home/azureuser/hms-enterprise-grade/frontend/hms-frontend/src/pages/RadiologyPage.tsx": {"path":"/home/azureuser/hms-enterprise-grade/frontend/hms-frontend/src/pages/RadiologyPage.tsx","statementMap":{"0":{"start":{"line":19,"column":0},"end":{"line":19,"column":24}},"1":{"start":{"line":1,"column":0},"end":{"line":1,"column":44}},"2":{"start":{"line":2,"column":0},"end":{"line":2,"column":null}},"3":{"start":{"line":10,"column":0},"end":{"line":10,"column":26}},"4":{"start":{"line":20,"column":30},"end":{"line":20,"column":60}},"5":{"start":{"line":21,"column":26},"end":{"line":25,"column":4}},"6":{"start":{"line":26,"column":30},"end":{"line":26,"column":72}},"7":{"start":{"line":28,"column":18},"end":{"line":31,"column":3}},"8":{"start":{"line":29,"column":14},"end":{"line":29,"column":54}},"9":{"start":{"line":30,"column":4},"end":{"line":30,"column":22}},"10":{"start":{"line":33,"column":2},"end":{"line":35,"column":9}},"11":{"start":{"line":34,"column":4},"end":{"line":34,"column":41}},"12":{"start":{"line":34,"column":26},"end":{"line":34,"column":39}},"13":{"start":{"line":37,"column":2},"end":{"line":136,"column":4}},"14":{"start":{"line":50,"column":29},"end":{"line":50,"column":77}},"15":{"start":{"line":55,"column":29},"end":{"line":55,"column":77}},"16":{"start":{"line":60,"column":29},"end":{"line":60,"column":75}},"17":{"start":{"line":65,"column":30},"end":{"line":68,"column":16}},"18":{"start":{"line":69,"column":14},"end":{"line":76,"column":33}},"19":{"start":{"line":77,"column":14},"end":{"line":77,"column":30}},"20":{"start":{"line":89,"column":10},"end":{"line":89,"column":26}},"21":{"start":{"line":104,"column":29},"end":{"line":104,"column":79}},"22":{"start":{"line":110,"column":14},"end":{"line":110,"column":66}},"23":{"start":{"line":116,"column":14},"end":{"line":119,"column":17}},"24":{"start":{"line":120,"column":14},"end":{"line":127,"column":33}},"25":{"start":{"line":128,"column":14},"end":{"line":128,"column":58}}},"fnMap":{"0":{"name":"RadiologyPage","decl":{"start":{"line":19,"column":24},"end":{"line":19,"column":37}},"loc":{"start":{"line":19,"column":37},"end":{"line":137,"column":1}}},"1":{"name":"(anonymous_2)","decl":{"start":{"line":28,"column":18},"end":{"line":28,"column":23}},"loc":{"start":{"line":28,"column":29},"end":{"line":31,"column":3}}},"2":{"name":"(anonymous_3)","decl":{"start":{"line":33,"column":12},"end":{"line":33,"column":15}},"loc":{"start":{"line":33,"column":17},"end":{"line":35,"column":3}}},"3":{"name":"(anonymous_4)","decl":{"start":{"line":34,"column":20},"end":{"line":34,"column":23}},"loc":{"start":{"line":34,"column":26},"end":{"line":34,"column":39}}},"4":{"name":"(anonymous_5)","decl":{"start":{"line":50,"column":22},"end":{"line":50,"column":23}},"loc":{"start":{"line":50,"column":29},"end":{"line":50,"column":77}}},"5":{"name":"(anonymous_6)","decl":{"start":{"line":55,"column":22},"end":{"line":55,"column":23}},"loc":{"start":{"line":55,"column":29},"end":{"line":55,"column":77}}},"6":{"name":"(anonymous_7)","decl":{"start":{"line":60,"column":22},"end":{"line":60,"column":23}},"loc":{"start":{"line":60,"column":29},"end":{"line":60,"column":75}}},"7":{"name":"(anonymous_8)","decl":{"start":{"line":64,"column":21},"end":{"line":64,"column":26}},"loc":{"start":{"line":64,"column":32},"end":{"line":78,"column":13}}},"8":{"name":"(anonymous_9)","decl":{"start":{"line":76,"column":23},"end":{"line":76,"column":26}},"loc":{"start":{"line":76,"column":28},"end":{"line":76,"column":31}}},"9":{"name":"(anonymous_10)","decl":{"start":{"line":88,"column":20},"end":{"line":88,"column":21}},"loc":{"start":{"line":89,"column":10},"end":{"line":89,"column":26}}},"10":{"name":"(anonymous_11)","decl":{"start":{"line":104,"column":22},"end":{"line":104,"column":23}},"loc":{"start":{"line":104,"column":29},"end":{"line":104,"column":79}}},"11":{"name":"(anonymous_12)","decl":{"start":{"line":109,"column":22},"end":{"line":109,"column":23}},"loc":{"start":{"line":110,"column":14},"end":{"line":110,"column":66}}},"12":{"name":"(anonymous_13)","decl":{"start":{"line":115,"column":21},"end":{"line":115,"column":26}},"loc":{"start":{"line":115,"column":32},"end":{"line":129,"column":13}}},"13":{"name":"(anonymous_14)","decl":{"start":{"line":127,"column":23},"end":{"line":127,"column":26}},"loc":{"start":{"line":127,"column":28},"end":{"line":127,"column":31}}}},"branchMap":{"0":{"loc":{"start":{"line":67,"column":37},"end":{"line":67,"column":59}},"type":"binary-expr","locations":[{"start":{"line":67,"column":37},"end":{"line":67,"column":52}},{"start":{"line":67,"column":56},"end":{"line":67,"column":59}}]},"1":{"loc":{"start":{"line":117,"column":35},"end":{"line":117,"column":57}},"type":"binary-expr","locations":[{"start":{"line":117,"column":35},"end":{"line":117,"column":50}},{"start":{"line":117,"column":54},"end":{"line":117,"column":57}}]}},"s":{"0":0,"1":0,"2":0,"3":0,"4":0,"5":0,"6":0,"7":0,"8":0,"9":0,"10":0,"11":0,"12":0,"13":0,"14":0,"15":0,"16":0,"17":0,"18":0,"19":0,"20":0,"21":0,"22":0,"23":0,"24":0,"25":0},"f":{"0":0,"1":0,"2":0,"3":0,"4":0,"5":0,"6":0,"7":0,"8":0,"9":0,"10":0,"11":0,"12":0,"13":0},"b":{"0":[0,0],"1":[0,0]}}
,"/home/azureuser/hms-enterprise-grade/frontend/hms-frontend/src/pages/SuperAdminPage.tsx": {"path":"/home/azureuser/hms-enterprise-grade/frontend/hms-frontend/src/pages/SuperAdminPage.tsx","statementMap":{"0":{"start":{"line":1,"column":0},"end":{"line":1,"column":51}},"1":{"start":{"line":2,"column":0},"end":{"line":2,"column":null}},"2":{"start":{"line":13,"column":0},"end":{"line":13,"column":26}},"3":{"start":{"line":40,"column":33},"end":{"line":160,"column":1}},"4":{"start":{"line":41,"column":36},"end":{"line":41,"column":60}},"5":{"start":{"line":42,"column":28},"end":{"line":42,"column":48}},"6":{"start":{"line":43,"column":46},"end":{"line":45,"column":7}},"7":{"start":{"line":47,"column":2},"end":{"line":50,"column":9}},"8":{"start":{"line":48,"column":4},"end":{"line":48,"column":67}},"9":{"start":{"line":48,"column":45},"end":{"line":48,"column":65}},"10":{"start":{"line":49,"column":4},"end":{"line":49,"column":59}},"11":{"start":{"line":49,"column":41},"end":{"line":49,"column":57}},"12":{"start":{"line":52,"column":2},"end":{"line":65,"column":18}},"13":{"start":{"line":53,"column":4},"end":{"line":53,"column":39}},"14":{"start":{"line":53,"column":32},"end":{"line":53,"column":39}},"15":{"start":{"line":54,"column":4},"end":{"line":64,"column":7}},"16":{"start":{"line":55,"column":6},"end":{"line":63,"column":79}},"17":{"start":{"line":58,"column":23},"end":{"line":58,"column":65}},"18":{"start":{"line":61,"column":10},"end":{"line":61,"column":74}},"19":{"start":{"line":61,"column":39},"end":{"line":61,"column":71}},"20":{"start":{"line":63,"column":21},"end":{"line":63,"column":77}},"21":{"start":{"line":63,"column":50},"end":{"line":63,"column":75}},"22":{"start":{"line":67,"column":20},"end":{"line":75,"column":3}},"23":{"start":{"line":71,"column":20},"end":{"line":71,"column":46}},"24":{"start":{"line":72,"column":4},"end":{"line":72,"column":25}},"25":{"start":{"line":72,"column":18},"end":{"line":72,"column":25}},"26":{"start":{"line":73,"column":17},"end":{"line":73,"column":79}},"27":{"start":{"line":74,"column":4},"end":{"line":74,"column":72}},"28":{"start":{"line":74,"column":33},"end":{"line":74,"column":69}},"29":{"start":{"line":77,"column":21},"end":{"line":81,"column":3}},"30":{"start":{"line":78,"column":20},"end":{"line":78,"column":46}},"31":{"start":{"line":79,"column":4},"end":{"line":79,"column":25}},"32":{"start":{"line":79,"column":18},"end":{"line":79,"column":25}},"33":{"start":{"line":80,"column":4},"end":{"line":80,"column":53}},"34":{"start":{"line":91,"column":7},"end":{"line":97,"column":4}},"35":{"start":{"line":99,"column":2},"end":{"line":159,"column":4}},"36":{"start":{"line":106,"column":22},"end":{"line":106,"column":42}},"37":{"start":{"line":107,"column":10},"end":{"line":155,"column":12}},"38":{"start":{"line":122,"column":35},"end":{"line":122,"column":75}},"39":{"start":{"line":126,"column":20},"end":{"line":126,"column":41}},"40":{"start":{"line":135,"column":18},"end":{"line":136,"column":null}},"41":{"start":{"line":146,"column":26},"end":{"line":146,"column":63}},"42":{"start":{"line":162,"column":0},"end":{"line":162,"column":30}}},"fnMap":{"0":{"name":"(anonymous_1)","decl":{"start":{"line":40,"column":33},"end":{"line":40,"column":36}},"loc":{"start":{"line":40,"column":38},"end":{"line":160,"column":1}}},"1":{"name":"(anonymous_2)","decl":{"start":{"line":47,"column":12},"end":{"line":47,"column":15}},"loc":{"start":{"line":47,"column":17},"end":{"line":50,"column":3}}},"2":{"name":"(anonymous_3)","decl":{"start":{"line":48,"column":38},"end":{"line":48,"column":39}},"loc":{"start":{"line":48,"column":45},"end":{"line":48,"column":65}}},"3":{"name":"(anonymous_4)","decl":{"start":{"line":49,"column":34},"end":{"line":49,"column":35}},"loc":{"start":{"line":49,"column":41},"end":{"line":49,"column":57}}},"4":{"name":"(anonymous_5)","decl":{"start":{"line":52,"column":12},"end":{"line":52,"column":15}},"loc":{"start":{"line":52,"column":17},"end":{"line":65,"column":3}}},"5":{"name":"(anonymous_6)","decl":{"start":{"line":54,"column":22},"end":{"line":54,"column":23}},"loc":{"start":{"line":54,"column":28},"end":{"line":64,"column":5}}},"6":{"name":"(anonymous_7)","decl":{"start":{"line":57,"column":14},"end":{"line":57,"column":15}},"loc":{"start":{"line":57,"column":20},"end":{"line":62,"column":9}}},"7":{"name":"(anonymous_8)","decl":{"start":{"line":61,"column":28},"end":{"line":61,"column":29}},"loc":{"start":{"line":61,"column":39},"end":{"line":61,"column":71}}},"8":{"name":"(anonymous_9)","decl":{"start":{"line":63,"column":15},"end":{"line":63,"column":18}},"loc":{"start":{"line":63,"column":21},"end":{"line":63,"column":77}}},"9":{"name":"(anonymous_10)","decl":{"start":{"line":63,"column":39},"end":{"line":63,"column":40}},"loc":{"start":{"line":63,"column":50},"end":{"line":63,"column":75}}},"10":{"name":"(anonymous_11)","decl":{"start":{"line":67,"column":20},"end":{"line":67,"column":25}},"loc":{"start":{"line":70,"column":6},"end":{"line":75,"column":3}}},"11":{"name":"(anonymous_12)","decl":{"start":{"line":74,"column":22},"end":{"line":74,"column":23}},"loc":{"start":{"line":74,"column":33},"end":{"line":74,"column":69}}},"12":{"name":"(anonymous_13)","decl":{"start":{"line":77,"column":21},"end":{"line":77,"column":26}},"loc":{"start":{"line":77,"column":66},"end":{"line":81,"column":3}}},"13":{"name":"(anonymous_14)","decl":{"start":{"line":105,"column":23},"end":{"line":105,"column":24}},"loc":{"start":{"line":105,"column":29},"end":{"line":156,"column":9}}},"14":{"name":"(anonymous_15)","decl":{"start":{"line":122,"column":28},"end":{"line":122,"column":29}},"loc":{"start":{"line":122,"column":35},"end":{"line":122,"column":75}}},"15":{"name":"(anonymous_16)","decl":{"start":{"line":125,"column":29},"end":{"line":125,"column":30}},"loc":{"start":{"line":126,"column":20},"end":{"line":126,"column":41}}},"16":{"name":"(anonymous_17)","decl":{"start":{"line":134,"column":27},"end":{"line":134,"column":28}},"loc":{"start":{"line":135,"column":18},"end":{"line":136,"column":null}}},"17":{"name":"(anonymous_18)","decl":{"start":{"line":145,"column":34},"end":{"line":145,"column":35}},"loc":{"start":{"line":146,"column":26},"end":{"line":146,"column":63}}}},"branchMap":{"0":{"loc":{"start":{"line":53,"column":4},"end":{"line":53,"column":39}},"type":"if","locations":[{"start":{"line":53,"column":4},"end":{"line":53,"column":39}}]},"1":{"loc":{"start":{"line":58,"column":23},"end":{"line":58,"column":65}},"type":"cond-expr","locations":[{"start":{"line":58,"column":47},"end":{"line":58,"column":56}},{"start":{"line":58,"column":59},"end":{"line":58,"column":65}}]},"2":{"loc":{"start":{"line":61,"column":58},"end":{"line":61,"column":69}},"type":"binary-expr","locations":[{"start":{"line":61,"column":58},"end":{"line":61,"column":61}},{"start":{"line":61,"column":65},"end":{"line":61,"column":69}}]},"3":{"loc":{"start":{"line":72,"column":4},"end":{"line":72,"column":25}},"type":"if","locations":[{"start":{"line":72,"column":4},"end":{"line":72,"column":25}}]},"4":{"loc":{"start":{"line":79,"column":4},"end":{"line":79,"column":25}},"type":"if","locations":[{"start":{"line":79,"column":4},"end":{"line":79,"column":25}}]},"5":{"loc":{"start":{"line":121,"column":25},"end":{"line":121,"column":44}},"type":"binary-expr","locations":[{"start":{"line":121,"column":25},"end":{"line":121,"column":38}},{"start":{"line":121,"column":42},"end":{"line":121,"column":44}}]},"6":{"loc":{"start":{"line":140,"column":26},"end":{"line":143,"column":35}},"type":"cond-expr","locations":[{"start":{"line":142,"column":30},"end":{"line":142,"column":34}},{"start":{"line":143,"column":30},"end":{"line":143,"column":35}}]},"7":{"loc":{"start":{"line":140,"column":26},"end":{"line":141,"column":77}},"type":"binary-expr","locations":[{"start":{"line":140,"column":26},"end":{"line":140,"column":29}},{"start":{"line":141,"column":27},"end":{"line":141,"column":37}},{"start":{"line":141,"column":42},"end":{"line":141,"column":75}}]},"8":{"loc":{"start":{"line":141,"column":42},"end":{"line":141,"column":75}},"type":"cond-expr","locations":[{"start":{"line":141,"column":53},"end":{"line":141,"column":68}},{"start":{"line":141,"column":71},"end":{"line":141,"column":75}}]}},"s":{"0":0,"1":0,"2":0,"3":0,"4":0,"5":0,"6":0,"7":0,"8":0,"9":0,"10":0,"11":0,"12":0,"13":0,"14":0,"15":0,"16":0,"17":0,"18":0,"19":0,"20":0,"21":0,"22":0,"23":0,"24":0,"25":0,"26":0,"27":0,"28":0,"29":0,"30":0,"31":0,"32":0,"33":0,"34":0,"35":0,"36":0,"37":0,"38":0,"39":0,"40":0,"41":0,"42":0},"f":{"0":0,"1":0,"2":0,"3":0,"4":0,"5":0,"6":0,"7":0,"8":0,"9":0,"10":0,"11":0,"12":0,"13":0,"14":0,"15":0,"16":0,"17":0},"b":{"0":[0],"1":[0,0],"2":[0,0],"3":[0],"4":[0],"5":[0,0],"6":[0,0],"7":[0,0,0],"8":[0,0]}}
,"/home/azureuser/hms-enterprise-grade/frontend/hms-frontend/src/pages/TriagePage.tsx": {"path":"/home/azureuser/hms-enterprise-grade/frontend/hms-frontend/src/pages/TriagePage.tsx","statementMap":{"0":{"start":{"line":12,"column":0},"end":{"line":12,"column":24}},"1":{"start":{"line":1,"column":0},"end":{"line":1,"column":33}},"2":{"start":{"line":2,"column":0},"end":{"line":2,"column":null}},"3":{"start":{"line":10,"column":0},"end":{"line":10,"column":26}},"4":{"start":{"line":13,"column":26},"end":{"line":19,"column":4}},"5":{"start":{"line":20,"column":30},"end":{"line":23,"column":17}},"6":{"start":{"line":24,"column":2},"end":{"line":92,"column":4}},"7":{"start":{"line":36,"column":14},"end":{"line":36,"column":72}},"8":{"start":{"line":44,"column":14},"end":{"line":44,"column":79}},"9":{"start":{"line":52,"column":14},"end":{"line":52,"column":80}},"10":{"start":{"line":60,"column":14},"end":{"line":60,"column":73}},"11":{"start":{"line":68,"column":14},"end":{"line":71,"column":16}},"12":{"start":{"line":77,"column":24},"end":{"line":77,"column":67}},"13":{"start":{"line":78,"column":14},"end":{"line":78,"column":32}}},"fnMap":{"0":{"name":"TriagePage","decl":{"start":{"line":12,"column":24},"end":{"line":12,"column":34}},"loc":{"start":{"line":12,"column":34},"end":{"line":93,"column":1}}},"1":{"name":"(anonymous_2)","decl":{"start":{"line":35,"column":22},"end":{"line":35,"column":23}},"loc":{"start":{"line":36,"column":14},"end":{"line":36,"column":72}}},"2":{"name":"(anonymous_3)","decl":{"start":{"line":43,"column":22},"end":{"line":43,"column":23}},"loc":{"start":{"line":44,"column":14},"end":{"line":44,"column":79}}},"3":{"name":"(anonymous_4)","decl":{"start":{"line":51,"column":22},"end":{"line":51,"column":23}},"loc":{"start":{"line":52,"column":14},"end":{"line":52,"column":80}}},"4":{"name":"(anonymous_5)","decl":{"start":{"line":59,"column":22},"end":{"line":59,"column":23}},"loc":{"start":{"line":60,"column":14},"end":{"line":60,"column":73}}},"5":{"name":"(anonymous_6)","decl":{"start":{"line":67,"column":22},"end":{"line":67,"column":23}},"loc":{"start":{"line":68,"column":14},"end":{"line":71,"column":16}}},"6":{"name":"(anonymous_7)","decl":{"start":{"line":76,"column":21},"end":{"line":76,"column":26}},"loc":{"start":{"line":76,"column":32},"end":{"line":79,"column":13}}}},"branchMap":{"0":{"loc":{"start":{"line":36,"column":47},"end":{"line":36,"column":68}},"type":"binary-expr","locations":[{"start":{"line":36,"column":47},"end":{"line":36,"column":61}},{"start":{"line":36,"column":65},"end":{"line":36,"column":68}}]},"1":{"loc":{"start":{"line":44,"column":54},"end":{"line":44,"column":75}},"type":"binary-expr","locations":[{"start":{"line":44,"column":54},"end":{"line":44,"column":68}},{"start":{"line":44,"column":72},"end":{"line":44,"column":75}}]},"2":{"loc":{"start":{"line":52,"column":55},"end":{"line":52,"column":76}},"type":"binary-expr","locations":[{"start":{"line":52,"column":55},"end":{"line":52,"column":69}},{"start":{"line":52,"column":73},"end":{"line":52,"column":76}}]},"3":{"loc":{"start":{"line":60,"column":48},"end":{"line":60,"column":69}},"type":"binary-expr","locations":[{"start":{"line":60,"column":48},"end":{"line":60,"column":62}},{"start":{"line":60,"column":66},"end":{"line":60,"column":69}}]},"4":{"loc":{"start":{"line":70,"column":42},"end":{"line":70,"column":63}},"type":"binary-expr","locations":[{"start":{"line":70,"column":42},"end":{"line":70,"column":56}},{"start":{"line":70,"column":60},"end":{"line":70,"column":63}}]},"5":{"loc":{"start":{"line":84,"column":9},"end":{"line":88,"column":null}},"type":"binary-expr","locations":[{"start":{"line":84,"column":9},"end":{"line":84,"column":15}},{"start":{"line":85,"column":10},"end":{"line":87,"column":null}}]}},"s":{"0":0,"1":0,"2":0,"3":0,"4":0,"5":0,"6":0,"7":0,"8":0,"9":0,"10":0,"11":0,"12":0,"13":0},"f":{"0":0,"1":0,"2":0,"3":0,"4":0,"5":0,"6":0},"b":{"0":[0,0],"1":[0,0],"2":[0,0],"3":[0,0],"4":[0,0],"5":[0,0]}}
}
