{"/home/azureuser/hms-enterprise-grade/frontend/hms-frontend/src/App.tsx": {"path":"/home/azureuser/hms-enterprise-grade/frontend/hms-frontend/src/App.tsx","statementMap":{"0":{"start":{"line":1,"column":0},"end":{"line":1,"column":38}},"1":{"start":{"line":2,"column":0},"end":{"line":2,"column":52}},"2":{"start":{"line":3,"column":0},"end":{"line":3,"column":61}},"3":{"start":{"line":4,"column":0},"end":{"line":4,"column":79}},"4":{"start":{"line":5,"column":0},"end":{"line":5,"column":72}},"5":{"start":{"line":6,"column":0},"end":{"line":6,"column":61}},"6":{"start":{"line":8,"column":18},"end":{"line":8,"column":57}},"7":{"start":{"line":8,"column":28},"end":{"line":8,"column":56}},"8":{"start":{"line":9,"column":22},"end":{"line":9,"column":65}},"9":{"start":{"line":9,"column":32},"end":{"line":9,"column":64}},"10":{"start":{"line":10,"column":21},"end":{"line":10,"column":63}},"11":{"start":{"line":10,"column":31},"end":{"line":10,"column":62}},"12":{"start":{"line":11,"column":25},"end":{"line":11,"column":71}},"13":{"start":{"line":11,"column":35},"end":{"line":11,"column":70}},"14":{"start":{"line":12,"column":17},"end":{"line":12,"column":64}},"15":{"start":{"line":12,"column":27},"end":{"line":12,"column":63}},"16":{"start":{"line":13,"column":19},"end":{"line":13,"column":59}},"17":{"start":{"line":13,"column":29},"end":{"line":13,"column":58}},"18":{"start":{"line":14,"column":26},"end":{"line":14,"column":73}},"19":{"start":{"line":14,"column":36},"end":{"line":14,"column":72}},"20":{"start":{"line":15,"column":22},"end":{"line":15,"column":65}},"21":{"start":{"line":15,"column":32},"end":{"line":15,"column":64}},"22":{"start":{"line":16,"column":22},"end":{"line":16,"column":65}},"23":{"start":{"line":16,"column":32},"end":{"line":16,"column":64}},"24":{"start":{"line":17,"column":21},"end":{"line":17,"column":63}},"25":{"start":{"line":17,"column":31},"end":{"line":17,"column":62}},"26":{"start":{"line":18,"column":20},"end":{"line":18,"column":61}},"27":{"start":{"line":18,"column":30},"end":{"line":18,"column":60}},"28":{"start":{"line":19,"column":18},"end":{"line":19,"column":57}},"29":{"start":{"line":19,"column":28},"end":{"line":19,"column":56}},"30":{"start":{"line":20,"column":21},"end":{"line":20,"column":63}},"31":{"start":{"line":20,"column":31},"end":{"line":20,"column":62}},"32":{"start":{"line":21,"column":25},"end":{"line":21,"column":71}},"33":{"start":{"line":21,"column":35},"end":{"line":21,"column":70}},"34":{"start":{"line":22,"column":23},"end":{"line":22,"column":67}},"35":{"start":{"line":22,"column":33},"end":{"line":22,"column":66}},"36":{"start":{"line":24,"column":20},"end":{"line":24,"column":37}},"37":{"start":{"line":27,"column":16},"end":{"line":27,"column":51}},"38":{"start":{"line":28,"column":2},"end":{"line":28,"column":null}},"39":{"start":{"line":28,"column":14},"end":{"line":28,"column":null}},"40":{"start":{"line":29,"column":2},"end":{"line":29,"column":null}},"41":{"start":{"line":33,"column":27},"end":{"line":33,"column":36}},"42":{"start":{"line":34,"column":18},"end":{"line":34,"column":81}},"43":{"start":{"line":35,"column":18},"end":{"line":35,"column":46}},"44":{"start":{"line":36,"column":2},"end":{"line":68,"column":null}},"45":{"start":{"line":72,"column":2},"end":{"line":101,"column":null}},"46":{"start":{"line":104,"column":0},"end":{"line":104,"column":null}}},"fnMap":{"0":{"name":"(anonymous_7)","decl":{"start":{"line":8,"column":23},"end":{"line":8,"column":26}},"loc":{"start":{"line":8,"column":28},"end":{"line":8,"column":56}}},"1":{"name":"(anonymous_8)","decl":{"start":{"line":8,"column":28},"end":{"line":8,"column":36}},"loc":{"start":{"line":8,"column":28},"end":{"line":8,"column":56}}},"2":{"name":"(anonymous_9)","decl":{"start":{"line":9,"column":27},"end":{"line":9,"column":30}},"loc":{"start":{"line":9,"column":32},"end":{"line":9,"column":64}}},"3":{"name":"(anonymous_10)","decl":{"start":{"line":9,"column":32},"end":{"line":9,"column":40}},"loc":{"start":{"line":9,"column":32},"end":{"line":9,"column":64}}},"4":{"name":"(anonymous_11)","decl":{"start":{"line":10,"column":26},"end":{"line":10,"column":29}},"loc":{"start":{"line":10,"column":31},"end":{"line":10,"column":62}}},"5":{"name":"(anonymous_12)","decl":{"start":{"line":10,"column":31},"end":{"line":10,"column":39}},"loc":{"start":{"line":10,"column":31},"end":{"line":10,"column":62}}},"6":{"name":"(anonymous_13)","decl":{"start":{"line":11,"column":30},"end":{"line":11,"column":33}},"loc":{"start":{"line":11,"column":35},"end":{"line":11,"column":70}}},"7":{"name":"(anonymous_14)","decl":{"start":{"line":11,"column":35},"end":{"line":11,"column":43}},"loc":{"start":{"line":11,"column":35},"end":{"line":11,"column":70}}},"8":{"name":"(anonymous_15)","decl":{"start":{"line":12,"column":22},"end":{"line":12,"column":25}},"loc":{"start":{"line":12,"column":27},"end":{"line":12,"column":63}}},"9":{"name":"(anonymous_16)","decl":{"start":{"line":12,"column":27},"end":{"line":12,"column":35}},"loc":{"start":{"line":12,"column":27},"end":{"line":12,"column":63}}},"10":{"name":"(anonymous_17)","decl":{"start":{"line":13,"column":24},"end":{"line":13,"column":27}},"loc":{"start":{"line":13,"column":29},"end":{"line":13,"column":58}}},"11":{"name":"(anonymous_18)","decl":{"start":{"line":13,"column":29},"end":{"line":13,"column":37}},"loc":{"start":{"line":13,"column":29},"end":{"line":13,"column":58}}},"12":{"name":"(anonymous_19)","decl":{"start":{"line":14,"column":31},"end":{"line":14,"column":34}},"loc":{"start":{"line":14,"column":36},"end":{"line":14,"column":72}}},"13":{"name":"(anonymous_20)","decl":{"start":{"line":14,"column":36},"end":{"line":14,"column":44}},"loc":{"start":{"line":14,"column":36},"end":{"line":14,"column":72}}},"14":{"name":"(anonymous_21)","decl":{"start":{"line":15,"column":27},"end":{"line":15,"column":30}},"loc":{"start":{"line":15,"column":32},"end":{"line":15,"column":64}}},"15":{"name":"(anonymous_22)","decl":{"start":{"line":15,"column":32},"end":{"line":15,"column":40}},"loc":{"start":{"line":15,"column":32},"end":{"line":15,"column":64}}},"16":{"name":"(anonymous_23)","decl":{"start":{"line":16,"column":27},"end":{"line":16,"column":30}},"loc":{"start":{"line":16,"column":32},"end":{"line":16,"column":64}}},"17":{"name":"(anonymous_24)","decl":{"start":{"line":16,"column":32},"end":{"line":16,"column":40}},"loc":{"start":{"line":16,"column":32},"end":{"line":16,"column":64}}},"18":{"name":"(anonymous_25)","decl":{"start":{"line":17,"column":26},"end":{"line":17,"column":29}},"loc":{"start":{"line":17,"column":31},"end":{"line":17,"column":62}}},"19":{"name":"(anonymous_26)","decl":{"start":{"line":17,"column":31},"end":{"line":17,"column":39}},"loc":{"start":{"line":17,"column":31},"end":{"line":17,"column":62}}},"20":{"name":"(anonymous_27)","decl":{"start":{"line":18,"column":25},"end":{"line":18,"column":28}},"loc":{"start":{"line":18,"column":30},"end":{"line":18,"column":60}}},"21":{"name":"(anonymous_28)","decl":{"start":{"line":18,"column":30},"end":{"line":18,"column":38}},"loc":{"start":{"line":18,"column":30},"end":{"line":18,"column":60}}},"22":{"name":"(anonymous_29)","decl":{"start":{"line":19,"column":23},"end":{"line":19,"column":26}},"loc":{"start":{"line":19,"column":28},"end":{"line":19,"column":56}}},"23":{"name":"(anonymous_30)","decl":{"start":{"line":19,"column":28},"end":{"line":19,"column":36}},"loc":{"start":{"line":19,"column":28},"end":{"line":19,"column":56}}},"24":{"name":"(anonymous_31)","decl":{"start":{"line":20,"column":26},"end":{"line":20,"column":29}},"loc":{"start":{"line":20,"column":31},"end":{"line":20,"column":62}}},"25":{"name":"(anonymous_32)","decl":{"start":{"line":20,"column":31},"end":{"line":20,"column":39}},"loc":{"start":{"line":20,"column":31},"end":{"line":20,"column":62}}},"26":{"name":"(anonymous_33)","decl":{"start":{"line":21,"column":30},"end":{"line":21,"column":33}},"loc":{"start":{"line":21,"column":35},"end":{"line":21,"column":70}}},"27":{"name":"(anonymous_34)","decl":{"start":{"line":21,"column":35},"end":{"line":21,"column":43}},"loc":{"start":{"line":21,"column":35},"end":{"line":21,"column":70}}},"28":{"name":"(anonymous_35)","decl":{"start":{"line":22,"column":28},"end":{"line":22,"column":31}},"loc":{"start":{"line":22,"column":33},"end":{"line":22,"column":66}}},"29":{"name":"(anonymous_36)","decl":{"start":{"line":22,"column":33},"end":{"line":22,"column":41}},"loc":{"start":{"line":22,"column":33},"end":{"line":22,"column":66}}},"30":{"name":"PrivateRoute","decl":{"start":{"line":26,"column":9},"end":{"line":26,"column":21}},"loc":{"start":{"line":26,"column":59},"end":{"line":30,"column":1}}},"31":{"name":"Shell","decl":{"start":{"line":32,"column":9},"end":{"line":32,"column":14}},"loc":{"start":{"line":32,"column":52},"end":{"line":69,"column":1}}},"32":{"name":"App","decl":{"start":{"line":71,"column":9},"end":{"line":71,"column":12}},"loc":{"start":{"line":71,"column":12},"end":{"line":102,"column":1}}}},"branchMap":{"0":{"loc":{"start":{"line":28,"column":2},"end":{"line":28,"column":null}},"type":"if","locations":[{"start":{"line":28,"column":2},"end":{"line":28,"column":null}}]},"1":{"loc":{"start":{"line":34,"column":18},"end":{"line":34,"column":81}},"type":"binary-expr","locations":[{"start":{"line":34,"column":18},"end":{"line":34,"column":46}},{"start":{"line":34,"column":50},"end":{"line":34,"column":81}}]},"2":{"loc":{"start":{"line":56,"column":15},"end":{"line":56,"column":104}},"type":"binary-expr","locations":[{"start":{"line":56,"column":15},"end":{"line":56,"column":22}},{"start":{"line":56,"column":26},"end":{"line":56,"column":104}}]},"3":{"loc":{"start":{"line":57,"column":15},"end":{"line":57,"column":120}},"type":"binary-expr","locations":[{"start":{"line":57,"column":15},"end":{"line":57,"column":22}},{"start":{"line":57,"column":26},"end":{"line":57,"column":120}}]},"4":{"loc":{"start":{"line":58,"column":15},"end":{"line":58,"column":114}},"type":"binary-expr","locations":[{"start":{"line":58,"column":15},"end":{"line":58,"column":22}},{"start":{"line":58,"column":26},"end":{"line":58,"column":114}}]}},"s":{"0":0,"1":0,"2":0,"3":0,"4":0,"5":0,"6":0,"7":0,"8":0,"9":0,"10":0,"11":0,"12":0,"13":0,"14":0,"15":0,"16":0,"17":0,"18":0,"19":0,"20":0,"21":0,"22":0,"23":0,"24":0,"25":0,"26":0,"27":0,"28":0,"29":0,"30":0,"31":0,"32":0,"33":0,"34":0,"35":0,"36":0,"37":0,"38":0,"39":0,"40":0,"41":0,"42":0,"43":0,"44":0,"45":0,"46":0},"f":{"0":0,"1":0,"2":0,"3":0,"4":0,"5":0,"6":0,"7":0,"8":0,"9":0,"10":0,"11":0,"12":0,"13":0,"14":0,"15":0,"16":0,"17":0,"18":0,"19":0,"20":0,"21":0,"22":0,"23":0,"24":0,"25":0,"26":0,"27":0,"28":0,"29":0,"30":0,"31":0,"32":0},"b":{"0":[0],"1":[0,0],"2":[0,0],"3":[0,0],"4":[0,0]}}
,"/home/azureuser/hms-enterprise-grade/frontend/hms-frontend/src/theme.ts": {"path":"/home/azureuser/hms-enterprise-grade/frontend/hms-frontend/src/theme.ts","statementMap":{"0":{"start":{"line":5,"column":0},"end":{"line":5,"column":16}},"1":{"start":{"line":1,"column":0},"end":{"line":1,"column":50}},"2":{"start":{"line":6,"column":17},"end":{"line":6,"column":32}},"3":{"start":{"line":7,"column":2},"end":{"line":89,"column":null}},"4":{"start":{"line":92,"column":0},"end":{"line":92,"column":null}}},"fnMap":{"0":{"name":"getMonoTheme","decl":{"start":{"line":5,"column":16},"end":{"line":5,"column":28}},"loc":{"start":{"line":5,"column":43},"end":{"line":90,"column":1}}}},"branchMap":{"0":{"loc":{"start":{"line":10,"column":23},"end":{"line":10,"column":53}},"type":"cond-expr","locations":[{"start":{"line":10,"column":32},"end":{"line":10,"column":41}},{"start":{"line":10,"column":44},"end":{"line":10,"column":53}}]},"1":{"loc":{"start":{"line":11,"column":25},"end":{"line":11,"column":55}},"type":"cond-expr","locations":[{"start":{"line":11,"column":34},"end":{"line":11,"column":43}},{"start":{"line":11,"column":46},"end":{"line":11,"column":55}}]},"2":{"loc":{"start":{"line":12,"column":29},"end":{"line":12,"column":59}},"type":"cond-expr","locations":[{"start":{"line":12,"column":38},"end":{"line":12,"column":47}},{"start":{"line":12,"column":50},"end":{"line":12,"column":59}}]},"3":{"loc":{"start":{"line":12,"column":68},"end":{"line":12,"column":98}},"type":"cond-expr","locations":[{"start":{"line":12,"column":77},"end":{"line":12,"column":86}},{"start":{"line":12,"column":89},"end":{"line":12,"column":98}}]},"4":{"loc":{"start":{"line":13,"column":23},"end":{"line":13,"column":53}},"type":"cond-expr","locations":[{"start":{"line":13,"column":32},"end":{"line":13,"column":41}},{"start":{"line":13,"column":44},"end":{"line":13,"column":53}}]},"5":{"loc":{"start":{"line":13,"column":66},"end":{"line":13,"column":96}},"type":"cond-expr","locations":[{"start":{"line":13,"column":75},"end":{"line":13,"column":84}},{"start":{"line":13,"column":87},"end":{"line":13,"column":96}}]},"6":{"loc":{"start":{"line":14,"column":15},"end":{"line":14,"column":45}},"type":"cond-expr","locations":[{"start":{"line":14,"column":24},"end":{"line":14,"column":33}},{"start":{"line":14,"column":36},"end":{"line":14,"column":45}}]},"7":{"loc":{"start":{"line":32,"column":29},"end":{"line":32,"column":53}},"type":"cond-expr","locations":[{"start":{"line":32,"column":38},"end":{"line":32,"column":44}},{"start":{"line":32,"column":47},"end":{"line":32,"column":53}}]},"8":{"loc":{"start":{"line":33,"column":19},"end":{"line":33,"column":43}},"type":"cond-expr","locations":[{"start":{"line":33,"column":28},"end":{"line":33,"column":34}},{"start":{"line":33,"column":37},"end":{"line":33,"column":43}}]},"9":{"loc":{"start":{"line":49,"column":33},"end":{"line":49,"column":57}},"type":"cond-expr","locations":[{"start":{"line":49,"column":42},"end":{"line":49,"column":48}},{"start":{"line":49,"column":51},"end":{"line":49,"column":57}}]},"10":{"loc":{"start":{"line":65,"column":29},"end":{"line":65,"column":53}},"type":"cond-expr","locations":[{"start":{"line":65,"column":38},"end":{"line":65,"column":44}},{"start":{"line":65,"column":47},"end":{"line":65,"column":53}}]},"11":{"loc":{"start":{"line":66,"column":19},"end":{"line":66,"column":43}},"type":"cond-expr","locations":[{"start":{"line":66,"column":28},"end":{"line":66,"column":34}},{"start":{"line":66,"column":37},"end":{"line":66,"column":43}}]},"12":{"loc":{"start":{"line":67,"column":42},"end":{"line":67,"column":69}},"type":"cond-expr","locations":[{"start":{"line":67,"column":51},"end":{"line":67,"column":60}},{"start":{"line":67,"column":63},"end":{"line":67,"column":69}}]},"13":{"loc":{"start":{"line":70,"column":25},"end":{"line":70,"column":49}},"type":"cond-expr","locations":[{"start":{"line":70,"column":34},"end":{"line":70,"column":40}},{"start":{"line":70,"column":43},"end":{"line":70,"column":49}}]},"14":{"loc":{"start":{"line":71,"column":19},"end":{"line":71,"column":43}},"type":"cond-expr","locations":[{"start":{"line":71,"column":28},"end":{"line":71,"column":34}},{"start":{"line":71,"column":37},"end":{"line":71,"column":43}}]},"15":{"loc":{"start":{"line":72,"column":38},"end":{"line":72,"column":65}},"type":"cond-expr","locations":[{"start":{"line":72,"column":47},"end":{"line":72,"column":56}},{"start":{"line":72,"column":59},"end":{"line":72,"column":65}}]},"16":{"loc":{"start":{"line":72,"column":84},"end":{"line":72,"column":111}},"type":"cond-expr","locations":[{"start":{"line":72,"column":93},"end":{"line":72,"column":99}},{"start":{"line":72,"column":102},"end":{"line":72,"column":111}}]}},"s":{"0":0,"1":0,"2":0,"3":0,"4":0},"f":{"0":0},"b":{"0":[0,0],"1":[0,0],"2":[0,0],"3":[0,0],"4":[0,0],"5":[0,0],"6":[0,0],"7":[0,0],"8":[0,0],"9":[0,0],"10":[0,0],"11":[0,0],"12":[0,0],"13":[0,0],"14":[0,0],"15":[0,0],"16":[0,0]}}
,"/home/azureuser/hms-enterprise-grade/frontend/hms-frontend/src/context/AuthContext.tsx": {"path":"/home/azureuser/hms-enterprise-grade/frontend/hms-frontend/src/context/AuthContext.tsx","statementMap":{"0":{"start":{"line":19,"column":0},"end":{"line":19,"column":16}},"1":{"start":{"line":41,"column":0},"end":{"line":41,"column":16}},"2":{"start":{"line":1,"column":0},"end":{"line":1,"column":70}},"3":{"start":{"line":2,"column":0},"end":{"line":2,"column":25}},"4":{"start":{"line":17,"column":20},"end":{"line":17,"column":99}},"5":{"start":{"line":20,"column":26},"end":{"line":20,"column":53}},"6":{"start":{"line":21,"column":32},"end":{"line":21,"column":46}},"7":{"start":{"line":23,"column":2},"end":{"line":30,"column":null}},"8":{"start":{"line":24,"column":18},"end":{"line":24,"column":53}},"9":{"start":{"line":25,"column":4},"end":{"line":28,"column":5}},"10":{"start":{"line":26,"column":6},"end":{"line":26,"column":null}},"11":{"start":{"line":27,"column":6},"end":{"line":27,"column":12}},"12":{"start":{"line":29,"column":4},"end":{"line":29,"column":null}},"13":{"start":{"line":29,"column":42},"end":{"line":29,"column":57}},"14":{"start":{"line":29,"column":71},"end":{"line":29,"column":84}},"15":{"start":{"line":29,"column":100},"end":{"line":29,"column":117}},"16":{"start":{"line":32,"column":17},"end":{"line":36,"column":3}},"17":{"start":{"line":33,"column":4},"end":{"line":33,"column":null}},"18":{"start":{"line":34,"column":4},"end":{"line":34,"column":null}},"19":{"start":{"line":35,"column":4},"end":{"line":35,"column":null}},"20":{"start":{"line":38,"column":2},"end":{"line":38,"column":null}},"21":{"start":{"line":42,"column":2},"end":{"line":42,"column":null}}},"fnMap":{"0":{"name":"(anonymous_1)","decl":{"start":{"line":17,"column":88},"end":{"line":17,"column":91}},"loc":{"start":{"line":17,"column":93},"end":{"line":17,"column":96}}},"1":{"name":"AuthProvider","decl":{"start":{"line":19,"column":16},"end":{"line":19,"column":28}},"loc":{"start":{"line":19,"column":72},"end":{"line":39,"column":1}}},"2":{"name":"(anonymous_3)","decl":{"start":{"line":23,"column":12},"end":{"line":23,"column":15}},"loc":{"start":{"line":23,"column":17},"end":{"line":30,"column":3}}},"3":{"name":"(anonymous_4)","decl":{"start":{"line":29,"column":37},"end":{"line":29,"column":38}},"loc":{"start":{"line":29,"column":42},"end":{"line":29,"column":57}}},"4":{"name":"(anonymous_5)","decl":{"start":{"line":29,"column":65},"end":{"line":29,"column":68}},"loc":{"start":{"line":29,"column":71},"end":{"line":29,"column":84}}},"5":{"name":"(anonymous_6)","decl":{"start":{"line":29,"column":94},"end":{"line":29,"column":97}},"loc":{"start":{"line":29,"column":100},"end":{"line":29,"column":117}}},"6":{"name":"(anonymous_7)","decl":{"start":{"line":32,"column":17},"end":{"line":32,"column":20}},"loc":{"start":{"line":32,"column":22},"end":{"line":36,"column":3}}},"7":{"name":"useAuth","decl":{"start":{"line":41,"column":16},"end":{"line":41,"column":23}},"loc":{"start":{"line":41,"column":23},"end":{"line":43,"column":1}}}},"branchMap":{"0":{"loc":{"start":{"line":25,"column":4},"end":{"line":28,"column":5}},"type":"if","locations":[{"start":{"line":25,"column":4},"end":{"line":28,"column":5}}]}},"s":{"0":0,"1":0,"2":0,"3":0,"4":0,"5":0,"6":0,"7":0,"8":0,"9":0,"10":0,"11":0,"12":0,"13":0,"14":0,"15":0,"16":0,"17":0,"18":0,"19":0,"20":0,"21":0},"f":{"0":0,"1":0,"2":0,"3":0,"4":0,"5":0,"6":0,"7":0},"b":{"0":[0]}}
,"/home/azureuser/hms-enterprise-grade/frontend/hms-frontend/src/pages/AccountingPage.tsx": {"path":"/home/azureuser/hms-enterprise-grade/frontend/hms-frontend/src/pages/AccountingPage.tsx","statementMap":{"0":{"start":{"line":1,"column":0},"end":{"line":1,"column":40}},"1":{"start":{"line":2,"column":0},"end":{"line":2,"column":78}},"2":{"start":{"line":3,"column":0},"end":{"line":3,"column":26}},"3":{"start":{"line":4,"column":0},"end":{"line":4,"column":null}},"4":{"start":{"line":9,"column":33},"end":{"line":102,"column":1}},"5":{"start":{"line":10,"column":22},"end":{"line":10,"column":38}},"6":{"start":{"line":11,"column":30},"end":{"line":14,"column":4}},"7":{"start":{"line":13,"column":25},"end":{"line":13,"column":75}},"8":{"start":{"line":16,"column":26},"end":{"line":16,"column":41}},"9":{"start":{"line":17,"column":34},"end":{"line":17,"column":73}},"10":{"start":{"line":18,"column":30},"end":{"line":18,"column":59}},"11":{"start":{"line":20,"column":19},"end":{"line":31,"column":4}},"12":{"start":{"line":22,"column":6},"end":{"line":24,"column":7}},"13":{"start":{"line":23,"column":8},"end":{"line":23,"column":85}},"14":{"start":{"line":25,"column":6},"end":{"line":25,"column":74}},"15":{"start":{"line":28,"column":6},"end":{"line":28,"column":71}},"16":{"start":{"line":29,"column":6},"end":{"line":29,"column":20}},"17":{"start":{"line":33,"column":21},"end":{"line":42,"column":3}},"18":{"start":{"line":34,"column":4},"end":{"line":40,"column":5}},"19":{"start":{"line":35,"column":6},"end":{"line":35,"column":74}},"20":{"start":{"line":36,"column":6},"end":{"line":36,"column":27}},"21":{"start":{"line":38,"column":6},"end":{"line":38,"column":49}},"22":{"start":{"line":39,"column":6},"end":{"line":39,"column":22}},"23":{"start":{"line":41,"column":4},"end":{"line":41,"column":18}},"24":{"start":{"line":44,"column":22},"end":{"line":48,"column":3}},"25":{"start":{"line":45,"column":4},"end":{"line":45,"column":19}},"26":{"start":{"line":46,"column":4},"end":{"line":46,"column":47}},"27":{"start":{"line":47,"column":4},"end":{"line":47,"column":20}},"28":{"start":{"line":50,"column":23},"end":{"line":52,"column":3}},"29":{"start":{"line":51,"column":4},"end":{"line":51,"column":66}},"30":{"start":{"line":54,"column":23},"end":{"line":56,"column":3}},"31":{"start":{"line":55,"column":4},"end":{"line":55,"column":30}},"32":{"start":{"line":58,"column":2},"end":{"line":58,"column":76}},"33":{"start":{"line":58,"column":17},"end":{"line":58,"column":76}},"34":{"start":{"line":60,"column":2},"end":{"line":101,"column":4}},"35":{"start":{"line":63,"column":65},"end":{"line":63,"column":77}},"36":{"start":{"line":75,"column":14},"end":{"line":75,"column":null}},"37":{"start":{"line":79,"column":54},"end":{"line":79,"column":71}},"38":{"start":{"line":104,"column":0},"end":{"line":104,"column":30}}},"fnMap":{"0":{"name":"(anonymous_1)","decl":{"start":{"line":9,"column":33},"end":{"line":9,"column":36}},"loc":{"start":{"line":9,"column":38},"end":{"line":102,"column":1}}},"1":{"name":"(anonymous_2)","decl":{"start":{"line":13,"column":13},"end":{"line":13,"column":18}},"loc":{"start":{"line":13,"column":25},"end":{"line":13,"column":75}}},"2":{"name":"(anonymous_3)","decl":{"start":{"line":21,"column":16},"end":{"line":21,"column":21}},"loc":{"start":{"line":21,"column":39},"end":{"line":26,"column":5}}},"3":{"name":"(anonymous_4)","decl":{"start":{"line":27,"column":15},"end":{"line":27,"column":18}},"loc":{"start":{"line":27,"column":20},"end":{"line":30,"column":5}}},"4":{"name":"(anonymous_5)","decl":{"start":{"line":33,"column":21},"end":{"line":33,"column":22}},"loc":{"start":{"line":33,"column":38},"end":{"line":42,"column":3}}},"5":{"name":"(anonymous_6)","decl":{"start":{"line":44,"column":22},"end":{"line":44,"column":25}},"loc":{"start":{"line":44,"column":27},"end":{"line":48,"column":3}}},"6":{"name":"(anonymous_7)","decl":{"start":{"line":50,"column":23},"end":{"line":50,"column":24}},"loc":{"start":{"line":50,"column":66},"end":{"line":52,"column":3}}},"7":{"name":"(anonymous_8)","decl":{"start":{"line":54,"column":23},"end":{"line":54,"column":26}},"loc":{"start":{"line":54,"column":28},"end":{"line":56,"column":3}}},"8":{"name":"(anonymous_9)","decl":{"start":{"line":63,"column":59},"end":{"line":63,"column":62}},"loc":{"start":{"line":63,"column":65},"end":{"line":63,"column":77}}},"9":{"name":"(anonymous_10)","decl":{"start":{"line":74,"column":22},"end":{"line":74,"column":23}},"loc":{"start":{"line":75,"column":14},"end":{"line":75,"column":null}}},"10":{"name":"(anonymous_11)","decl":{"start":{"line":79,"column":48},"end":{"line":79,"column":51}},"loc":{"start":{"line":79,"column":54},"end":{"line":79,"column":71}}}},"branchMap":{"0":{"loc":{"start":{"line":22,"column":6},"end":{"line":24,"column":7}},"type":"if","locations":[{"start":{"line":22,"column":6},"end":{"line":24,"column":7}}]},"1":{"loc":{"start":{"line":34,"column":4},"end":{"line":40,"column":5}},"type":"if","locations":[{"start":{"line":34,"column":4},"end":{"line":40,"column":5}},{"start":{"line":37,"column":11},"end":{"line":40,"column":5}}]},"2":{"loc":{"start":{"line":58,"column":2},"end":{"line":58,"column":76}},"type":"if","locations":[{"start":{"line":58,"column":2},"end":{"line":58,"column":76}}]},"3":{"loc":{"start":{"line":88,"column":22},"end":{"line":88,"column":57}},"type":"cond-expr","locations":[{"start":{"line":88,"column":31},"end":{"line":88,"column":43}},{"start":{"line":88,"column":46},"end":{"line":88,"column":57}}]},"4":{"loc":{"start":{"line":97,"column":62},"end":{"line":97,"column":90}},"type":"cond-expr","locations":[{"start":{"line":97,"column":71},"end":{"line":97,"column":79}},{"start":{"line":97,"column":82},"end":{"line":97,"column":90}}]}},"s":{"0":0,"1":0,"2":0,"3":0,"4":0,"5":0,"6":0,"7":0,"8":0,"9":0,"10":0,"11":0,"12":0,"13":0,"14":0,"15":0,"16":0,"17":0,"18":0,"19":0,"20":0,"21":0,"22":0,"23":0,"24":0,"25":0,"26":0,"27":0,"28":0,"29":0,"30":0,"31":0,"32":0,"33":0,"34":0,"35":0,"36":0,"37":0,"38":0},"f":{"0":0,"1":0,"2":0,"3":0,"4":0,"5":0,"6":0,"7":0,"8":0,"9":0,"10":0},"b":{"0":[0],"1":[0,0],"2":[0],"3":[0,0],"4":[0,0]}}
,"/home/azureuser/hms-enterprise-grade/frontend/hms-frontend/src/pages/AnalyticsPage.tsx": {"path":"/home/azureuser/hms-enterprise-grade/frontend/hms-frontend/src/pages/AnalyticsPage.tsx","statementMap":{"0":{"start":{"line":6,"column":0},"end":{"line":6,"column":24}},"1":{"start":{"line":1,"column":0},"end":{"line":1,"column":52}},"2":{"start":{"line":2,"column":0},"end":{"line":2,"column":69}},"3":{"start":{"line":3,"column":0},"end":{"line":3,"column":25}},"4":{"start":{"line":4,"column":0},"end":{"line":4,"column":101}},"5":{"start":{"line":7,"column":34},"end":{"line":7,"column":127}},"6":{"start":{"line":8,"column":36},"end":{"line":8,"column":90}},"7":{"start":{"line":9,"column":34},"end":{"line":9,"column":89}},"8":{"start":{"line":11,"column":2},"end":{"line":23,"column":null}},"9":{"start":{"line":12,"column":4},"end":{"line":12,"column":null}},"10":{"start":{"line":12,"column":51},"end":{"line":12,"column":70}},"11":{"start":{"line":12,"column":84},"end":{"line":12,"column":101}},"12":{"start":{"line":13,"column":4},"end":{"line":22,"column":null}},"13":{"start":{"line":17,"column":6},"end":{"line":17,"column":null}},"14":{"start":{"line":18,"column":6},"end":{"line":18,"column":null}},"15":{"start":{"line":20,"column":6},"end":{"line":20,"column":null}},"16":{"start":{"line":21,"column":6},"end":{"line":21,"column":null}},"17":{"start":{"line":25,"column":18},"end":{"line":25,"column":106}},"18":{"start":{"line":25,"column":32},"end":{"line":25,"column":93}},"19":{"start":{"line":25,"column":51},"end":{"line":25,"column":91}},"20":{"start":{"line":27,"column":2},"end":{"line":69,"column":null}},"21":{"start":{"line":35,"column":52},"end":{"line":35,"column":105}},"22":{"start":{"line":36,"column":52},"end":{"line":36,"column":110}},"23":{"start":{"line":37,"column":52},"end":{"line":37,"column":102}}},"fnMap":{"0":{"name":"AnalyticsPage","decl":{"start":{"line":6,"column":24},"end":{"line":6,"column":37}},"loc":{"start":{"line":6,"column":37},"end":{"line":70,"column":1}}},"1":{"name":"(anonymous_2)","decl":{"start":{"line":11,"column":12},"end":{"line":11,"column":15}},"loc":{"start":{"line":11,"column":17},"end":{"line":23,"column":3}}},"2":{"name":"(anonymous_3)","decl":{"start":{"line":12,"column":46},"end":{"line":12,"column":47}},"loc":{"start":{"line":12,"column":51},"end":{"line":12,"column":70}}},"3":{"name":"(anonymous_4)","decl":{"start":{"line":12,"column":78},"end":{"line":12,"column":81}},"loc":{"start":{"line":12,"column":84},"end":{"line":12,"column":101}}},"4":{"name":"(anonymous_5)","decl":{"start":{"line":16,"column":12},"end":{"line":16,"column":13}},"loc":{"start":{"line":16,"column":23},"end":{"line":19,"column":5}}},"5":{"name":"(anonymous_6)","decl":{"start":{"line":19,"column":13},"end":{"line":19,"column":16}},"loc":{"start":{"line":19,"column":18},"end":{"line":22,"column":5}}},"6":{"name":"(anonymous_7)","decl":{"start":{"line":25,"column":26},"end":{"line":25,"column":29}},"loc":{"start":{"line":25,"column":32},"end":{"line":25,"column":93}}},"7":{"name":"(anonymous_8)","decl":{"start":{"line":25,"column":45},"end":{"line":25,"column":46}},"loc":{"start":{"line":25,"column":51},"end":{"line":25,"column":91}}},"8":{"name":"(anonymous_9)","decl":{"start":{"line":35,"column":46},"end":{"line":35,"column":49}},"loc":{"start":{"line":35,"column":52},"end":{"line":35,"column":105}}},"9":{"name":"(anonymous_10)","decl":{"start":{"line":36,"column":46},"end":{"line":36,"column":49}},"loc":{"start":{"line":36,"column":52},"end":{"line":36,"column":110}}},"10":{"name":"(anonymous_11)","decl":{"start":{"line":37,"column":46},"end":{"line":37,"column":49}},"loc":{"start":{"line":37,"column":52},"end":{"line":37,"column":102}}}},"branchMap":{"0":{"loc":{"start":{"line":17,"column":19},"end":{"line":17,"column":31}},"type":"binary-expr","locations":[{"start":{"line":17,"column":19},"end":{"line":17,"column":25}},{"start":{"line":17,"column":29},"end":{"line":17,"column":31}}]},"1":{"loc":{"start":{"line":18,"column":18},"end":{"line":18,"column":30}},"type":"binary-expr","locations":[{"start":{"line":18,"column":18},"end":{"line":18,"column":24}},{"start":{"line":18,"column":28},"end":{"line":18,"column":30}}]},"2":{"loc":{"start":{"line":31,"column":31},"end":{"line":31,"column":62}},"type":"binary-expr","locations":[{"start":{"line":31,"column":31},"end":{"line":31,"column":55}},{"start":{"line":31,"column":59},"end":{"line":31,"column":62}}]},"3":{"loc":{"start":{"line":32,"column":41},"end":{"line":32,"column":76}},"type":"binary-expr","locations":[{"start":{"line":32,"column":41},"end":{"line":32,"column":69}},{"start":{"line":32,"column":73},"end":{"line":32,"column":76}}]},"4":{"loc":{"start":{"line":33,"column":33},"end":{"line":33,"column":61}},"type":"binary-expr","locations":[{"start":{"line":33,"column":33},"end":{"line":33,"column":56}},{"start":{"line":33,"column":60},"end":{"line":33,"column":61}}]}},"s":{"0":0,"1":0,"2":0,"3":0,"4":0,"5":0,"6":0,"7":0,"8":0,"9":0,"10":0,"11":0,"12":0,"13":0,"14":0,"15":0,"16":0,"17":0,"18":0,"19":0,"20":0,"21":0,"22":0,"23":0},"f":{"0":0,"1":0,"2":0,"3":0,"4":0,"5":0,"6":0,"7":0,"8":0,"9":0,"10":0},"b":{"0":[0,0],"1":[0,0],"2":[0,0],"3":[0,0],"4":[0,0]}}
,"/home/azureuser/hms-enterprise-grade/frontend/hms-frontend/src/pages/AppointmentsPage.tsx": {"path":"/home/azureuser/hms-enterprise-grade/frontend/hms-frontend/src/pages/AppointmentsPage.tsx","statementMap":{"0":{"start":{"line":6,"column":0},"end":{"line":6,"column":24}},"1":{"start":{"line":1,"column":0},"end":{"line":1,"column":52}},"2":{"start":{"line":2,"column":0},"end":{"line":2,"column":86}},"3":{"start":{"line":3,"column":0},"end":{"line":3,"column":25}},"4":{"start":{"line":4,"column":0},"end":{"line":4,"column":55}},"5":{"start":{"line":7,"column":26},"end":{"line":7,"column":45}},"6":{"start":{"line":8,"column":34},"end":{"line":8,"column":46}},"7":{"start":{"line":9,"column":26},"end":{"line":9,"column":38}},"8":{"start":{"line":10,"column":28},"end":{"line":10,"column":47}},"9":{"start":{"line":11,"column":36},"end":{"line":11,"column":48}},"10":{"start":{"line":12,"column":28},"end":{"line":12,"column":40}},"11":{"start":{"line":13,"column":40},"end":{"line":13,"column":54}},"12":{"start":{"line":14,"column":38},"end":{"line":14,"column":67}},"13":{"start":{"line":16,"column":18},"end":{"line":22,"column":8}},"14":{"start":{"line":16,"column":46},"end":{"line":22,"column":5}},"15":{"start":{"line":24,"column":2},"end":{"line":27,"column":null}},"16":{"start":{"line":25,"column":4},"end":{"line":25,"column":null}},"17":{"start":{"line":25,"column":46},"end":{"line":25,"column":79}},"18":{"start":{"line":26,"column":4},"end":{"line":26,"column":null}},"19":{"start":{"line":26,"column":42},"end":{"line":26,"column":72}},"20":{"start":{"line":29,"column":21},"end":{"line":32,"column":3}},"21":{"start":{"line":30,"column":14},"end":{"line":30,"column":107}},"22":{"start":{"line":31,"column":4},"end":{"line":31,"column":null}},"23":{"start":{"line":34,"column":28},"end":{"line":47,"column":3}},"24":{"start":{"line":35,"column":4},"end":{"line":35,"column":27}},"25":{"start":{"line":35,"column":21},"end":{"line":35,"column":27}},"26":{"start":{"line":36,"column":20},"end":{"line":36,"column":35}},"27":{"start":{"line":37,"column":18},"end":{"line":37,"column":81}},"28":{"start":{"line":38,"column":4},"end":{"line":44,"column":null}},"29":{"start":{"line":45,"column":14},"end":{"line":45,"column":51}},"30":{"start":{"line":46,"column":4},"end":{"line":46,"column":null}},"31":{"start":{"line":49,"column":2},"end":{"line":77,"column":null}},"32":{"start":{"line":60,"column":73},"end":{"line":60,"column":101}},"33":{"start":{"line":61,"column":71},"end":{"line":61,"column":98}},"34":{"start":{"line":62,"column":121},"end":{"line":62,"column":145}},"35":{"start":{"line":63,"column":79},"end":{"line":63,"column":109}},"36":{"start":{"line":70,"column":71},"end":{"line":70,"column":98}},"37":{"start":{"line":71,"column":109},"end":{"line":71,"column":132}}},"fnMap":{"0":{"name":"AppointmentsPage","decl":{"start":{"line":6,"column":24},"end":{"line":6,"column":40}},"loc":{"start":{"line":6,"column":40},"end":{"line":78,"column":1}}},"1":{"name":"(anonymous_2)","decl":{"start":{"line":16,"column":40},"end":{"line":16,"column":43}},"loc":{"start":{"line":16,"column":46},"end":{"line":22,"column":5}}},"2":{"name":"(anonymous_3)","decl":{"start":{"line":24,"column":12},"end":{"line":24,"column":15}},"loc":{"start":{"line":24,"column":17},"end":{"line":27,"column":3}}},"3":{"name":"(anonymous_4)","decl":{"start":{"line":25,"column":41},"end":{"line":25,"column":42}},"loc":{"start":{"line":25,"column":46},"end":{"line":25,"column":79}}},"4":{"name":"(anonymous_5)","decl":{"start":{"line":26,"column":37},"end":{"line":26,"column":38}},"loc":{"start":{"line":26,"column":42},"end":{"line":26,"column":72}}},"5":{"name":"(anonymous_6)","decl":{"start":{"line":29,"column":21},"end":{"line":29,"column":26}},"loc":{"start":{"line":29,"column":32},"end":{"line":32,"column":3}}},"6":{"name":"(anonymous_7)","decl":{"start":{"line":34,"column":28},"end":{"line":34,"column":33}},"loc":{"start":{"line":34,"column":39},"end":{"line":47,"column":3}}},"7":{"name":"(anonymous_8)","decl":{"start":{"line":60,"column":68},"end":{"line":60,"column":69}},"loc":{"start":{"line":60,"column":73},"end":{"line":60,"column":101}}},"8":{"name":"(anonymous_9)","decl":{"start":{"line":61,"column":66},"end":{"line":61,"column":67}},"loc":{"start":{"line":61,"column":71},"end":{"line":61,"column":98}}},"9":{"name":"(anonymous_10)","decl":{"start":{"line":62,"column":116},"end":{"line":62,"column":117}},"loc":{"start":{"line":62,"column":121},"end":{"line":62,"column":145}}},"10":{"name":"(anonymous_11)","decl":{"start":{"line":63,"column":74},"end":{"line":63,"column":75}},"loc":{"start":{"line":63,"column":79},"end":{"line":63,"column":109}}},"11":{"name":"(anonymous_12)","decl":{"start":{"line":70,"column":66},"end":{"line":70,"column":67}},"loc":{"start":{"line":70,"column":71},"end":{"line":70,"column":98}}},"12":{"name":"(anonymous_13)","decl":{"start":{"line":71,"column":104},"end":{"line":71,"column":105}},"loc":{"start":{"line":71,"column":109},"end":{"line":71,"column":132}}}},"branchMap":{"0":{"loc":{"start":{"line":25,"column":54},"end":{"line":25,"column":78}},"type":"binary-expr","locations":[{"start":{"line":25,"column":54},"end":{"line":25,"column":68}},{"start":{"line":25,"column":72},"end":{"line":25,"column":78}}]},"1":{"loc":{"start":{"line":35,"column":4},"end":{"line":35,"column":27}},"type":"if","locations":[{"start":{"line":35,"column":4},"end":{"line":35,"column":27}}]},"2":{"loc":{"start":{"line":46,"column":12},"end":{"line":46,"column":36}},"type":"binary-expr","locations":[{"start":{"line":46,"column":12},"end":{"line":46,"column":26}},{"start":{"line":46,"column":30},"end":{"line":46,"column":36}}]},"3":{"loc":{"start":{"line":64,"column":76},"end":{"line":64,"column":124}},"type":"binary-expr","locations":[{"start":{"line":64,"column":76},"end":{"line":64,"column":86}},{"start":{"line":64,"column":90},"end":{"line":64,"column":99}},{"start":{"line":64,"column":103},"end":{"line":64,"column":109}},{"start":{"line":64,"column":113},"end":{"line":64,"column":124}}]}},"s":{"0":0,"1":0,"2":0,"3":0,"4":0,"5":0,"6":0,"7":0,"8":0,"9":0,"10":0,"11":0,"12":0,"13":0,"14":0,"15":0,"16":0,"17":0,"18":0,"19":0,"20":0,"21":0,"22":0,"23":0,"24":0,"25":0,"26":0,"27":0,"28":0,"29":0,"30":0,"31":0,"32":0,"33":0,"34":0,"35":0,"36":0,"37":0},"f":{"0":0,"1":0,"2":0,"3":0,"4":0,"5":0,"6":0,"7":0,"8":0,"9":0,"10":0,"11":0,"12":0},"b":{"0":[0,0],"1":[0],"2":[0,0],"3":[0,0,0,0]}}
,"/home/azureuser/hms-enterprise-grade/frontend/hms-frontend/src/pages/AuditPage.tsx": {"path":"/home/azureuser/hms-enterprise-grade/frontend/hms-frontend/src/pages/AuditPage.tsx","statementMap":{"0":{"start":{"line":5,"column":0},"end":{"line":5,"column":24}},"1":{"start":{"line":1,"column":0},"end":{"line":1,"column":43}},"2":{"start":{"line":2,"column":0},"end":{"line":2,"column":90}},"3":{"start":{"line":3,"column":0},"end":{"line":3,"column":25}},"4":{"start":{"line":6,"column":30},"end":{"line":6,"column":49}},"5":{"start":{"line":7,"column":32},"end":{"line":7,"column":44}},"6":{"start":{"line":8,"column":30},"end":{"line":8,"column":42}},"7":{"start":{"line":10,"column":15},"end":{"line":16,"column":3}},"8":{"start":{"line":11,"column":24},"end":{"line":11,"column":26}},"9":{"start":{"line":12,"column":4},"end":{"line":12,"column":null}},"10":{"start":{"line":12,"column":17},"end":{"line":12,"column":null}},"11":{"start":{"line":13,"column":4},"end":{"line":13,"column":null}},"12":{"start":{"line":13,"column":16},"end":{"line":13,"column":null}},"13":{"start":{"line":14,"column":14},"end":{"line":14,"column":62}},"14":{"start":{"line":15,"column":4},"end":{"line":15,"column":null}},"15":{"start":{"line":17,"column":2},"end":{"line":17,"column":null}},"16":{"start":{"line":17,"column":20},"end":{"line":17,"column":54}},"17":{"start":{"line":17,"column":39},"end":{"line":17,"column":52}},"18":{"start":{"line":19,"column":2},"end":{"line":37,"column":null}},"19":{"start":{"line":24,"column":68},"end":{"line":24,"column":94}},"20":{"start":{"line":25,"column":66},"end":{"line":25,"column":91}},"21":{"start":{"line":31,"column":10},"end":{"line":31,"column":27}}},"fnMap":{"0":{"name":"AuditPage","decl":{"start":{"line":5,"column":24},"end":{"line":5,"column":33}},"loc":{"start":{"line":5,"column":33},"end":{"line":38,"column":1}}},"1":{"name":"(anonymous_2)","decl":{"start":{"line":10,"column":15},"end":{"line":10,"column":20}},"loc":{"start":{"line":10,"column":26},"end":{"line":16,"column":3}}},"2":{"name":"(anonymous_3)","decl":{"start":{"line":17,"column":12},"end":{"line":17,"column":15}},"loc":{"start":{"line":17,"column":17},"end":{"line":17,"column":55}}},"3":{"name":"(anonymous_4)","decl":{"start":{"line":17,"column":33},"end":{"line":17,"column":36}},"loc":{"start":{"line":17,"column":39},"end":{"line":17,"column":52}}},"4":{"name":"(anonymous_5)","decl":{"start":{"line":24,"column":63},"end":{"line":24,"column":64}},"loc":{"start":{"line":24,"column":68},"end":{"line":24,"column":94}}},"5":{"name":"(anonymous_6)","decl":{"start":{"line":25,"column":61},"end":{"line":25,"column":62}},"loc":{"start":{"line":25,"column":66},"end":{"line":25,"column":91}}},"6":{"name":"(anonymous_7)","decl":{"start":{"line":30,"column":20},"end":{"line":30,"column":22}},"loc":{"start":{"line":31,"column":10},"end":{"line":31,"column":27}}}},"branchMap":{"0":{"loc":{"start":{"line":12,"column":4},"end":{"line":12,"column":null}},"type":"if","locations":[{"start":{"line":12,"column":4},"end":{"line":12,"column":null}}]},"1":{"loc":{"start":{"line":13,"column":4},"end":{"line":13,"column":null}},"type":"if","locations":[{"start":{"line":13,"column":4},"end":{"line":13,"column":null}}]},"2":{"loc":{"start":{"line":32,"column":80},"end":{"line":32,"column":101}},"type":"binary-expr","locations":[{"start":{"line":32,"column":80},"end":{"line":32,"column":94}},{"start":{"line":32,"column":98},"end":{"line":32,"column":101}}]}},"s":{"0":0,"1":0,"2":0,"3":0,"4":0,"5":0,"6":0,"7":0,"8":0,"9":0,"10":0,"11":0,"12":0,"13":0,"14":0,"15":0,"16":0,"17":0,"18":0,"19":0,"20":0,"21":0},"f":{"0":0,"1":0,"2":0,"3":0,"4":0,"5":0,"6":0},"b":{"0":[0],"1":[0],"2":[0,0]}}
,"/home/azureuser/hms-enterprise-grade/frontend/hms-frontend/src/pages/BedManagementPage.tsx": {"path":"/home/azureuser/hms-enterprise-grade/frontend/hms-frontend/src/pages/BedManagementPage.tsx","statementMap":{"0":{"start":{"line":5,"column":0},"end":{"line":5,"column":24}},"1":{"start":{"line":1,"column":0},"end":{"line":1,"column":43}},"2":{"start":{"line":2,"column":0},"end":{"line":2,"column":80}},"3":{"start":{"line":3,"column":0},"end":{"line":3,"column":25}},"4":{"start":{"line":6,"column":38},"end":{"line":6,"column":51}},"5":{"start":{"line":7,"column":42},"end":{"line":7,"column":112}},"6":{"start":{"line":8,"column":38},"end":{"line":8,"column":78}},"7":{"start":{"line":9,"column":28},"end":{"line":12,"column":3}},"8":{"start":{"line":10,"column":14},"end":{"line":10,"column":95}},"9":{"start":{"line":11,"column":4},"end":{"line":11,"column":null}},"10":{"start":{"line":13,"column":2},"end":{"line":15,"column":null}},"11":{"start":{"line":14,"column":4},"end":{"line":14,"column":null}},"12":{"start":{"line":14,"column":36},"end":{"line":14,"column":57}},"13":{"start":{"line":17,"column":2},"end":{"line":44,"column":null}},"14":{"start":{"line":22,"column":75},"end":{"line":22,"column":104}},"15":{"start":{"line":34,"column":85},"end":{"line":34,"column":145}},"16":{"start":{"line":35,"column":77},"end":{"line":35,"column":133}},"17":{"start":{"line":37,"column":25},"end":{"line":37,"column":104}},"18":{"start":{"line":38,"column":12},"end":{"line":38,"column":null}},"19":{"start":{"line":39,"column":12},"end":{"line":39,"column":null}}},"fnMap":{"0":{"name":"BedsPage","decl":{"start":{"line":5,"column":24},"end":{"line":5,"column":32}},"loc":{"start":{"line":5,"column":32},"end":{"line":45,"column":1}}},"1":{"name":"(anonymous_2)","decl":{"start":{"line":9,"column":28},"end":{"line":9,"column":33}},"loc":{"start":{"line":9,"column":39},"end":{"line":12,"column":3}}},"2":{"name":"(anonymous_3)","decl":{"start":{"line":13,"column":12},"end":{"line":13,"column":15}},"loc":{"start":{"line":13,"column":17},"end":{"line":15,"column":3}}},"3":{"name":"(anonymous_4)","decl":{"start":{"line":14,"column":30},"end":{"line":14,"column":33}},"loc":{"start":{"line":14,"column":36},"end":{"line":14,"column":57}}},"4":{"name":"(anonymous_5)","decl":{"start":{"line":22,"column":70},"end":{"line":22,"column":71}},"loc":{"start":{"line":22,"column":75},"end":{"line":22,"column":104}}},"5":{"name":"(anonymous_6)","decl":{"start":{"line":34,"column":80},"end":{"line":34,"column":81}},"loc":{"start":{"line":34,"column":85},"end":{"line":34,"column":145}}},"6":{"name":"(anonymous_7)","decl":{"start":{"line":35,"column":72},"end":{"line":35,"column":73}},"loc":{"start":{"line":35,"column":77},"end":{"line":35,"column":133}}},"7":{"name":"(anonymous_8)","decl":{"start":{"line":36,"column":46},"end":{"line":36,"column":51}},"loc":{"start":{"line":36,"column":57},"end":{"line":40,"column":11}}},"8":{"name":"(anonymous_9)","decl":{"start":{"line":38,"column":192},"end":{"line":38,"column":195}},"loc":{"start":{"line":38,"column":197},"end":{"line":38,"column":200}}}},"branchMap":{"0":{"loc":{"start":{"line":26,"column":30},"end":{"line":26,"column":56}},"type":"binary-expr","locations":[{"start":{"line":26,"column":30},"end":{"line":26,"column":49}},{"start":{"line":26,"column":53},"end":{"line":26,"column":56}}]},"1":{"loc":{"start":{"line":27,"column":34},"end":{"line":27,"column":64}},"type":"binary-expr","locations":[{"start":{"line":27,"column":34},"end":{"line":27,"column":57}},{"start":{"line":27,"column":61},"end":{"line":27,"column":64}}]},"2":{"loc":{"start":{"line":28,"column":33},"end":{"line":28,"column":62}},"type":"binary-expr","locations":[{"start":{"line":28,"column":33},"end":{"line":28,"column":55}},{"start":{"line":28,"column":59},"end":{"line":28,"column":62}}]}},"s":{"0":0,"1":0,"2":0,"3":0,"4":0,"5":0,"6":0,"7":0,"8":0,"9":0,"10":0,"11":0,"12":0,"13":0,"14":0,"15":0,"16":0,"17":0,"18":0,"19":0},"f":{"0":0,"1":0,"2":0,"3":0,"4":0,"5":0,"6":0,"7":0,"8":0},"b":{"0":[0,0],"1":[0,0],"2":[0,0]}}
,"/home/azureuser/hms-enterprise-grade/frontend/hms-frontend/src/pages/ConsentPage.tsx": {"path":"/home/azureuser/hms-enterprise-grade/frontend/hms-frontend/src/pages/ConsentPage.tsx","statementMap":{"0":{"start":{"line":5,"column":0},"end":{"line":5,"column":24}},"1":{"start":{"line":1,"column":0},"end":{"line":1,"column":43}},"2":{"start":{"line":2,"column":0},"end":{"line":2,"column":90}},"3":{"start":{"line":3,"column":0},"end":{"line":3,"column":25}},"4":{"start":{"line":6,"column":36},"end":{"line":6,"column":92}},"5":{"start":{"line":7,"column":34},"end":{"line":7,"column":53}},"6":{"start":{"line":8,"column":30},"end":{"line":8,"column":93}},"7":{"start":{"line":9,"column":32},"end":{"line":9,"column":44}},"8":{"start":{"line":11,"column":18},"end":{"line":15,"column":3}},"9":{"start":{"line":12,"column":14},"end":{"line":12,"column":55}},"10":{"start":{"line":13,"column":4},"end":{"line":13,"column":null}},"11":{"start":{"line":14,"column":4},"end":{"line":14,"column":null}},"12":{"start":{"line":14,"column":36},"end":{"line":14,"column":null}},"13":{"start":{"line":16,"column":2},"end":{"line":16,"column":null}},"14":{"start":{"line":16,"column":20},"end":{"line":16,"column":60}},"15":{"start":{"line":16,"column":42},"end":{"line":16,"column":58}},"16":{"start":{"line":18,"column":27},"end":{"line":18,"column":65}},"17":{"start":{"line":18,"column":47},"end":{"line":18,"column":64}},"18":{"start":{"line":20,"column":2},"end":{"line":49,"column":null}},"19":{"start":{"line":26,"column":86},"end":{"line":26,"column":127}},"20":{"start":{"line":27,"column":32},"end":{"line":27,"column":53}},"21":{"start":{"line":37,"column":81},"end":{"line":37,"column":133}},"22":{"start":{"line":38,"column":81},"end":{"line":38,"column":134}},"23":{"start":{"line":39,"column":78},"end":{"line":39,"column":132}},"24":{"start":{"line":41,"column":25},"end":{"line":41,"column":209}},"25":{"start":{"line":42,"column":12},"end":{"line":42,"column":null}},"26":{"start":{"line":43,"column":12},"end":{"line":43,"column":169}},"27":{"start":{"line":43,"column":18},"end":{"line":43,"column":159}}},"fnMap":{"0":{"name":"ConsentPage","decl":{"start":{"line":5,"column":24},"end":{"line":5,"column":35}},"loc":{"start":{"line":5,"column":35},"end":{"line":50,"column":1}}},"1":{"name":"(anonymous_2)","decl":{"start":{"line":11,"column":18},"end":{"line":11,"column":23}},"loc":{"start":{"line":11,"column":29},"end":{"line":15,"column":3}}},"2":{"name":"(anonymous_3)","decl":{"start":{"line":16,"column":12},"end":{"line":16,"column":15}},"loc":{"start":{"line":16,"column":17},"end":{"line":16,"column":61}}},"3":{"name":"(anonymous_4)","decl":{"start":{"line":16,"column":36},"end":{"line":16,"column":39}},"loc":{"start":{"line":16,"column":42},"end":{"line":16,"column":58}}},"4":{"name":"(anonymous_5)","decl":{"start":{"line":18,"column":42},"end":{"line":18,"column":43}},"loc":{"start":{"line":18,"column":47},"end":{"line":18,"column":64}}},"5":{"name":"(anonymous_6)","decl":{"start":{"line":26,"column":79},"end":{"line":26,"column":80}},"loc":{"start":{"line":26,"column":86},"end":{"line":26,"column":127}}},"6":{"name":"(anonymous_7)","decl":{"start":{"line":27,"column":27},"end":{"line":27,"column":28}},"loc":{"start":{"line":27,"column":32},"end":{"line":27,"column":53}}},"7":{"name":"(anonymous_8)","decl":{"start":{"line":37,"column":76},"end":{"line":37,"column":77}},"loc":{"start":{"line":37,"column":81},"end":{"line":37,"column":133}}},"8":{"name":"(anonymous_9)","decl":{"start":{"line":38,"column":76},"end":{"line":38,"column":77}},"loc":{"start":{"line":38,"column":81},"end":{"line":38,"column":134}}},"9":{"name":"(anonymous_10)","decl":{"start":{"line":39,"column":73},"end":{"line":39,"column":74}},"loc":{"start":{"line":39,"column":78},"end":{"line":39,"column":132}}},"10":{"name":"(anonymous_11)","decl":{"start":{"line":40,"column":47},"end":{"line":40,"column":52}},"loc":{"start":{"line":40,"column":58},"end":{"line":44,"column":11}}}},"branchMap":{"0":{"loc":{"start":{"line":14,"column":4},"end":{"line":14,"column":null}},"type":"if","locations":[{"start":{"line":14,"column":4},"end":{"line":14,"column":null}}]},"1":{"loc":{"start":{"line":14,"column":8},"end":{"line":14,"column":34}},"type":"binary-expr","locations":[{"start":{"line":14,"column":8},"end":{"line":14,"column":21}},{"start":{"line":14,"column":25},"end":{"line":14,"column":34}}]},"2":{"loc":{"start":{"line":30,"column":47},"end":{"line":30,"column":95}},"type":"binary-expr","locations":[{"start":{"line":30,"column":47},"end":{"line":30,"column":69}},{"start":{"line":30,"column":73},"end":{"line":30,"column":95}}]},"3":{"loc":{"start":{"line":41,"column":109},"end":{"line":41,"column":133}},"type":"binary-expr","locations":[{"start":{"line":41,"column":109},"end":{"line":41,"column":126}},{"start":{"line":41,"column":130},"end":{"line":41,"column":133}}]},"4":{"loc":{"start":{"line":44,"column":23},"end":{"line":44,"column":77}},"type":"binary-expr","locations":[{"start":{"line":44,"column":23},"end":{"line":44,"column":32}},{"start":{"line":44,"column":36},"end":{"line":44,"column":54}},{"start":{"line":44,"column":58},"end":{"line":44,"column":77}}]},"5":{"loc":{"start":{"line":46,"column":9},"end":{"line":46,"column":69}},"type":"binary-expr","locations":[{"start":{"line":46,"column":9},"end":{"line":46,"column":16}},{"start":{"line":46,"column":20},"end":{"line":46,"column":69}}]}},"s":{"0":0,"1":0,"2":0,"3":0,"4":0,"5":0,"6":0,"7":0,"8":0,"9":0,"10":0,"11":0,"12":0,"13":0,"14":0,"15":0,"16":0,"17":0,"18":0,"19":0,"20":0,"21":0,"22":0,"23":0,"24":0,"25":0,"26":0,"27":0},"f":{"0":0,"1":0,"2":0,"3":0,"4":0,"5":0,"6":0,"7":0,"8":0,"9":0,"10":0},"b":{"0":[0],"1":[0,0],"2":[0,0],"3":[0,0],"4":[0,0,0],"5":[0,0]}}
,"/home/azureuser/hms-enterprise-grade/frontend/hms-frontend/src/pages/DashboardPage.tsx": {"path":"/home/azureuser/hms-enterprise-grade/frontend/hms-frontend/src/pages/DashboardPage.tsx","statementMap":{"0":{"start":{"line":17,"column":0},"end":{"line":17,"column":24}},"1":{"start":{"line":1,"column":0},"end":{"line":1,"column":43}},"2":{"start":{"line":2,"column":0},"end":{"line":2,"column":43}},"3":{"start":{"line":3,"column":0},"end":{"line":3,"column":99}},"4":{"start":{"line":6,"column":19},"end":{"line":6,"column":33}},"5":{"start":{"line":7,"column":2},"end":{"line":13,"column":null}},"6":{"start":{"line":8,"column":18},"end":{"line":8,"column":53}},"7":{"start":{"line":9,"column":20},"end":{"line":9,"column":52}},"8":{"start":{"line":10,"column":4},"end":{"line":10,"column":null}},"9":{"start":{"line":10,"column":15},"end":{"line":10,"column":null}},"10":{"start":{"line":11,"column":4},"end":{"line":11,"column":null}},"11":{"start":{"line":12,"column":4},"end":{"line":12,"column":null}},"12":{"start":{"line":14,"column":2},"end":{"line":14,"column":null}},"13":{"start":{"line":18,"column":34},"end":{"line":18,"column":127}},"14":{"start":{"line":19,"column":36},"end":{"line":19,"column":55}},"15":{"start":{"line":20,"column":44},"end":{"line":20,"column":140}},"16":{"start":{"line":21,"column":34},"end":{"line":21,"column":138}},"17":{"start":{"line":24,"column":20},"end":{"line":32,"column":null}},"18":{"start":{"line":34,"column":2},"end":{"line":38,"column":null}},"19":{"start":{"line":35,"column":16},"end":{"line":35,"column":27}},"20":{"start":{"line":36,"column":4},"end":{"line":36,"column":null}},"21":{"start":{"line":36,"column":49},"end":{"line":36,"column":68}},"22":{"start":{"line":36,"column":82},"end":{"line":36,"column":99}},"23":{"start":{"line":37,"column":4},"end":{"line":37,"column":null}},"24":{"start":{"line":37,"column":41},"end":{"line":37,"column":61}},"25":{"start":{"line":37,"column":75},"end":{"line":37,"column":91}},"26":{"start":{"line":40,"column":2},"end":{"line":138,"column":null}},"27":{"start":{"line":80,"column":14},"end":{"line":80,"column":29}},"28":{"start":{"line":97,"column":31},"end":{"line":97,"column":103}},"29":{"start":{"line":104,"column":31},"end":{"line":104,"column":117}},"30":{"start":{"line":113,"column":31},"end":{"line":113,"column":131}},"31":{"start":{"line":118,"column":28},"end":{"line":118,"column":116}},"32":{"start":{"line":119,"column":18},"end":{"line":119,"column":null}},"33":{"start":{"line":120,"column":18},"end":{"line":120,"column":183}},"34":{"start":{"line":120,"column":24},"end":{"line":120,"column":173}}},"fnMap":{"0":{"name":"authAxios","decl":{"start":{"line":5,"column":9},"end":{"line":5,"column":18}},"loc":{"start":{"line":5,"column":18},"end":{"line":15,"column":1}}},"1":{"name":"(anonymous_7)","decl":{"start":{"line":7,"column":36},"end":{"line":7,"column":42}},"loc":{"start":{"line":7,"column":45},"end":{"line":13,"column":3}}},"2":{"name":"DashboardPage","decl":{"start":{"line":17,"column":24},"end":{"line":17,"column":37}},"loc":{"start":{"line":17,"column":37},"end":{"line":139,"column":1}}},"3":{"name":"(anonymous_9)","decl":{"start":{"line":34,"column":12},"end":{"line":34,"column":15}},"loc":{"start":{"line":34,"column":17},"end":{"line":38,"column":3}}},"4":{"name":"(anonymous_10)","decl":{"start":{"line":36,"column":44},"end":{"line":36,"column":45}},"loc":{"start":{"line":36,"column":49},"end":{"line":36,"column":68}}},"5":{"name":"(anonymous_11)","decl":{"start":{"line":36,"column":76},"end":{"line":36,"column":79}},"loc":{"start":{"line":36,"column":82},"end":{"line":36,"column":99}}},"6":{"name":"(anonymous_12)","decl":{"start":{"line":37,"column":36},"end":{"line":37,"column":37}},"loc":{"start":{"line":37,"column":41},"end":{"line":37,"column":61}}},"7":{"name":"(anonymous_13)","decl":{"start":{"line":37,"column":69},"end":{"line":37,"column":72}},"loc":{"start":{"line":37,"column":75},"end":{"line":37,"column":91}}},"8":{"name":"(anonymous_14)","decl":{"start":{"line":79,"column":27},"end":{"line":79,"column":28}},"loc":{"start":{"line":80,"column":14},"end":{"line":80,"column":29}}},"9":{"name":"(anonymous_15)","decl":{"start":{"line":97,"column":26},"end":{"line":97,"column":27}},"loc":{"start":{"line":97,"column":31},"end":{"line":97,"column":103}}},"10":{"name":"(anonymous_16)","decl":{"start":{"line":104,"column":26},"end":{"line":104,"column":27}},"loc":{"start":{"line":104,"column":31},"end":{"line":104,"column":117}}},"11":{"name":"(anonymous_17)","decl":{"start":{"line":113,"column":26},"end":{"line":113,"column":27}},"loc":{"start":{"line":113,"column":31},"end":{"line":113,"column":131}}},"12":{"name":"(anonymous_18)","decl":{"start":{"line":117,"column":25},"end":{"line":117,"column":30}},"loc":{"start":{"line":117,"column":36},"end":{"line":121,"column":17}}}},"branchMap":{"0":{"loc":{"start":{"line":10,"column":4},"end":{"line":10,"column":null}},"type":"if","locations":[{"start":{"line":10,"column":4},"end":{"line":10,"column":null}}]},"1":{"loc":{"start":{"line":48,"column":59},"end":{"line":48,"column":90}},"type":"binary-expr","locations":[{"start":{"line":48,"column":59},"end":{"line":48,"column":83}},{"start":{"line":48,"column":87},"end":{"line":48,"column":90}}]},"2":{"loc":{"start":{"line":52,"column":60},"end":{"line":52,"column":95}},"type":"binary-expr","locations":[{"start":{"line":52,"column":60},"end":{"line":52,"column":88}},{"start":{"line":52,"column":92},"end":{"line":52,"column":95}}]},"3":{"loc":{"start":{"line":56,"column":64},"end":{"line":56,"column":92}},"type":"binary-expr","locations":[{"start":{"line":56,"column":64},"end":{"line":56,"column":87}},{"start":{"line":56,"column":91},"end":{"line":56,"column":92}}]},"4":{"loc":{"start":{"line":104,"column":91},"end":{"line":104,"column":112}},"type":"binary-expr","locations":[{"start":{"line":104,"column":91},"end":{"line":104,"column":105}},{"start":{"line":104,"column":109},"end":{"line":104,"column":112}}]},"5":{"loc":{"start":{"line":113,"column":99},"end":{"line":113,"column":120}},"type":"binary-expr","locations":[{"start":{"line":113,"column":99},"end":{"line":113,"column":113}},{"start":{"line":113,"column":117},"end":{"line":113,"column":120}}]},"6":{"loc":{"start":{"line":127,"column":13},"end":{"line":132,"column":null}},"type":"binary-expr","locations":[{"start":{"line":127,"column":13},"end":{"line":127,"column":21}},{"start":{"line":128,"column":14},"end":{"line":131,"column":null}}]}},"s":{"0":0,"1":0,"2":0,"3":0,"4":0,"5":0,"6":0,"7":0,"8":0,"9":0,"10":0,"11":0,"12":0,"13":0,"14":0,"15":0,"16":0,"17":0,"18":0,"19":0,"20":0,"21":0,"22":0,"23":0,"24":0,"25":0,"26":0,"27":0,"28":0,"29":0,"30":0,"31":0,"32":0,"33":0,"34":0},"f":{"0":0,"1":0,"2":0,"3":0,"4":0,"5":0,"6":0,"7":0,"8":0,"9":0,"10":0,"11":0,"12":0},"b":{"0":[0],"1":[0,0],"2":[0,0],"3":[0,0],"4":[0,0],"5":[0,0],"6":[0,0]}}
,"/home/azureuser/hms-enterprise-grade/frontend/hms-frontend/src/pages/ERAlertsPage.tsx": {"path":"/home/azureuser/hms-enterprise-grade/frontend/hms-frontend/src/pages/ERAlertsPage.tsx","statementMap":{"0":{"start":{"line":1,"column":0},"end":{"line":1,"column":50}},"1":{"start":{"line":2,"column":0},"end":{"line":2,"column":89}},"2":{"start":{"line":6,"column":31},"end":{"line":54,"column":1}},"3":{"start":{"line":7,"column":30},"end":{"line":7,"column":55}},"4":{"start":{"line":8,"column":36},"end":{"line":8,"column":48}},"5":{"start":{"line":9,"column":34},"end":{"line":9,"column":54}},"6":{"start":{"line":10,"column":32},"end":{"line":10,"column":44}},"7":{"start":{"line":11,"column":16},"end":{"line":11,"column":57}},"8":{"start":{"line":12,"column":19},"end":{"line":12,"column":84}},"9":{"start":{"line":14,"column":22},"end":{"line":19,"column":3}},"10":{"start":{"line":15,"column":16},"end":{"line":15,"column":120}},"11":{"start":{"line":16,"column":4},"end":{"line":18,"column":5}},"12":{"start":{"line":17,"column":6},"end":{"line":17,"column":null}},"13":{"start":{"line":21,"column":2},"end":{"line":21,"column":null}},"14":{"start":{"line":21,"column":20},"end":{"line":21,"column":34}},"15":{"start":{"line":23,"column":22},"end":{"line":29,"column":3}},"16":{"start":{"line":24,"column":20},"end":{"line":24,"column":95}},"17":{"start":{"line":25,"column":16},"end":{"line":27,"column":6}},"18":{"start":{"line":28,"column":4},"end":{"line":28,"column":67}},"19":{"start":{"line":28,"column":18},"end":{"line":28,"column":35}},"20":{"start":{"line":28,"column":36},"end":{"line":28,"column":51}},"21":{"start":{"line":28,"column":52},"end":{"line":28,"column":66}},"22":{"start":{"line":31,"column":2},"end":{"line":53,"column":null}},"23":{"start":{"line":36,"column":73},"end":{"line":36,"column":101}},"24":{"start":{"line":37,"column":70},"end":{"line":37,"column":97}},"25":{"start":{"line":38,"column":68},"end":{"line":38,"column":94}},"26":{"start":{"line":45,"column":10},"end":{"line":45,"column":28}},"27":{"start":{"line":56,"column":0},"end":{"line":56,"column":null}}},"fnMap":{"0":{"name":"(anonymous_0)","decl":{"start":{"line":6,"column":31},"end":{"line":6,"column":34}},"loc":{"start":{"line":6,"column":36},"end":{"line":54,"column":1}}},"1":{"name":"(anonymous_1)","decl":{"start":{"line":14,"column":22},"end":{"line":14,"column":27}},"loc":{"start":{"line":14,"column":33},"end":{"line":19,"column":3}}},"2":{"name":"(anonymous_2)","decl":{"start":{"line":21,"column":12},"end":{"line":21,"column":15}},"loc":{"start":{"line":21,"column":17},"end":{"line":21,"column":35}}},"3":{"name":"(anonymous_3)","decl":{"start":{"line":23,"column":22},"end":{"line":23,"column":27}},"loc":{"start":{"line":23,"column":33},"end":{"line":29,"column":3}}},"4":{"name":"(anonymous_4)","decl":{"start":{"line":36,"column":68},"end":{"line":36,"column":69}},"loc":{"start":{"line":36,"column":73},"end":{"line":36,"column":101}}},"5":{"name":"(anonymous_5)","decl":{"start":{"line":37,"column":65},"end":{"line":37,"column":66}},"loc":{"start":{"line":37,"column":70},"end":{"line":37,"column":97}}},"6":{"name":"(anonymous_6)","decl":{"start":{"line":38,"column":63},"end":{"line":38,"column":64}},"loc":{"start":{"line":38,"column":68},"end":{"line":38,"column":94}}},"7":{"name":"(anonymous_7)","decl":{"start":{"line":44,"column":20},"end":{"line":44,"column":21}},"loc":{"start":{"line":45,"column":10},"end":{"line":45,"column":28}}}},"branchMap":{"0":{"loc":{"start":{"line":11,"column":16},"end":{"line":11,"column":57}},"type":"binary-expr","locations":[{"start":{"line":11,"column":16},"end":{"line":11,"column":51}},{"start":{"line":11,"column":55},"end":{"line":11,"column":57}}]},"1":{"loc":{"start":{"line":12,"column":19},"end":{"line":12,"column":84}},"type":"binary-expr","locations":[{"start":{"line":12,"column":19},"end":{"line":12,"column":79}},{"start":{"line":12,"column":83},"end":{"line":12,"column":84}}]},"2":{"loc":{"start":{"line":12,"column":36},"end":{"line":12,"column":59}},"type":"binary-expr","locations":[{"start":{"line":12,"column":36},"end":{"line":12,"column":55}},{"start":{"line":12,"column":57},"end":{"line":12,"column":59}}]},"3":{"loc":{"start":{"line":16,"column":4},"end":{"line":18,"column":5}},"type":"if","locations":[{"start":{"line":16,"column":4},"end":{"line":18,"column":5}}]},"4":{"loc":{"start":{"line":28,"column":4},"end":{"line":28,"column":67}},"type":"if","locations":[{"start":{"line":28,"column":4},"end":{"line":28,"column":67}}]}},"s":{"0":0,"1":0,"2":0,"3":0,"4":0,"5":0,"6":0,"7":0,"8":0,"9":0,"10":0,"11":0,"12":0,"13":0,"14":0,"15":0,"16":0,"17":0,"18":0,"19":0,"20":0,"21":0,"22":0,"23":0,"24":0,"25":0,"26":0,"27":0},"f":{"0":0,"1":0,"2":0,"3":0,"4":0,"5":0,"6":0,"7":0},"b":{"0":[0,0],"1":[0,0],"2":[0,0],"3":[0],"4":[0]}}
,"/home/azureuser/hms-enterprise-grade/frontend/hms-frontend/src/pages/ERPPage.tsx": {"path":"/home/azureuser/hms-enterprise-grade/frontend/hms-frontend/src/pages/ERPPage.tsx","statementMap":{"0":{"start":{"line":1,"column":0},"end":{"line":1,"column":40}},"1":{"start":{"line":2,"column":0},"end":{"line":2,"column":78}},"2":{"start":{"line":3,"column":0},"end":{"line":3,"column":26}},"3":{"start":{"line":4,"column":0},"end":{"line":4,"column":null}},"4":{"start":{"line":9,"column":26},"end":{"line":105,"column":1}},"5":{"start":{"line":10,"column":22},"end":{"line":10,"column":38}},"6":{"start":{"line":11,"column":30},"end":{"line":14,"column":4}},"7":{"start":{"line":13,"column":25},"end":{"line":13,"column":77}},"8":{"start":{"line":16,"column":26},"end":{"line":16,"column":41}},"9":{"start":{"line":17,"column":34},"end":{"line":17,"column":76}},"10":{"start":{"line":18,"column":30},"end":{"line":18,"column":59}},"11":{"start":{"line":20,"column":19},"end":{"line":31,"column":4}},"12":{"start":{"line":22,"column":6},"end":{"line":24,"column":7}},"13":{"start":{"line":23,"column":8},"end":{"line":23,"column":87}},"14":{"start":{"line":25,"column":6},"end":{"line":25,"column":76}},"15":{"start":{"line":28,"column":6},"end":{"line":28,"column":73}},"16":{"start":{"line":29,"column":6},"end":{"line":29,"column":20}},"17":{"start":{"line":33,"column":21},"end":{"line":42,"column":3}},"18":{"start":{"line":34,"column":4},"end":{"line":40,"column":5}},"19":{"start":{"line":35,"column":6},"end":{"line":35,"column":79}},"20":{"start":{"line":36,"column":6},"end":{"line":36,"column":27}},"21":{"start":{"line":38,"column":6},"end":{"line":38,"column":52}},"22":{"start":{"line":39,"column":6},"end":{"line":39,"column":22}},"23":{"start":{"line":41,"column":4},"end":{"line":41,"column":18}},"24":{"start":{"line":44,"column":22},"end":{"line":48,"column":3}},"25":{"start":{"line":45,"column":4},"end":{"line":45,"column":19}},"26":{"start":{"line":46,"column":4},"end":{"line":46,"column":50}},"27":{"start":{"line":47,"column":4},"end":{"line":47,"column":20}},"28":{"start":{"line":50,"column":23},"end":{"line":52,"column":3}},"29":{"start":{"line":51,"column":4},"end":{"line":51,"column":66}},"30":{"start":{"line":54,"column":23},"end":{"line":56,"column":3}},"31":{"start":{"line":55,"column":4},"end":{"line":55,"column":30}},"32":{"start":{"line":58,"column":2},"end":{"line":58,"column":69}},"33":{"start":{"line":58,"column":17},"end":{"line":58,"column":69}},"34":{"start":{"line":60,"column":2},"end":{"line":104,"column":4}},"35":{"start":{"line":63,"column":65},"end":{"line":63,"column":77}},"36":{"start":{"line":76,"column":14},"end":{"line":76,"column":null}},"37":{"start":{"line":81,"column":54},"end":{"line":81,"column":69}},"38":{"start":{"line":107,"column":0},"end":{"line":107,"column":23}}},"fnMap":{"0":{"name":"(anonymous_1)","decl":{"start":{"line":9,"column":26},"end":{"line":9,"column":29}},"loc":{"start":{"line":9,"column":31},"end":{"line":105,"column":1}}},"1":{"name":"(anonymous_2)","decl":{"start":{"line":13,"column":13},"end":{"line":13,"column":18}},"loc":{"start":{"line":13,"column":25},"end":{"line":13,"column":77}}},"2":{"name":"(anonymous_3)","decl":{"start":{"line":21,"column":16},"end":{"line":21,"column":21}},"loc":{"start":{"line":21,"column":39},"end":{"line":26,"column":5}}},"3":{"name":"(anonymous_4)","decl":{"start":{"line":27,"column":15},"end":{"line":27,"column":18}},"loc":{"start":{"line":27,"column":20},"end":{"line":30,"column":5}}},"4":{"name":"(anonymous_5)","decl":{"start":{"line":33,"column":21},"end":{"line":33,"column":22}},"loc":{"start":{"line":33,"column":38},"end":{"line":42,"column":3}}},"5":{"name":"(anonymous_6)","decl":{"start":{"line":44,"column":22},"end":{"line":44,"column":25}},"loc":{"start":{"line":44,"column":27},"end":{"line":48,"column":3}}},"6":{"name":"(anonymous_7)","decl":{"start":{"line":50,"column":23},"end":{"line":50,"column":24}},"loc":{"start":{"line":50,"column":66},"end":{"line":52,"column":3}}},"7":{"name":"(anonymous_8)","decl":{"start":{"line":54,"column":23},"end":{"line":54,"column":26}},"loc":{"start":{"line":54,"column":28},"end":{"line":56,"column":3}}},"8":{"name":"(anonymous_9)","decl":{"start":{"line":63,"column":59},"end":{"line":63,"column":62}},"loc":{"start":{"line":63,"column":65},"end":{"line":63,"column":77}}},"9":{"name":"(anonymous_10)","decl":{"start":{"line":75,"column":22},"end":{"line":75,"column":23}},"loc":{"start":{"line":76,"column":14},"end":{"line":76,"column":null}}},"10":{"name":"(anonymous_11)","decl":{"start":{"line":81,"column":48},"end":{"line":81,"column":51}},"loc":{"start":{"line":81,"column":54},"end":{"line":81,"column":69}}}},"branchMap":{"0":{"loc":{"start":{"line":22,"column":6},"end":{"line":24,"column":7}},"type":"if","locations":[{"start":{"line":22,"column":6},"end":{"line":24,"column":7}}]},"1":{"loc":{"start":{"line":34,"column":4},"end":{"line":40,"column":5}},"type":"if","locations":[{"start":{"line":34,"column":4},"end":{"line":40,"column":5}},{"start":{"line":37,"column":11},"end":{"line":40,"column":5}}]},"2":{"loc":{"start":{"line":58,"column":2},"end":{"line":58,"column":69}},"type":"if","locations":[{"start":{"line":58,"column":2},"end":{"line":58,"column":69}}]},"3":{"loc":{"start":{"line":90,"column":22},"end":{"line":90,"column":61}},"type":"cond-expr","locations":[{"start":{"line":90,"column":31},"end":{"line":90,"column":45}},{"start":{"line":90,"column":48},"end":{"line":90,"column":61}}]},"4":{"loc":{"start":{"line":100,"column":62},"end":{"line":100,"column":90}},"type":"cond-expr","locations":[{"start":{"line":100,"column":71},"end":{"line":100,"column":79}},{"start":{"line":100,"column":82},"end":{"line":100,"column":90}}]}},"s":{"0":0,"1":0,"2":0,"3":0,"4":0,"5":0,"6":0,"7":0,"8":0,"9":0,"10":0,"11":0,"12":0,"13":0,"14":0,"15":0,"16":0,"17":0,"18":0,"19":0,"20":0,"21":0,"22":0,"23":0,"24":0,"25":0,"26":0,"27":0,"28":0,"29":0,"30":0,"31":0,"32":0,"33":0,"34":0,"35":0,"36":0,"37":0,"38":0},"f":{"0":0,"1":0,"2":0,"3":0,"4":0,"5":0,"6":0,"7":0,"8":0,"9":0,"10":0},"b":{"0":[0],"1":[0,0],"2":[0],"3":[0,0],"4":[0,0]}}
,"/home/azureuser/hms-enterprise-grade/frontend/hms-frontend/src/pages/FeedbackPage.tsx": {"path":"/home/azureuser/hms-enterprise-grade/frontend/hms-frontend/src/pages/FeedbackPage.tsx","statementMap":{"0":{"start":{"line":6,"column":0},"end":{"line":6,"column":24}},"1":{"start":{"line":1,"column":0},"end":{"line":1,"column":52}},"2":{"start":{"line":2,"column":0},"end":{"line":2,"column":80}},"3":{"start":{"line":3,"column":0},"end":{"line":3,"column":25}},"4":{"start":{"line":4,"column":0},"end":{"line":4,"column":99}},"5":{"start":{"line":7,"column":28},"end":{"line":7,"column":47}},"6":{"start":{"line":8,"column":26},"end":{"line":8,"column":98}},"7":{"start":{"line":10,"column":18},"end":{"line":13,"column":3}},"8":{"start":{"line":11,"column":14},"end":{"line":11,"column":47}},"9":{"start":{"line":12,"column":4},"end":{"line":12,"column":null}},"10":{"start":{"line":14,"column":2},"end":{"line":14,"column":null}},"11":{"start":{"line":14,"column":20},"end":{"line":14,"column":56}},"12":{"start":{"line":14,"column":42},"end":{"line":14,"column":54}},"13":{"start":{"line":16,"column":20},"end":{"line":20,"column":13}},"14":{"start":{"line":17,"column":43},"end":{"line":17,"column":85}},"15":{"start":{"line":18,"column":4},"end":{"line":18,"column":null}},"16":{"start":{"line":18,"column":28},"end":{"line":18,"column":93}},"17":{"start":{"line":19,"column":4},"end":{"line":19,"column":null}},"18":{"start":{"line":19,"column":41},"end":{"line":19,"column":72}},"19":{"start":{"line":22,"column":2},"end":{"line":55,"column":null}},"20":{"start":{"line":28,"column":81},"end":{"line":28,"column":130}},"21":{"start":{"line":29,"column":79},"end":{"line":29,"column":127}},"22":{"start":{"line":30,"column":77},"end":{"line":30,"column":121}},"23":{"start":{"line":31,"column":73},"end":{"line":31,"column":118}},"24":{"start":{"line":33,"column":25},"end":{"line":33,"column":223}},"25":{"start":{"line":34,"column":12},"end":{"line":34,"column":null}},"26":{"start":{"line":35,"column":12},"end":{"line":35,"column":null}},"27":{"start":{"line":36,"column":12},"end":{"line":36,"column":null}}},"fnMap":{"0":{"name":"FeedbackPage","decl":{"start":{"line":6,"column":24},"end":{"line":6,"column":36}},"loc":{"start":{"line":6,"column":36},"end":{"line":56,"column":1}}},"1":{"name":"(anonymous_2)","decl":{"start":{"line":10,"column":18},"end":{"line":10,"column":23}},"loc":{"start":{"line":10,"column":29},"end":{"line":13,"column":3}}},"2":{"name":"(anonymous_3)","decl":{"start":{"line":14,"column":12},"end":{"line":14,"column":15}},"loc":{"start":{"line":14,"column":17},"end":{"line":14,"column":57}}},"3":{"name":"(anonymous_4)","decl":{"start":{"line":14,"column":36},"end":{"line":14,"column":39}},"loc":{"start":{"line":14,"column":42},"end":{"line":14,"column":54}}},"4":{"name":"(anonymous_5)","decl":{"start":{"line":16,"column":28},"end":{"line":16,"column":31}},"loc":{"start":{"line":16,"column":33},"end":{"line":20,"column":3}}},"5":{"name":"(anonymous_6)","decl":{"start":{"line":18,"column":18},"end":{"line":18,"column":19}},"loc":{"start":{"line":18,"column":25},"end":{"line":18,"column":94}}},"6":{"name":"(anonymous_7)","decl":{"start":{"line":19,"column":35},"end":{"line":19,"column":36}},"loc":{"start":{"line":19,"column":41},"end":{"line":19,"column":72}}},"7":{"name":"(anonymous_8)","decl":{"start":{"line":28,"column":76},"end":{"line":28,"column":77}},"loc":{"start":{"line":28,"column":81},"end":{"line":28,"column":130}}},"8":{"name":"(anonymous_9)","decl":{"start":{"line":29,"column":74},"end":{"line":29,"column":75}},"loc":{"start":{"line":29,"column":79},"end":{"line":29,"column":127}}},"9":{"name":"(anonymous_10)","decl":{"start":{"line":30,"column":72},"end":{"line":30,"column":73}},"loc":{"start":{"line":30,"column":77},"end":{"line":30,"column":121}}},"10":{"name":"(anonymous_11)","decl":{"start":{"line":31,"column":68},"end":{"line":31,"column":69}},"loc":{"start":{"line":31,"column":73},"end":{"line":31,"column":118}}},"11":{"name":"(anonymous_12)","decl":{"start":{"line":32,"column":47},"end":{"line":32,"column":52}},"loc":{"start":{"line":32,"column":58},"end":{"line":37,"column":11}}},"12":{"name":"(anonymous_13)","decl":{"start":{"line":34,"column":161},"end":{"line":34,"column":164}},"loc":{"start":{"line":34,"column":166},"end":{"line":34,"column":169}}}},"branchMap":{"0":{"loc":{"start":{"line":18,"column":57},"end":{"line":18,"column":87}},"type":"binary-expr","locations":[{"start":{"line":18,"column":57},"end":{"line":18,"column":82}},{"start":{"line":18,"column":86},"end":{"line":18,"column":87}}]},"1":{"loc":{"start":{"line":33,"column":128},"end":{"line":33,"column":150}},"type":"binary-expr","locations":[{"start":{"line":33,"column":128},"end":{"line":33,"column":143}},{"start":{"line":33,"column":147},"end":{"line":33,"column":150}}]},"2":{"loc":{"start":{"line":33,"column":174},"end":{"line":33,"column":192}},"type":"binary-expr","locations":[{"start":{"line":33,"column":174},"end":{"line":33,"column":185}},{"start":{"line":33,"column":189},"end":{"line":33,"column":192}}]}},"s":{"0":0,"1":0,"2":0,"3":0,"4":0,"5":0,"6":0,"7":0,"8":0,"9":0,"10":0,"11":0,"12":0,"13":0,"14":0,"15":0,"16":0,"17":0,"18":0,"19":0,"20":0,"21":0,"22":0,"23":0,"24":0,"25":0,"26":0,"27":0},"f":{"0":0,"1":0,"2":0,"3":0,"4":0,"5":0,"6":0,"7":0,"8":0,"9":0,"10":0,"11":0,"12":0},"b":{"0":[0,0],"1":[0,0],"2":[0,0]}}
,"/home/azureuser/hms-enterprise-grade/frontend/hms-frontend/src/pages/LoginPage.tsx": {"path":"/home/azureuser/hms-enterprise-grade/frontend/hms-frontend/src/pages/LoginPage.tsx","statementMap":{"0":{"start":{"line":4,"column":0},"end":{"line":4,"column":24}},"1":{"start":{"line":1,"column":0},"end":{"line":1,"column":32}},"2":{"start":{"line":2,"column":0},"end":{"line":2,"column":25}},"3":{"start":{"line":5,"column":34},"end":{"line":5,"column":46}},"4":{"start":{"line":6,"column":34},"end":{"line":6,"column":46}},"5":{"start":{"line":7,"column":28},"end":{"line":7,"column":57}},"6":{"start":{"line":8,"column":32},"end":{"line":8,"column":47}},"7":{"start":{"line":10,"column":19},"end":{"line":25,"column":3}},"8":{"start":{"line":11,"column":4},"end":{"line":11,"column":null}},"9":{"start":{"line":12,"column":4},"end":{"line":12,"column":null}},"10":{"start":{"line":13,"column":4},"end":{"line":13,"column":null}},"11":{"start":{"line":14,"column":4},"end":{"line":24,"column":5}},"12":{"start":{"line":15,"column":18},"end":{"line":15,"column":78}},"13":{"start":{"line":16,"column":34},"end":{"line":16,"column":42}},"14":{"start":{"line":17,"column":6},"end":{"line":17,"column":null}},"15":{"start":{"line":18,"column":6},"end":{"line":18,"column":null}},"16":{"start":{"line":19,"column":6},"end":{"line":19,"column":null}},"17":{"start":{"line":21,"column":6},"end":{"line":21,"column":null}},"18":{"start":{"line":23,"column":6},"end":{"line":23,"column":null}},"19":{"start":{"line":27,"column":2},"end":{"line":64,"column":null}},"20":{"start":{"line":38,"column":29},"end":{"line":38,"column":56}},"21":{"start":{"line":49,"column":29},"end":{"line":49,"column":56}}},"fnMap":{"0":{"name":"LoginPage","decl":{"start":{"line":4,"column":24},"end":{"line":4,"column":33}},"loc":{"start":{"line":4,"column":33},"end":{"line":65,"column":1}}},"1":{"name":"(anonymous_2)","decl":{"start":{"line":10,"column":19},"end":{"line":10,"column":24}},"loc":{"start":{"line":10,"column":48},"end":{"line":25,"column":3}}},"2":{"name":"(anonymous_3)","decl":{"start":{"line":38,"column":24},"end":{"line":38,"column":25}},"loc":{"start":{"line":38,"column":29},"end":{"line":38,"column":56}}},"3":{"name":"(anonymous_4)","decl":{"start":{"line":49,"column":24},"end":{"line":49,"column":25}},"loc":{"start":{"line":49,"column":29},"end":{"line":49,"column":56}}}},"branchMap":{"0":{"loc":{"start":{"line":21,"column":15},"end":{"line":21,"column":60}},"type":"binary-expr","locations":[{"start":{"line":21,"column":15},"end":{"line":21,"column":42}},{"start":{"line":21,"column":46},"end":{"line":21,"column":60}}]},"1":{"loc":{"start":{"line":31,"column":9},"end":{"line":31,"column":89}},"type":"binary-expr","locations":[{"start":{"line":31,"column":9},"end":{"line":31,"column":14}},{"start":{"line":31,"column":18},"end":{"line":31,"column":89}}]},"2":{"loc":{"start":{"line":59,"column":13},"end":{"line":59,"column":48}},"type":"cond-expr","locations":[{"start":{"line":59,"column":23},"end":{"line":59,"column":38}},{"start":{"line":59,"column":41},"end":{"line":59,"column":48}}]}},"s":{"0":0,"1":0,"2":0,"3":0,"4":0,"5":0,"6":0,"7":0,"8":0,"9":0,"10":0,"11":0,"12":0,"13":0,"14":0,"15":0,"16":0,"17":0,"18":0,"19":0,"20":0,"21":0},"f":{"0":0,"1":0,"2":0,"3":0},"b":{"0":[0,0],"1":[0,0],"2":[0,0]}}
,"/home/azureuser/hms-enterprise-grade/frontend/hms-frontend/src/pages/NotificationsPage.tsx": {"path":"/home/azureuser/hms-enterprise-grade/frontend/hms-frontend/src/pages/NotificationsPage.tsx","statementMap":{"0":{"start":{"line":5,"column":0},"end":{"line":5,"column":24}},"1":{"start":{"line":1,"column":0},"end":{"line":1,"column":43}},"2":{"start":{"line":2,"column":0},"end":{"line":2,"column":80}},"3":{"start":{"line":3,"column":0},"end":{"line":3,"column":25}},"4":{"start":{"line":6,"column":26},"end":{"line":6,"column":97}},"5":{"start":{"line":7,"column":30},"end":{"line":7,"column":50}},"6":{"start":{"line":8,"column":32},"end":{"line":8,"column":51}},"7":{"start":{"line":9,"column":15},"end":{"line":16,"column":3}},"8":{"start":{"line":10,"column":14},"end":{"line":10,"column":63}},"9":{"start":{"line":11,"column":4},"end":{"line":11,"column":null}},"10":{"start":{"line":12,"column":4},"end":{"line":14,"column":14}},"11":{"start":{"line":13,"column":6},"end":{"line":13,"column":null}},"12":{"start":{"line":15,"column":4},"end":{"line":15,"column":null}},"13":{"start":{"line":17,"column":22},"end":{"line":20,"column":3}},"14":{"start":{"line":18,"column":14},"end":{"line":18,"column":59}},"15":{"start":{"line":19,"column":4},"end":{"line":19,"column":null}},"16":{"start":{"line":21,"column":2},"end":{"line":21,"column":null}},"17":{"start":{"line":21,"column":20},"end":{"line":21,"column":62}},"18":{"start":{"line":21,"column":46},"end":{"line":21,"column":60}},"19":{"start":{"line":22,"column":2},"end":{"line":46,"column":null}},"20":{"start":{"line":28,"column":75},"end":{"line":28,"column":120}},"21":{"start":{"line":29,"column":79},"end":{"line":29,"column":126}},"22":{"start":{"line":31,"column":73},"end":{"line":31,"column":118}},"23":{"start":{"line":32,"column":95},"end":{"line":32,"column":140}},"24":{"start":{"line":40,"column":10},"end":{"line":40,"column":26}}},"fnMap":{"0":{"name":"NotificationsPage","decl":{"start":{"line":5,"column":24},"end":{"line":5,"column":41}},"loc":{"start":{"line":5,"column":41},"end":{"line":47,"column":1}}},"1":{"name":"(anonymous_2)","decl":{"start":{"line":9,"column":15},"end":{"line":9,"column":20}},"loc":{"start":{"line":9,"column":26},"end":{"line":16,"column":3}}},"2":{"name":"(anonymous_3)","decl":{"start":{"line":17,"column":22},"end":{"line":17,"column":27}},"loc":{"start":{"line":17,"column":33},"end":{"line":20,"column":3}}},"3":{"name":"(anonymous_4)","decl":{"start":{"line":21,"column":12},"end":{"line":21,"column":15}},"loc":{"start":{"line":21,"column":17},"end":{"line":21,"column":63}}},"4":{"name":"(anonymous_5)","decl":{"start":{"line":21,"column":40},"end":{"line":21,"column":43}},"loc":{"start":{"line":21,"column":46},"end":{"line":2
[...]
":{"name":"(anonymous_8)","decl":{"start":{"line":34,"column":24},"end":{"line":34,"column":29}},"loc":{"start":{"line":34,"column":35},"end":{"line":39,"column":3}}},"8":{"name":"(anonymous_9)","decl":{"start":{"line":46,"column":68},"end":{"line":46,"column":69}},"loc":{"start":{"line":46,"column":73},"end":{"line":46,"column":101}}},"9":{"name":"(anonymous_10)","decl":{"start":{"line":47,"column":66},"end":{"line":47,"column":67}},"loc":{"start":{"line":47,"column":71},"end":{"line":47,"column":98}}},"10":{"name":"(anonymous_11)","decl":{"start":{"line":50,"column":54},"end":{"line":50,"column":55}},"loc":{"start":{"line":50,"column":59},"end":{"line":50,"column":79}}}},"branchMap":{"0":{"loc":{"start":{"line":22,"column":58},"end":{"line":22,"column":80}},"type":"cond-expr","locations":[{"start":{"line":22,"column":62},"end":{"line":22,"column":75}},{"start":{"line":22,"column":78},"end":{"line":22,"column":80}}]},"1":{"loc":{"start":{"line":23,"column":17},"end":{"line":23,"column":41}},"type":"binary-expr","locations":[{"start":{"line":23,"column":17},"end":{"line":23,"column":31}},{"start":{"line":23,"column":35},"end":{"line":23,"column":41}}]},"2":{"loc":{"start":{"line":35,"column":4},"end":{"line":35,"column":27}},"type":"if","locations":[{"start":{"line":35,"column":4},"end":{"line":35,"column":27}}]},"3":{"loc":{"start":{"line":48,"column":72},"end":{"line":48,"column":110}},"type":"binary-expr","locations":[{"start":{"line":48,"column":72},"end":{"line":48,"column":82}},{"start":{"line":48,"column":86},"end":{"line":48,"column":95}},{"start":{"line":48,"column":99},"end":{"line":48,"column":110}}]}},"s":{"0":0,"1":0,"2":0,"3":0,"4":0,"5":0,"6":0,"7":0,"8":0,"9":0,"10":0,"11":0,"12":0,"13":0,"14":0,"15":0,"16":0,"17":0,"18":0,"19":0,"20":0,"21":0,"22":0,"23":0,"24":0,"25":0,"26":0,"27":0,"28":0,"29":0,"30":0,"31":0,"32":0,"33":0,"34":0},"f":{"0":0,"1":0,"2":0,"3":0,"4":0,"5":0,"6":0,"7":0,"8":0,"9":0,"10":0},"b":{"0":[0,0],"1":[0,0],"2":[0],"3":[0,0,0]}}
,"/home/azureuser/hms-enterprise-grade/frontend/hms-frontend/src/pages/RadiologyPage.tsx": {"path":"/home/azureuser/hms-enterprise-grade/frontend/hms-frontend/src/pages/RadiologyPage.tsx","statementMap":{"0":{"start":{"line":5,"column":0},"end":{"line":5,"column":24}},"1":{"start":{"line":1,"column":0},"end":{"line":1,"column":43}},"2":{"start":{"line":2,"column":0},"end":{"line":2,"column":80}},"3":{"start":{"line":3,"column":0},"end":{"line":3,"column":25}},"4":{"start":{"line":6,"column":30},"end":{"line":6,"column":49}},"5":{"start":{"line":7,"column":26},"end":{"line":7,"column":91}},"6":{"start":{"line":8,"column":30},"end":{"line":8,"column":72}},"7":{"start":{"line":10,"column":18},"end":{"line":13,"column":3}},"8":{"start":{"line":11,"column":14},"end":{"line":11,"column":54}},"9":{"start":{"line":12,"column":4},"end":{"line":12,"column":null}},"10":{"start":{"line":15,"column":2},"end":{"line":17,"column":null}},"11":{"start":{"line":16,"column":4},"end":{"line":16,"column":null}},"12":{"start":{"line":16,"column":26},"end":{"line":16,"column":39}},"13":{"start":{"line":19,"column":2},"end":{"line":48,"column":null}},"14":{"start":{"line":25,"column":79},"end":{"line":25,"column":127}},"15":{"start":{"line":26,"column":74},"end":{"line":26,"column":122}},"16":{"start":{"line":27,"column":75},"end":{"line":27,"column":121}},"17":{"start":{"line":28,"column":77},"end":{"line":28,"column":181}},"18":{"start":{"line":28,"column":183},"end":{"line":28,"column":342}},"19":{"start":{"line":28,"column":343},"end":{"line":28,"column":359}},"20":{"start":{"line":34,"column":10},"end":{"line":34,"column":26}},"21":{"start":{"line":42,"column":77},"end":{"line":42,"column":127}},"22":{"start":{"line":43,"column":81},"end":{"line":43,"column":133}},"23":{"start":{"line":44,"column":60},"end":{"line":44,"column":185}},"24":{"start":{"line":44,"column":186},"end":{"line":44,"column":347}},"25":{"start":{"line":44,"column":348},"end":{"line":44,"column":392}}},"fnMap":{"0":{"name":"RadiologyPage","decl":{"start":{"line":5,"column":24},"end":{"line":5,"column":37}},"loc":{"start":{"line":5,"column":37},"end":{"line":49,"column":1}}},"1":{"name":"(anonymous_2)","decl":{"start":{"line":10,"column":18},"end":{"line":10,"column":23}},"loc":{"start":{"line":10,"column":29},"end":{"line":13,"column":3}}},"2":{"name":"(anonymous_3)","decl":{"start":{"line":15,"column":12},"end":{"line":15,"column":15}},"loc":{"start":{"line":15,"column":17},"end":{"line":17,"column":3}}},"3":{"name":"(anonymous_4)","decl":{"start":{"line":16,"column":20},"end":{"line":16,"column":23}},"loc":{"start":{"line":16,"column":26},"end":{"line":16,"column":39}}},"4":{"name":"(anonymous_5)","decl":{"start":{"line":25,"column":74},"end":{"line":25,"column":75}},"loc":{"start":{"line":25,"column":79},"end":{"line":25,"column":127}}},"5":{"name":"(anonymous_6)","decl":{"start":{"line":26,"column":69},"end":{"line":26,"column":70}},"loc":{"start":{"line":26,"column":74},"end":{"line":26,"column":122}}},"6":{"name":"(anonymous_7)","decl":{"start":{"line":27,"column":70},"end":{"line":27,"column":71}},"loc":{"start":{"line":27,"column":75},"end":{"line":27,"column":121}}},"7":{"name":"(anonymous_8)","decl":{"start":{"line":28,"column":47},"end":{"line":28,"column":52}},"loc":{"start":{"line":28,"column":58},"end":{"line":28,"column":360}}},"8":{"name":"(anonymous_9)","decl":{"start":{"line":28,"column":332},"end":{"line":28,"column":335}},"loc":{"start":{"line":28,"column":337},"end":{"line":28,"column":340}}},"9":{"name":"(anonymous_10)","decl":{"start":{"line":33,"column":20},"end":{"line":33,"column":21}},"loc":{"start":{"line":34,"column":10},"end":{"line":34,"column":26}}},"10":{"name":"(anonymous_11)","decl":{"start":{"line":42,"column":72},"end":{"line":42,"column":73}},"loc":{"start":{"line":42,"column":77},"end":{"line":42,"column":127}}},"11":{"name":"(anonymous_12)","decl":{"start":{"line":43,"column":76},"end":{"line":43,"column":77}},"loc":{"start":{"line":43,"column":81},"end":{"line":43,"column":133}}},"12":{"name":"(anonymous_13)","decl":{"start":{"line":44,"column":46},"end":{"line":44,"column":51}},"loc":{"start":{"line":44,"column":57},"end":{"line":44,"column":393}}},"13":{"name":"(anonymous_14)","decl":{"start":{"line":44,"column":337},"end":{"line":44,"column":340}},"loc":{"start":{"line":44,"column":342},"end":{"line":44,"column":345}}}},"branchMap":{"0":{"loc":{"start":{"line":28,"column":151},"end":{"line":28,"column":173}},"type":"binary-expr","locations":[{"start":{"line":28,"column":151},"end":{"line":28,"column":166}},{"start":{"line":28,"column":170},"end":{"line":28,"column":173}}]},"1":{"loc":{"start":{"line":44,"column":123},"end":{"line":44,"column":145}},"type":"binary-expr","locations":[{"start":{"line":44,"column":123},"end":{"line":44,"column":138}},{"start":{"line":44,"column":142},"end":{"line":44,"column":145}}]}},"s":{"0":0,"1":0,"2":0,"3":0,"4":0,"5":0,"6":0,"7":0,"8":0,"9":0,"10":0,"11":0,"12":0,"13":0,"14":0,"15":0,"16":0,"17":0,"18":0,"19":0,"20":0,"21":0,"22":0,"23":0,"24":0,"25":0},"f":{"0":0,"1":0,"2":0,"3":0,"4":0,"5":0,"6":0,"7":0,"8":0,"9":0,"10":0,"11":0,"12":0,"13":0},"b":{"0":[0,0],"1":[0,0]}}
,"/home/azureuser/hms-enterprise-grade/frontend/hms-frontend/src/pages/SuperAdminPage.tsx": {"path":"/home/azureuser/hms-enterprise-grade/frontend/hms-frontend/src/pages/SuperAdminPage.tsx","statementMap":{"0":{"start":{"line":1,"column":0},"end":{"line":1,"column":50}},"1":{"start":{"line":2,"column":0},"end":{"line":2,"column":114}},"2":{"start":{"line":3,"column":0},"end":{"line":3,"column":25}},"3":{"start":{"line":19,"column":33},"end":{"line":94,"column":1}},"4":{"start":{"line":20,"column":36},"end":{"line":20,"column":60}},"5":{"start":{"line":21,"column":28},"end":{"line":21,"column":48}},"6":{"start":{"line":22,"column":46},"end":{"line":22,"column":95}},"7":{"start":{"line":24,"column":2},"end":{"line":27,"column":null}},"8":{"start":{"line":25,"column":4},"end":{"line":25,"column":null}},"9":{"start":{"line":25,"column":43},"end":{"line":25,"column":63}},"10":{"start":{"line":26,"column":4},"end":{"line":26,"column":null}},"11":{"start":{"line":26,"column":39},"end":{"line":26,"column":55}},"12":{"start":{"line":29,"column":2},"end":{"line":39,"column":null}},"13":{"start":{"line":30,"column":4},"end":{"line":30,"column":38}},"14":{"start":{"line":30,"column":32},"end":{"line":30,"column":38}},"15":{"start":{"line":31,"column":4},"end":{"line":38,"column":null}},"16":{"start":{"line":32,"column":6},"end":{"line":37,"column":null}},"17":{"start":{"line":34,"column":23},"end":{"line":34,"column":65}},"18":{"start":{"line":35,"column":10},"end":{"line":35,"column":null}},"19":{"start":{"line":35,"column":37},"end":{"line":35,"column":69}},"20":{"start":{"line":37,"column":21},"end":{"line":37,"column":75}},"21":{"start":{"line":37,"column":48},"end":{"line":37,"column":73}},"22":{"start":{"line":41,"column":20},"end":{"line":46,"column":3}},"23":{"start":{"line":42,"column":20},"end":{"line":42,"column":46}},"24":{"start":{"line":43,"column":4},"end":{"line":43,"column":24}},"25":{"start":{"line":43,"column":18},"end":{"line":43,"column":24}},"26":{"start":{"line":44,"column":17},"end":{"line":44,"column":79}},"27":{"start":{"line":45,"column":4},"end":{"line":45,"column":null}},"28":{"start":{"line":45,"column":31},"end":{"line":45,"column":67}},"29":{"start":{"line":48,"column":21},"end":{"line":52,"column":3}},"30":{"start":{"line":49,"column":20},"end":{"line":49,"column":46}},"31":{"start":{"line":50,"column":4},"end":{"line":50,"column":24}},"32":{"start":{"line":50,"column":18},"end":{"line":50,"column":24}},"33":{"start":{"line":51,"column":4},"end":{"line":51,"column":null}},"34":{"start":{"line":54,"column":67},"end":{"line":60,"column":null}},"35":{"start":{"line":62,"column":2},"end":{"line":93,"column":null}},"36":{"start":{"line":67,"column":22},"end":{"line":67,"column":42}},"37":{"start":{"line":68,"column":10},"end":{"line":89,"column":null}},"38":{"start":{"line":73,"column":82},"end":{"line":73,"column":122}},"39":{"start":{"line":75,"column":20},"end":{"line":75,"column":41}},"40":{"start":{"line":82,"column":18},"end":{"line":82,"column":56}},"41":{"start":{"line":84,"column":47},"end":{"line":84,"column":91}},"42":{"start":{"line":96,"column":0},"end":{"line":96,"column":null}}},"fnMap":{"0":{"name":"(anonymous_1)","decl":{"start":{"line":19,"column":33},"end":{"line":19,"column":36}},"loc":{"start":{"line":19,"column":38},"end":{"line":94,"column":1}}},"1":{"name":"(anonymous_2)","decl":{"start":{"line":24,"column":12},"end":{"line":24,"column":15}},"loc":{"start":{"line":24,"column":17},"end":{"line":27,"column":3}}},"2":{"name":"(anonymous_3)","decl":{"start":{"line":25,"column":38},"end":{"line":25,"column":39}},"loc":{"start":{"line":25,"column":43},"end":{"line":25,"column":63}}},"3":{"name":"(anonymous_4)","decl":{"start":{"line":26,"column":34},"end":{"line":26,"column":35}},"loc":{"start":{"line":26,"column":39},"end":{"line":26,"column":55}}},"4":{"name":"(anonymous_5)","decl":{"start":{"line":29,"column":12},"end":{"line":29,"column":15}},"loc":{"start":{"line":29,"column":17},"end":{"line":39,"column":3}}},"5":{"name":"(anonymous_6)","decl":{"start":{"line":31,"column":22},"end":{"line":31,"column":23}},"loc":{"start":{"line":31,"column":26},"end":{"line":38,"column":5}}},"6":{"name":"(anonymous_7)","decl":{"start":{"line":33,"column":14},"end":{"line":33,"column":15}},"loc":{"start":{"line":33,"column":18},"end":{"line":36,"column":9}}},"7":{"name":"(anonymous_8)","decl":{"start":{"line":35,"column":28},"end":{"line":35,"column":32}},"loc":{"start":{"line":35,"column":37},"end":{"line":35,"column":69}}},"8":{"name":"(anonymous_9)","decl":{"start":{"line":37,"column":15},"end":{"line":37,"column":18}},"loc":{"start":{"line":37,"column":21},"end":{"line":37,"column":75}}},"9":{"name":"(anonymous_10)","decl":{"start":{"line":37,"column":39},"end":{"line":37,"column":43}},"loc":{"start":{"line":37,"column":48},"end":{"line":37,"column":73}}},"10":{"name":"(anonymous_11)","decl":{"start":{"line":41,"column":20},"end":{"line":41,"column":25}},"loc":{"start":{"line":41,"column":79},"end":{"line":46,"column":3}}},"11":{"name":"(anonymous_12)","decl":{"start":{"line":45,"column":22},"end":{"line":45,"column":26}},"loc":{"start":{"line":45,"column":31},"end":{"line":45,"column":67}}},"12":{"name":"(anonymous_13)","decl":{"start":{"line":48,"column":21},"end":{"line":48,"column":26}},"loc":{"start":{"line":48,"column":66},"end":{"line":52,"column":3}}},"13":{"name":"(anonymous_14)","decl":{"start":{"line":66,"column":23},"end":{"line":66,"column":24}},"loc":{"start":{"line":66,"column":27},"end":{"line":90,"column":9}}},"14":{"name":"(anonymous_15)","decl":{"start":{"line":73,"column":75},"end":{"line":73,"column":76}},"loc":{"start":{"line":73,"column":82},"end":{"line":73,"column":122}}},"15":{"name":"(anonymous_16)","decl":{"start":{"line":74,"column":29},"end":{"line":74,"column":30}},"loc":{"start":{"line":75,"column":20},"end":{"line":75,"column":41}}},"16":{"name":"(anonymous_17)","decl":{"start":{"line":81,"column":27},"end":{"line":81,"column":28}},"loc":{"start":{"line":82,"column":18},"end":{"line":82,"column":56}}},"17":{"name":"(anonymous_18)","decl":{"start":{"line":84,"column":30},"end":{"line":84,"column":31}},"loc":{"start":{"line":84,"column":47},"end":{"line":84,"column":91}}}},"branchMap":{"0":{"loc":{"start":{"line":30,"column":4},"end":{"line":30,"column":38}},"type":"if","locations":[{"start":{"line":30,"column":4},"end":{"line":30,"column":38}}]},"1":{"loc":{"start":{"line":34,"column":23},"end":{"line":34,"column":65}},"type":"cond-expr","locations":[{"start":{"line":34,"column":47},"end":{"line":34,"column":56}},{"start":{"line":34,"column":59},"end":{"line":34,"column":65}}]},"2":{"loc":{"start":{"line":35,"column":56},"end":{"line":35,"column":67}},"type":"binary-expr","locations":[{"start":{"line":35,"column":56},"end":{"line":35,"column":59}},{"start":{"line":35,"column":63},"end":{"line":35,"column":67}}]},"3":{"loc":{"start":{"line":43,"column":4},"end":{"line":43,"column":24}},"type":"if","locations":[{"start":{"line":43,"column":4},"end":{"line":43,"column":24}}]},"4":{"loc":{"start":{"line":50,"column":4},"end":{"line":50,"column":24}},"type":"if","locations":[{"start":{"line":50,"column":4},"end":{"line":50,"column":24}}]},"5":{"loc":{"start":{"line":73,"column":44},"end":{"line":73,"column":63}},"type":"binary-expr","locations":[{"start":{"line":73,"column":44},"end":{"line":73,"column":57}},{"start":{"line":73,"column":61},"end":{"line":73,"column":63}}]},"6":{"loc":{"start":{"line":83,"column":29},"end":{"line":83,"column":113}},"type":"cond-expr","locations":[{"start":{"line":83,"column":101},"end":{"line":83,"column":105}},{"start":{"line":83,"column":108},"end":{"line":83,"column":113}}]},"7":{"loc":{"start":{"line":83,"column":30},"end":{"line":83,"column":97}},"type":"binary-expr","locations":[{"start":{"line":83,"column":30},"end":{"line":83,"column":33}},{"start":{"line":83,"column":38},"end":{"line":83,"column":48}},{"start":{"line":83,"column":53},"end":{"line":83,"column":95}}]},"8":{"loc":{"start":{"line":83,"column":53},"end":{"line":83,"column":95}},"type":"cond-expr","locations":[{"start":{"line":83,"column":65},"end":{"line":83,"column":88}},{"start":{"line":83,"column":91},"end":{"line":83,"column":95}}]}},"s":{"0":0,"1":0,"2":0,"3":0,"4":0,"5":0,"6":0,"7":0,"8":0,"9":0,"10":0,"11":0,"12":0,"13":0,"14":0,"15":0,"16":0,"17":0,"18":0,"19":0,"20":0,"21":0,"22":0,"23":0,"24":0,"25":0,"26":0,"27":0,"28":0,"29":0,"30":0,"31":0,"32":0,"33":0,"34":0,"35":0,"36":0,"37":0,"38":0,"39":0,"40":0,"41":0,"42":0},"f":{"0":0,"1":0,"2":0,"3":0,"4":0,"5":0,"6":0,"7":0,"8":0,"9":0,"10":0,"11":0,"12":0,"13":0,"14":0,"15":0,"16":0,"17":0},"b":{"0":[0],"1":[0,0],"2":[0,0],"3":[0],"4":[0],"5":[0,0],"6":[0,0],"7":[0,0,0],"8":[0,0]}}
,"/home/azureuser/hms-enterprise-grade/frontend/hms-frontend/src/pages/TriagePage.tsx": {"path":"/home/azureuser/hms-enterprise-grade/frontend/hms-frontend/src/pages/TriagePage.tsx","statementMap":{"0":{"start":{"line":5,"column":0},"end":{"line":5,"column":24}},"1":{"start":{"line":1,"column":0},"end":{"line":1,"column":32}},"2":{"start":{"line":2,"column":0},"end":{"line":2,"column":80}},"3":{"start":{"line":3,"column":0},"end":{"line":3,"column":25}},"4":{"start":{"line":6,"column":26},"end":{"line":6,"column":112}},"5":{"start":{"line":7,"column":30},"end":{"line":7,"column":83}},"6":{"start":{"line":8,"column":2},"end":{"line":31,"column":null}},"7":{"start":{"line":13,"column":79},"end":{"line":13,"column":137}},"8":{"start":{"line":14,"column":85},"end":{"line":14,"column":150}},"9":{"start":{"line":15,"column":87},"end":{"line":15,"column":153}},"10":{"start":{"line":16,"column":81},"end":{"line":16,"column":140}},"11":{"start":{"line":17,"column":93},"end":{"line":17,"column":163}},"12":{"start":{"line":19,"column":22},"end":{"line":19,"column":65}},"13":{"start":{"line":20,"column":12},"end":{"line":20,"column":null}}},"fnMap":{"0":{"name":"TriagePage","decl":{"start":{"line":5,"column":24},"end":{"line":5,"column":34}},"loc":{"start":{"line":5,"column":34},"end":{"line":32,"column":1}}},"1":{"name":"(anonymous_2)","decl":{"start":{"line":13,"column":74},"end":{"line":13,"column":75}},"loc":{"start":{"line":13,"column":79},"end":{"line":13,"column":137}}},"2":{"name":"(anonymous_3)","decl":{"start":{"line":14,"column":80},"end":{"line":14,"column":81}},"loc":{"start":{"line":14,"column":85},"end":{"line":14,"column":150}}},"3":{"name":"(anonymous_4)","decl":{"start":{"line":15,"column":82},"end":{"line":15,"column":83}},"loc":{"start":{"line":15,"column":87},"end":{"line":15,"column":153}}},"4":{"name":"(anonymous_5)","decl":{"start":{"line":16,"column":76},"end":{"line":16,"column":77}},"loc":{"start":{"line":16,"column":81},"end":{"line":16,"column":140}}},"5":{"name":"(anonymous_6)","decl":{"start":{"line":17,"column":88},"end":{"line":17,"column":89}},"loc":{"start":{"line":17,"column":93},"end":{"line":17,"column":163}}},"6":{"name":"(anonymous_7)","decl":{"start":{"line":18,"column":47},"end":{"line":18,"column":52}},"loc":{"start":{"line":18,"column":58},"end":{"line":21,"column":11}}}},"branchMap":{"0":{"loc":{"start":{"line":13,"column":112},"end":{"line":13,"column":133}},"type":"binary-expr","locations":[{"start":{"line":13,"column":112},"end":{"line":13,"column":126}},{"start":{"line":13,"column":130},"end":{"line":13,"column":133}}]},"1":{"loc":{"start":{"line":14,"column":125},"end":{"line":14,"column":146}},"type":"binary-expr","locations":[{"start":{"line":14,"column":125},"end":{"line":14,"column":139}},{"start":{"line":14,"column":143},"end":{"line":14,"column":146}}]},"2":{"loc":{"start":{"line":15,"column":128},"end":{"line":15,"column":149}},"type":"binary-expr","locations":[{"start":{"line":15,"column":128},"end":{"line":15,"column":142}},{"start":{"line":15,"column":146},"end":{"line":15,"column":149}}]},"3":{"loc":{"start":{"line":16,"column":115},"end":{"line":16,"column":136}},"type":"binary-expr","locations":[{"start":{"line":16,"column":115},"end":{"line":16,"column":129}},{"start":{"line":16,"column":133},"end":{"line":16,"column":136}}]},"4":{"loc":{"start":{"line":17,"column":138},"end":{"line":17,"column":159}},"type":"binary-expr","locations":[{"start":{"line":17,"column":138},"end":{"line":17,"column":152}},{"start":{"line":17,"column":156},"end":{"line":17,"column":159}}]},"5":{"loc":{"start":{"line":23,"column":9},"end":{"line":27,"column":null}},"type":"binary-expr","locations":[{"start":{"line":23,"column":9},"end":{"line":23,"column":15}},{"start":{"line":24,"column":10},"end":{"line":26,"column":null}}]}},"s":{"0":0,"1":0,"2":0,"3":0,"4":0,"5":0,"6":0,"7":0,"8":0,"9":0,"10":0,"11":0,"12":0,"13":0},"f":{"0":0,"1":0,"2":0,"3":0,"4":0,"5":0,"6":0},"b":{"0":[0,0],"1":[0,0],"2":[0,0],"3":[0,0],"4":[0,0],"5":[0,0]}}
}
