TN:
SF:src/App.tsx
FN:9,(anonymous_10)
FN:9,(anonymous_11)
FN:10,(anonymous_12)
FN:10,(anonymous_13)
FN:11,(anonymous_14)
FN:11,(anonymous_15)
FN:12,(anonymous_16)
FN:12,(anonymous_17)
FN:13,(anonymous_18)
FN:13,(anonymous_19)
FN:14,(anonymous_20)
FN:14,(anonymous_21)
FN:15,(anonymous_22)
FN:15,(anonymous_23)
FN:16,(anonymous_24)
FN:16,(anonymous_25)
FN:17,(anonymous_26)
FN:17,(anonymous_27)
FN:18,(anonymous_28)
FN:18,(anonymous_29)
FN:19,(anonymous_30)
FN:19,(anonymous_31)
FN:20,(anonymous_32)
FN:20,(anonymous_33)
FN:21,(anonymous_34)
FN:21,(anonymous_35)
FN:22,(anonymous_36)
FN:22,(anonymous_37)
FN:23,(anonymous_38)
FN:23,(anonymous_39)
FN:27,PrivateRoute
FN:33,Shell
FN:150,App
FNF:33
FNH:0
FNDA:0,(anonymous_10)
FNDA:0,(anonymous_11)
FNDA:0,(anonymous_12)
FNDA:0,(anonymous_13)
FNDA:0,(anonymous_14)
FNDA:0,(anonymous_15)
FNDA:0,(anonymous_16)
FNDA:0,(anonymous_17)
FNDA:0,(anonymous_18)
FNDA:0,(anonymous_19)
FNDA:0,(anonymous_20)
FNDA:0,(anonymous_21)
FNDA:0,(anonymous_22)
FNDA:0,(anonymous_23)
FNDA:0,(anonymous_24)
FNDA:0,(anonymous_25)
FNDA:0,(anonymous_26)
FNDA:0,(anonymous_27)
FNDA:0,(anonymous_28)
FNDA:0,(anonymous_29)
FNDA:0,(anonymous_30)
FNDA:0,(anonymous_31)
FNDA:0,(anonymous_32)
FNDA:0,(anonymous_33)
FNDA:0,(anonymous_34)
FNDA:0,(anonymous_35)
FNDA:0,(anonymous_36)
FNDA:0,(anonymous_37)
FNDA:0,(anonymous_38)
FNDA:0,(anonymous_39)
FNDA:0,PrivateRoute
FNDA:0,Shell
FNDA:0,App
DA:1,0
DA:2,0
DA:3,0
DA:4,0
DA:5,0
DA:6,0
DA:7,0
DA:9,0
DA:10,0
DA:11,0
DA:12,0
DA:13,0
DA:14,0
DA:15,0
DA:16,0
DA:17,0
DA:18,0
DA:19,0
DA:20,0
DA:21,0
DA:22,0
DA:23,0
DA:25,0
DA:28,0
DA:29,0
DA:30,0
DA:34,0
DA:36,0
DA:37,0
DA:38,0
DA:151,0
DA:333,0
LF:32
LH:0
BRDA:29,0,0,0
BRDA:36,1,0,0
BRDA:36,1,1,0
BRDA:109,2,0,0
BRDA:109,2,1,0
BRDA:117,3,0,0
BRDA:117,3,1,0
BRDA:125,4,0,0
BRDA:125,4,1,0
BRF:9
BRH:0
end_of_record
TN:
SF:src/theme.ts
FN:5,getMonoTheme
FNF:1
FNH:0
FNDA:0,getMonoTheme
DA:1,0
DA:5,0
DA:6,0
DA:7,0
DA:101,0
LF:5
LH:0
BRDA:10,0,0,0
BRDA:10,0,1,0
BRDA:11,1,0,0
BRDA:11,1,1,0
BRDA:13,2,0,0
BRDA:13,2,1,0
BRDA:14,3,0,0
BRDA:14,3,1,0
BRDA:17,4,0,0
BRDA:17,4,1,0
BRDA:18,5,0,0
BRDA:18,5,1,0
BRDA:20,6,0,0
BRDA:20,6,1,0
BRDA:38,7,0,0
BRDA:38,7,1,0
BRDA:39,8,0,0
BRDA:39,8,1,0
BRDA:55,9,0,0
BRDA:55,9,1,0
BRDA:71,10,0,0
BRDA:71,10,1,0
BRDA:72,11,0,0
BRDA:72,11,1,0
BRDA:73,12,0,0
BRDA:73,12,1,0
BRDA:76,13,0,0
BRDA:76,13,1,0
BRDA:77,14,0,0
BRDA:77,14,1,0
BRDA:79,15,0,0
BRDA:79,15,1,0
BRDA:80,16,0,0
BRDA:80,16,1,0
BRF:34
BRH:0
end_of_record
TN:
SF:src/context/AuthContext.tsx
FN:5,AuthProvider
FN:14,(anonymous_2)
FN:22,(anonymous_3)
FN:23,(anonymous_4)
FN:24,(anonymous_5)
FN:27,(anonymous_6)
FNF:6
FNH:0
FNDA:0,AuthProvider
FNDA:0,(anonymous_2)
FNDA:0,(anonymous_3)
FNDA:0,(anonymous_4)
FNDA:0,(anonymous_5)
FNDA:0,(anonymous_6)
DA:1,0
DA:2,0
DA:3,0
DA:5,0
DA:6,0
DA:12,0
DA:14,0
DA:15,0
DA:16,0
DA:17,0
DA:18,0
DA:20,0
DA:22,0
DA:23,0
DA:24,0
DA:27,0
DA:28,0
DA:29,0
DA:30,0
DA:33,0
LF:20
LH:0
BRDA:16,0,0,0
BRF:1
BRH:0
end_of_record
TN:
SF:src/context/AuthContextValue.tsx
FN:19,(anonymous_0)
FNF:1
FNH:0
FNDA:0,(anonymous_0)
DA:1,0
DA:16,0
LF:2
LH:0
BRF:0
BRH:0
end_of_record
TN:
SF:src/hooks/useAuth.ts
FN:4,useAuth
FNF:1
FNH:0
FNDA:0,useAuth
DA:1,0
DA:2,0
DA:4,0
DA:5,0
LF:4
LH:0
BRF:0
BRH:0
end_of_record
TN:
SF:src/pages/AccountingPage.tsx
FN:32,(anonymous_1)
FN:36,(anonymous_2)
FN:47,(anonymous_3)
FN:54,(anonymous_4)
FN:60,(anonymous_5)
FN:71,(anonymous_6)
FN:77,(anonymous_7)
FN:81,(anonymous_8)
FN:95,(anonymous_9)
FN:110,(anonymous_10)
FN:115,(anonymous_11)
FNF:11
FNH:10
FNDA:13,(anonymous_1)
FNDA:5,(anonymous_2)
FNDA:1,(anonymous_3)
FNDA:1,(anonymous_4)
FNDA:2,(anonymous_5)
FNDA:1,(anonymous_6)
FNDA:2,(anonymous_7)
FNDA:1,(anonymous_8)
FNDA:2,(anonymous_9)
FNDA:2,(anonymous_10)
FNDA:0,(anonymous_11)
DA:1,1
DA:2,1
DA:3,1
DA:4,1
DA:32,1
DA:33,13
DA:34,13
DA:36,5
DA:39,13
DA:40,13
DA:44,13
DA:46,13
DA:48,1
DA:49,0
DA:52,1
DA:55,1
DA:56,1
DA:60,13
DA:61,2
DA:62,0
DA:63,0
DA:65,2
DA:66,2
DA:68,2
DA:71,13
DA:72,1
DA:73,1
DA:74,1
DA:77,13
DA:78,2
DA:81,13
DA:82,1
DA:85,13
DA:87,9
DA:95,2
DA:111,2
DA:115,0
DA:158,1
LF:38
LH:34
BRDA:48,0,0,0
BRDA:61,1,0,0
BRDA:61,1,1,2
BRDA:85,2,0,4
BRDA:126,3,0,0
BRDA:126,3,1,9
BRDA:150,4,0,0
BRDA:150,4,1,9
BRF:8
BRH:4
end_of_record
TN:
SF:src/pages/AnalyticsPage.tsx
FN:14,AnalyticsPage
FN:27,(anonymous_2)
FN:30,(anonymous_3)
FN:31,(anonymous_4)
FN:36,(anonymous_5)
FN:40,(anonymous_6)
FN:47,(anonymous_7)
FN:47,(anonymous_8)
FN:67,(anonymous_9)
FN:75,(anonymous_10)
FN:83,(anonymous_11)
FNF:11
FNH:11
FNDA:5,AnalyticsPage
FNDA:3,(anonymous_2)
FNDA:1,(anonymous_3)
FNDA:2,(anonymous_4)
FNDA:1,(anonymous_5)
FNDA:2,(anonymous_6)
FNDA:5,(anonymous_7)
FNDA:2,(anonymous_8)
FNDA:1,(anonymous_9)
FNDA:1,(anonymous_10)
FNDA:1,(anonymous_11)
DA:1,1
DA:2,1
DA:3,1
DA:4,1
DA:14,1
DA:15,5
DA:20,5
DA:23,5
DA:27,5
DA:28,3
DA:30,1
DA:31,2
DA:32,3
DA:37,1
DA:38,1
DA:41,2
DA:42,2
DA:46,5
DA:47,5
DA:51,5
DA:68,1
DA:76,1
DA:83,1
LF:23
LH:23
BRDA:37,0,0,1
BRDA:37,0,1,0
BRDA:38,1,0,1
BRDA:38,1,1,0
BRDA:57,2,0,5
BRDA:57,2,1,4
BRDA:59,3,0,5
BRDA:59,3,1,4
BRDA:62,4,0,5
BRDA:62,4,1,4
BRF:10
BRH:8
end_of_record
TN:
SF:src/pages/AppointmentsPage.tsx
FN:27,AppointmentsPage
FN:38,(anonymous_2)
FN:48,(anonymous_3)
FN:51,(anonymous_4)
FN:52,(anonymous_5)
FN:55,(anonymous_6)
FN:62,(anonymous_7)
FN:106,(anonymous_8)
FN:111,(anonymous_9)
FN:118,(anonymous_10)
FN:123,(anonymous_11)
FN:142,(anonymous_12)
FN:149,(anonymous_13)
FNF:13
FNH:0
FNDA:0,AppointmentsPage
FNDA:0,(anonymous_2)
FNDA:0,(anonymous_3)
FNDA:0,(anonymous_4)
FNDA:0,(anonymous_5)
FNDA:0,(anonymous_6)
FNDA:0,(anonymous_7)
FNDA:0,(anonymous_8)
FNDA:0,(anonymous_9)
FNDA:0,(anonymous_10)
FNDA:0,(anonymous_11)
FNDA:0,(anonymous_12)
FNDA:0,(anonymous_13)
DA:1,0
DA:2,0
DA:10,0
DA:11,0
DA:27,0
DA:28,0
DA:29,0
DA:30,0
DA:31,0
DA:32,0
DA:33,0
DA:34,0
DA:35,0
DA:37,0
DA:38,0
DA:48,0
DA:49,0
DA:51,0
DA:52,0
DA:55,0
DA:56,0
DA:59,0
DA:62,0
DA:63,0
DA:64,0
DA:65,0
DA:68,0
DA:75,0
DA:76,0
DA:79,0
DA:106,0
DA:111,0
DA:118,0
DA:123,0
DA:142,0
DA:149,0
LF:36
LH:0
BRDA:51,0,0,0
BRDA:51,0,1,0
BRDA:63,1,0,0
BRDA:76,2,0,0
BRDA:76,2,1,0
BRDA:128,3,0,0
BRDA:128,3,1,0
BRDA:128,3,2,0
BRDA:128,3,3,0
BRF:9
BRH:0
end_of_record
TN:
SF:src/pages/AuditPage.tsx
FN:23,AuditPage
FN:28,(anonymous_2)
FN:35,(anonymous_3)
FN:36,(anonymous_4)
FN:49,(anonymous_5)
FN:54,(anonymous_6)
FN:62,(anonymous_7)
FNF:7
FNH:0
FNDA:0,AuditPage
FNDA:0,(anonymous_2)
FNDA:0,(anonymous_3)
FNDA:0,(anonymous_4)
FNDA:0,(anonymous_5)
FNDA:0,(anonymous_6)
FNDA:0,(anonymous_7)
DA:1,0
DA:2,0
DA:10,0
DA:23,0
DA:24,0
DA:25,0
DA:26,0
DA:28,0
DA:29,0
DA:30,0
DA:31,0
DA:32,0
DA:33,0
DA:35,0
DA:36,0
DA:39,0
DA:49,0
DA:54,0
DA:63,0
LF:19
LH:0
BRDA:30,0,0,0
BRDA:31,1,0,0
BRDA:66,2,0,0
BRDA:66,2,1,0
BRF:4
BRH:0
end_of_record
TN:
SF:src/pages/BedManagementPage.tsx
FN:12,BedsPage
FN:20,(anonymous_2)
FN:26,(anonymous_3)
FN:27,(anonymous_4)
FN:44,(anonymous_5)
FN:64,(anonymous_6)
FN:71,(anonymous_7)
FN:77,(anonymous_8)
FN:90,(anonymous_9)
FNF:9
FNH:0
FNDA:0,BedsPage
FNDA:0,(anonymous_2)
FNDA:0,(anonymous_3)
FNDA:0,(anonymous_4)
FNDA:0,(anonymous_5)
FNDA:0,(anonymous_6)
FNDA:0,(anonymous_7)
FNDA:0,(anonymous_8)
FNDA:0,(anonymous_9)
DA:1,0
DA:2,0
DA:10,0
DA:12,0
DA:13,0
DA:14,0
DA:19,0
DA:20,0
DA:21,0
DA:24,0
DA:26,0
DA:27,0
DA:30,0
DA:44,0
DA:65,0
DA:72,0
DA:78,0
DA:82,0
DA:91,0
LF:19
LH:0
BRDA:51,0,0,0
BRDA:51,0,1,0
BRDA:52,1,0,0
BRDA:52,1,1,0
BRDA:53,2,0,0
BRDA:53,2,1,0
BRF:6
BRH:0
end_of_record
TN:
SF:src/pages/ConsentPage.tsx
FN:13,ConsentPage
FN:25,(anonymous_2)
FN:30,(anonymous_3)
FN:31,(anonymous_4)
FN:34,(anonymous_5)
FN:50,(anonymous_6)
FN:53,(anonymous_7)
FN:74,(anonymous_8)
FN:81,(anonymous_9)
FN:88,(anonymous_10)
FN:94,(anonymous_11)
FNF:11
FNH:0
FNDA:0,ConsentPage
FNDA:0,(anonymous_2)
FNDA:0,(anonymous_3)
FNDA:0,(anonymous_4)
FNDA:0,(anonymous_5)
FNDA:0,(anonymous_6)
FNDA:0,(anonymous_7)
FNDA:0,(anonymous_8)
FNDA:0,(anonymous_9)
FNDA:0,(anonymous_10)
FNDA:0,(anonymous_11)
DA:1,0
DA:2,0
DA:11,0
DA:13,0
DA:14,0
DA:17,0
DA:18,0
DA:23,0
DA:25,0
DA:26,0
DA:27,0
DA:28,0
DA:30,0
DA:31,0
DA:34,0
DA:36,0
DA:50,0
DA:54,0
DA:75,0
DA:82,0
DA:89,0
DA:95,0
DA:101,0
DA:102,0
DA:103,0
LF:25
LH:0
BRDA:28,0,0,0
BRDA:28,1,0,0
BRDA:28,1,1,0
BRDA:61,2,0,0
BRDA:61,2,1,0
BRDA:97,3,0,0
BRDA:97,3,1,0
BRDA:113,4,0,0
BRDA:113,4,1,0
BRDA:113,4,2,0
BRDA:118,5,0,0
BRDA:118,5,1,0
BRF:12
BRH:0
end_of_record
TN:
SF:src/pages/DashboardPage.tsx
FN:13,authAxios
FN:15,(anonymous_10)
FN:25,DashboardPage
FN:60,(anonymous_12)
FN:64,(anonymous_13)
FN:65,(anonymous_14)
FN:68,(anonymous_15)
FN:69,(anonymous_16)
FN:164,(anonymous_17)
FN:186,(anonymous_18)
FN:192,(anonymous_19)
FN:204,(anonymous_20)
FN:222,(anonymous_21)
FN:237,(anonymous_22)
FNF:14
FNH:5
FNDA:1,authAxios
FNDA:0,(anonymous_10)
FNDA:2,DashboardPage
FNDA:1,(anonymous_12)
FNDA:1,(anonymous_13)
FNDA:0,(anonymous_14)
FNDA:1,(anonymous_15)
FNDA:0,(anonymous_16)
FNDA:0,(anonymous_17)
FNDA:0,(anonymous_18)
FNDA:0,(anonymous_19)
FNDA:0,(anonymous_20)
FNDA:0,(anonymous_21)
FNDA:0,(anonymous_22)
DA:1,1
DA:2,1
DA:3,1
DA:14,1
DA:15,1
DA:16,0
DA:17,0
DA:18,0
DA:19,0
DA:20,0
DA:22,1
DA:25,1
DA:26,2
DA:31,2
DA:34,2
DA:42,2
DA:50,2
DA:60,2
DA:61,1
DA:62,1
DA:64,1
DA:65,0
DA:66,1
DA:68,1
DA:69,0
DA:72,2
DA:165,0
DA:186,0
DA:193,0
DA:205,0
DA:223,0
DA:238,0
DA:242,0
DA:243,0
DA:244,0
LF:35
LH:19
BRDA:18,0,0,0
BRDA:95,1,0,2
BRDA:95,1,1,1
BRDA:97,2,0,2
BRDA:97,2,1,1
BRDA:112,3,0,2
BRDA:112,3,1,1
BRDA:114,4,0,2
BRDA:114,4,1,1
BRDA:126,5,0,2
BRDA:126,5,1,1
BRDA:128,6,0,2
BRDA:128,6,1,1
BRDA:208,7,0,0
BRDA:208,7,1,0
BRDA:226,8,0,0
BRDA:226,8,1,0
BRDA:260,9,0,2
BRDA:260,9,1,0
BRF:19
BRH:13
end_of_record
TN:
SF:src/pages/DoctorPortal.tsx
FN:4,(anonymous_0)
FNF:1
FNH:1
FNDA:1,(anonymous_0)
DA:2,1
DA:4,1
DA:5,1
DA:115,1
LF:4
LH:4
BRF:0
BRH:0
end_of_record
TN:
SF:src/pages/ERAlertsPage.tsx
FN:20,(anonymous_0)
FN:29,(anonymous_1)
FN:38,(anonymous_2)
FN:42,(anonymous_3)
FN:74,(anonymous_4)
FN:80,(anonymous_5)
FN:86,(anonymous_6)
FN:97,(anonymous_7)
FNF:8
FNH:0
FNDA:0,(anonymous_0)
FNDA:0,(anonymous_1)
FNDA:0,(anonymous_2)
FNDA:0,(anonymous_3)
FNDA:0,(anonymous_4)
FNDA:0,(anonymous_5)
FNDA:0,(anonymous_6)
FNDA:0,(anonymous_7)
DA:1,0
DA:2,0
DA:20,0
DA:21,0
DA:22,0
DA:23,0
DA:24,0
DA:25,0
DA:27,0
DA:29,0
DA:30,0
DA:33,0
DA:34,0
DA:38,0
DA:39,0
DA:42,0
DA:43,0
DA:49,0
DA:57,0
DA:58,0
DA:59,0
DA:60,0
DA:64,0
DA:74,0
DA:80,0
DA:86,0
DA:98,0
DA:113,0
LF:28
LH:0
BRDA:25,0,0,0
BRDA:25,0,1,0
BRDA:27,1,0,0
BRDA:27,1,1,0
BRDA:27,2,0,0
BRDA:27,2,1,0
BRDA:33,3,0,0
BRDA:57,4,0,0
BRF:8
BRH:0
end_of_record
TN:
SF:src/pages/ERPPage.tsx
FN:34,(anonymous_1)
FN:38,(anonymous_2)
FN:50,(anonymous_3)
FN:58,(anonymous_4)
FN:64,(anonymous_5)
FN:75,(anonymous_6)
FN:81,(anonymous_7)
FN:85,(anonymous_8)
FN:99,(anonymous_9)
FN:115,(anonymous_10)
FN:121,(anonymous_11)
FNF:11
FNH:0
FNDA:0,(anonymous_1)
FNDA:0,(anonymous_2)
FNDA:0,(anonymous_3)
FNDA:0,(anonymous_4)
FNDA:0,(anonymous_5)
FNDA:0,(anonymous_6)
FNDA:0,(anonymous_7)
FNDA:0,(anonymous_8)
FNDA:0,(anonymous_9)
FNDA:0,(anonymous_10)
FNDA:0,(anonymous_11)
DA:1,0
DA:2,0
DA:3,0
DA:4,0
DA:34,0
DA:35,0
DA:36,0
DA:38,0
DA:41,0
DA:42,0
DA:47,0
DA:49,0
DA:51,0
DA:52,0
DA:56,0
DA:59,0
DA:60,0
DA:64,0
DA:65,0
DA:66,0
DA:67,0
DA:69,0
DA:70,0
DA:72,0
DA:75,0
DA:76,0
DA:77,0
DA:78,0
DA:81,0
DA:82,0
DA:85,0
DA:86,0
DA:89,0
DA:91,0
DA:99,0
DA:116,0
DA:121,0
DA:169,0
LF:38
LH:0
BRDA:51,0,0,0
BRDA:65,1,0,0
BRDA:65,1,1,0
BRDA:89,2,0,0
BRDA:132,3,0,0
BRDA:132,3,1,0
BRDA:161,4,0,0
BRDA:161,4,1,0
BRF:8
BRH:0
end_of_record
TN:
SF:src/pages/FeedbackPage.tsx
FN:29,FeedbackPage
FN:38,(anonymous_2)
FN:42,(anonymous_3)
FN:43,(anonymous_4)
FN:46,(anonymous_5)
FN:54,(anonymous_6)
FN:57,(anonymous_7)
FN:73,(anonymous_8)
FN:78,(anonymous_9)
FN:83,(anonymous_10)
FN:88,(anonymous_11)
FN:92,(anonymous_12)
FN:106,(anonymous_13)
FNF:13
FNH:0
FNDA:0,FeedbackPage
FNDA:0,(anonymous_2)
FNDA:0,(anonymous_3)
FNDA:0,(anonymous_4)
FNDA:0,(anonymous_5)
FNDA:0,(anonymous_6)
FNDA:0,(anonymous_7)
FNDA:0,(anonymous_8)
FNDA:0,(anonymous_9)
FNDA:0,(anonymous_10)
FNDA:0,(anonymous_11)
FNDA:0,(anonymous_12)
FNDA:0,(anonymous_13)
DA:1,0
DA:2,0
DA:10,0
DA:11,0
DA:29,0
DA:30,0
DA:31,0
DA:38,0
DA:39,0
DA:40,0
DA:42,0
DA:43,0
DA:46,0
DA:47,0
DA:54,0
DA:55,0
DA:57,0
DA:60,0
DA:73,0
DA:78,0
DA:83,0
DA:88,0
DA:93,0
DA:99,0
DA:107,0
DA:108,0
LF:26
LH:0
BRDA:55,0,0,0
BRDA:55,0,1,0
BRDA:95,1,0,0
BRDA:95,1,1,0
BRDA:96,2,0,0
BRDA:96,2,1,0
BRF:6
BRH:0
end_of_record
TN:
SF:src/pages/LoginPage.tsx
FN:4,LoginPage
FN:10,(anonymous_2)
FN:49,(anonymous_3)
FN:66,(anonymous_4)
FNF:4
FNH:4
FNDA:93,LoginPage
FNDA:4,(anonymous_2)
FNDA:40,(anonymous_3)
FNDA:40,(anonymous_4)
DA:1,1
DA:2,1
DA:4,1
DA:5,93
DA:6,93
DA:7,93
DA:8,93
DA:10,93
DA:11,4
DA:12,4
DA:13,4
DA:14,4
DA:15,4
DA:16,1
DA:17,1
DA:18,1
DA:19,1
DA:21,2
DA:22,2
DA:24,3
DA:28,93
DA:49,40
DA:66,40
LF:23
LH:23
BRDA:22,0,0,2
BRDA:22,0,1,1
BRDA:32,1,0,93
BRDA:32,1,1,2
BRDA:76,2,0,4
BRDA:76,2,1,89
BRF:6
BRH:6
end_of_record
TN:
SF:src/pages/NotificationsPage.tsx
FN:20,NotificationsPage
FN:29,(anonymous_2)
FN:45,(anonymous_3)
FN:49,(anonymous_4)
FN:50,(anonymous_5)
FN:63,(anonymous_6)
FN:68,(anonymous_7)
FN:74,(anonymous_8)
FN:81,(anonymous_9)
FN:93,(anonymous_10)
FNF:10
FNH:0
FNDA:0,NotificationsPage
FNDA:0,(anonymous_2)
FNDA:0,(anonymous_3)
FNDA:0,(anonymous_4)
FNDA:0,(anonymous_5)
FNDA:0,(anonymous_6)
FNDA:0,(anonymous_7)
FNDA:0,(anonymous_8)
FNDA:0,(anonymous_9)
FNDA:0,(anonymous_10)
DA:1,0
DA:2,0
DA:10,0
DA:20,0
DA:21,0
DA:27,0
DA:28,0
DA:29,0
DA:30,0
DA:31,0
DA:32,0
DA:33,0
DA:43,0
DA:45,0
DA:46,0
DA:47,0
DA:49,0
DA:50,0
DA:52,0
DA:63,0
DA:68,0
DA:74,0
DA:81,0
DA:94,0
LF:24
LH:0
BRDA:31,0,0,0
BRDA:31,0,1,0
BRDA:86,1,0,0
BRDA:86,1,1,0
BRF:4
BRH:0
end_of_record
TN:
SF:src/pages/OTSchedulingPage.tsx
FN:21,(anonymous_0)
FN:32,(anonymous_1)
FN:38,(anonymous_2)
FN:42,(anonymous_3)
FN:76,(anonymous_4)
FN:83,(anonymous_5)
FN:90,(anonymous_6)
FN:96,(anonymous_7)
FN:102,(anonymous_8)
FN:112,(anonymous_9)
FNF:10
FNH:0
FNDA:0,(anonymous_0)
FNDA:0,(anonymous_1)
FNDA:0,(anonymous_2)
FNDA:0,(anonymous_3)
FNDA:0,(anonymous_4)
FNDA:0,(anonymous_5)
FNDA:0,(anonymous_6)
FNDA:0,(anonymous_7)
FNDA:0,(anonymous_8)
FNDA:0,(anonymous_9)
DA:1,0
DA:2,0
DA:21,0
DA:22,0
DA:23,0
DA:24,0
DA:25,0
DA:26,0
DA:27,0
DA:28,0
DA:30,0
DA:32,0
DA:33,0
DA:36,0
DA:38,0
DA:39,0
DA:42,0
DA:43,0
DA:51,0
DA:59,0
DA:60,0
DA:61,0
DA:62,0
DA:66,0
DA:76,0
DA:83,0
DA:90,0
DA:96,0
DA:102,0
DA:113,0
DA:128,0
LF:31
LH:0
BRDA:28,0,0,0
BRDA:28,0,1,0
BRDA:30,1,0,0
BRDA:30,1,1,0
BRDA:30,2,0,0
BRDA:30,2,1,0
BRDA:36,3,0,0
BRDA:59,4,0,0
BRF:8
BRH:0
end_of_record
TN:
SF:src/pages/PatientPortal.tsx
FN:4,(anonymous_0)
FNF:1
FNH:1
FNDA:1,(anonymous_0)
DA:2,1
DA:4,1
DA:5,1
DA:117,1
LF:4
LH:4
BRF:0
BRH:0
end_of_record
TN:
SF:src/pages/PatientsPage.tsx
FN:21,PatientsPage
FN:29,(anonymous_2)
FN:39,(anonymous_3)
FN:47,(anonymous_4)
FN:51,(anonymous_5)
FN:52,(anonymous_6)
FN:53,(anonymous_7)
FN:56,(anonymous_8)
FN:82,(anonymous_9)
FN:87,(anonymous_10)
FN:100,(anonymous_11)
FNF:11
FNH:0
FNDA:0,PatientsPage
FNDA:0,(anonymous_2)
FNDA:0,(anonymous_3)
FNDA:0,(anonymous_4)
FNDA:0,(anonymous_5)
FNDA:0,(anonymous_6)
FNDA:0,(anonymous_7)
FNDA:0,(anonymous_8)
FNDA:0,(anonymous_9)
FNDA:0,(anonymous_10)
FNDA:0,(anonymous_11)
DA:1,0
DA:2,0
DA:10,0
DA:11,0
DA:21,0
DA:22,0
DA:23,0
DA:24,0
DA:25,0
DA:26,0
DA:28,0
DA:29,0
DA:39,0
DA:40,0
DA:43,0
DA:44,0
DA:47,0
DA:48,0
DA:49,0
DA:51,0
DA:52,0
DA:53,0
DA:56,0
DA:57,0
DA:58,0
DA:63,0
DA:64,0
DA:65,0
DA:68,0
DA:82,0
DA:87,0
DA:100,0
LF:32
LH:0
BRDA:41,0,0,0
BRDA:41,0,1,0
BRDA:43,1,0,0
BRDA:43,1,1,0
BRDA:57,2,0,0
BRDA:92,3,0,0
BRDA:92,3,1,0
BRDA:92,3,2,0
BRF:8
BRH:0
end_of_record
TN:
SF:src/pages/RadiologyPage.tsx
FN:19,RadiologyPage
FN:28,(anonymous_2)
FN:33,(anonymous_3)
FN:34,(anonymous_4)
FN:50,(anonymous_5)
FN:55,(anonymous_6)
FN:60,(anonymous_7)
FN:64,(anonymous_8)
FN:76,(anonymous_9)
FN:88,(anonymous_10)
FN:104,(anonymous_11)
FN:109,(anonymous_12)
FN:115,(anonymous_13)
FN:127,(anonymous_14)
FNF:14
FNH:0
FNDA:0,RadiologyPage
FNDA:0,(anonymous_2)
FNDA:0,(anonymous_3)
FNDA:0,(anonymous_4)
FNDA:0,(anonymous_5)
FNDA:0,(anonymous_6)
FNDA:0,(anonymous_7)
FNDA:0,(anonymous_8)
FNDA:0,(anonymous_9)
FNDA:0,(anonymous_10)
FNDA:0,(anonymous_11)
FNDA:0,(anonymous_12)
FNDA:0,(anonymous_13)
FNDA:0,(anonymous_14)
DA:1,0
DA:2,0
DA:10,0
DA:19,0
DA:20,0
DA:21,0
DA:26,0
DA:28,0
DA:29,0
DA:30,0
DA:33,0
DA:34,0
DA:37,0
DA:50,0
DA:55,0
DA:60,0
DA:65,0
DA:69,0
DA:77,0
DA:89,0
DA:104,0
DA:110,0
DA:116,0
DA:120,0
DA:128,0
LF:25
LH:0
BRDA:67,0,0,0
BRDA:67,0,1,0
BRDA:117,1,0,0
BRDA:117,1,1,0
BRF:4
BRH:0
end_of_record
TN:
SF:src/pages/SuperAdminPage.tsx
FN:40,(anonymous_1)
FN:47,(anonymous_2)
FN:48,(anonymous_3)
FN:49,(anonymous_4)
FN:52,(anonymous_5)
FN:54,(anonymous_6)
FN:57,(anonymous_7)
FN:61,(anonymous_8)
FN:63,(anonymous_9)
FN:63,(anonymous_10)
FN:67,(anonymous_11)
FN:74,(anonymous_12)
FN:77,(anonymous_13)
FN:105,(anonymous_14)
FN:122,(anonymous_15)
FN:125,(anonymous_16)
FN:134,(anonymous_17)
FN:145,(anonymous_18)
FNF:18
FNH:0
FNDA:0,(anonymous_1)
FNDA:0,(anonymous_2)
FNDA:0,(anonymous_3)
FNDA:0,(anonymous_4)
FNDA:0,(anonymous_5)
FNDA:0,(anonymous_6)
FNDA:0,(anonymous_7)
FNDA:0,(anonymous_8)
FNDA:0,(anonymous_9)
FNDA:0,(anonymous_10)
FNDA:0,(anonymous_11)
FNDA:0,(anonymous_12)
FNDA:0,(anonymous_13)
FNDA:0,(anonymous_14)
FNDA:0,(anonymous_15)
FNDA:0,(anonymous_16)
FNDA:0,(anonymous_17)
FNDA:0,(anonymous_18)
DA:1,0
DA:2,0
DA:13,0
DA:40,0
DA:41,0
DA:42,0
DA:43,0
DA:47,0
DA:48,0
DA:49,0
DA:52,0
DA:53,0
DA:54,0
DA:55,0
DA:58,0
DA:61,0
DA:63,0
DA:67,0
DA:71,0
DA:72,0
DA:73,0
DA:74,0
DA:77,0
DA:78,0
DA:79,0
DA:80,0
DA:91,0
DA:99,0
DA:106,0
DA:107,0
DA:122,0
DA:126,0
DA:135,0
DA:146,0
DA:162,0
LF:35
LH:0
BRDA:53,0,0,0
BRDA:58,1,0,0
BRDA:58,1,1,0
BRDA:61,2,0,0
BRDA:61,2,1,0
BRDA:72,3,0,0
BRDA:79,4,0,0
BRDA:121,5,0,0
BRDA:121,5,1,0
BRDA:140,6,0,0
BRDA:140,6,1,0
BRDA:140,7,0,0
BRDA:140,7,1,0
BRDA:140,7,2,0
BRDA:141,8,0,0
BRDA:141,8,1,0
BRF:16
BRH:0
end_of_record
TN:
SF:src/pages/TriagePage.tsx
FN:12,TriagePage
FN:35,(anonymous_2)
FN:43,(anonymous_3)
FN:51,(anonymous_4)
FN:59,(anonymous_5)
FN:67,(anonymous_6)
FN:76,(anonymous_7)
FNF:7
FNH:0
FNDA:0,TriagePage
FNDA:0,(anonymous_2)
FNDA:0,(anonymous_3)
FNDA:0,(anonymous_4)
FNDA:0,(anonymous_5)
FNDA:0,(anonymous_6)
FNDA:0,(anonymous_7)
DA:1,0
DA:2,0
DA:10,0
DA:12,0
DA:13,0
DA:20,0
DA:24,0
DA:36,0
DA:44,0
DA:52,0
DA:60,0
DA:68,0
DA:77,0
DA:78,0
LF:14
LH:0
BRDA:36,0,0,0
BRDA:36,0,1,0
BRDA:44,1,0,0
BRDA:44,1,1,0
BRDA:52,2,0,0
BRDA:52,2,1,0
BRDA:60,3,0,0
BRDA:60,3,1,0
BRDA:70,4,0,0
BRDA:70,4,1,0
BRDA:84,5,0,0
BRDA:84,5,1,0
BRF:12
BRH:0
end_of_record
